<?xml version="1.0" encoding="UTF-8"?>
<testsuite name="com.sorin.glossary.domain.term.domain.TermRepositoryTest" tests="6" skipped="0" failures="0" errors="0" timestamp="2025-12-23T06:11:43" hostname="22dcfa1fc8cd" time="7.122">
  <properties/>
  <testcase name="유의어 저장 및 조회" classname="com.sorin.glossary.domain.term.domain.TermRepositoryTest" time="0.665"/>
  <testcase name="키워드 검색 (한글/영문) 및 Soft Delete 확인" classname="com.sorin.glossary.domain.term.domain.TermRepositoryTest" time="6.148"/>
  <testcase name="공정 ID 필터 검색" classname="com.sorin.glossary.domain.term.domain.TermRepositoryTest" time="0.154"/>
  <testcase name="삭제된 데이터는 조회되지 않아야 한다" classname="com.sorin.glossary.domain.term.domain.TermRepositoryTest" time="0.051"/>
  <testcase name="초성 검색 (영문)" classname="com.sorin.glossary.domain.term.domain.TermRepositoryTest" time="0.061"/>
  <testcase name="초성 검색 (한글)" classname="com.sorin.glossary.domain.term.domain.TermRepositoryTest" time="0.032"/>
  <system-out><![CDATA[2025-12-23T06:11:37.310Z  INFO 157 --- [    Test worker] t.c.s.AnnotationConfigContextLoaderUtils : Could not detect default configuration classes for test class [com.sorin.glossary.domain.term.domain.TermRepositoryTest]: TermRepositoryTest does not declare any static, non-private, non-final, nested classes annotated with @Configuration.
2025-12-23T06:11:38.033Z  INFO 157 --- [    Test worker] .b.t.c.SpringBootTestContextBootstrapper : Found @SpringBootConfiguration com.sorin.glossary.GlossaryApplication for test class com.sorin.glossary.domain.term.domain.TermRepositoryTest

  .   ____          _            __ _ _
 /\\ / ___'_ __ _ _(_)_ __  __ _ \ \ \ \
( ( )\___ | '_ | '_| | '_ \/ _` | \ \ \ \
 \\/  ___)| |_)| | | | | || (_| |  ) ) ) )
  '  |____| .__|_| |_|_| |_\__, | / / / /
 =========|_|==============|___/=/_/_/_/
 :: Spring Boot ::                (v3.2.1)

2025-12-23T06:11:38.478Z  INFO 157 --- [    Test worker] c.s.g.d.term.domain.TermRepositoryTest   : Starting TermRepositoryTest using Java 17.0.10 with PID 157 (started by root in /home/gradle/project)
2025-12-23T06:11:38.479Z  INFO 157 --- [    Test worker] c.s.g.d.term.domain.TermRepositoryTest   : No active profile set, falling back to 1 default profile: "default"
2025-12-23T06:11:40.144Z  INFO 157 --- [    Test worker] .s.d.r.c.RepositoryConfigurationDelegate : Bootstrapping Spring Data JPA repositories in DEFAULT mode.
2025-12-23T06:11:41.007Z  INFO 157 --- [    Test worker] .s.d.r.c.RepositoryConfigurationDelegate : Finished Spring Data repository scanning in 862 ms. Found 2 JPA repository interfaces.
2025-12-23T06:11:41.138Z  INFO 157 --- [    Test worker] beddedDataSourceBeanFactoryPostProcessor : Replacing 'dataSource' DataSource bean with embedded version
2025-12-23T06:11:41.205Z  INFO 157 --- [    Test worker] o.s.j.d.e.EmbeddedDatabaseFactory        : Starting embedded database: url='jdbc:h2:mem:43b3b8e2-d3ac-45df-ab69-21c72531868a;DB_CLOSE_DELAY=-1;DB_CLOSE_ON_EXIT=false', username='sa'
2025-12-23T06:11:41.265Z  INFO 157 --- [    Test worker] org.flywaydb.core.FlywayExecutor         : Database: jdbc:h2:mem:43b3b8e2-d3ac-45df-ab69-21c72531868a (H2 2.2)
2025-12-23T06:11:41.268Z  WARN 157 --- [    Test worker] o.f.c.internal.database.base.Database    : Flyway upgrade recommended: H2 2.2.224 is newer than this version of Flyway and support has not been tested. The latest supported version of H2 is 2.2.220.
2025-12-23T06:11:41.297Z  INFO 157 --- [    Test worker] o.f.c.i.s.JdbcTableSchemaHistory         : Schema history table "PUBLIC"."flyway_schema_history" does not exist yet
2025-12-23T06:11:41.298Z  INFO 157 --- [    Test worker] o.f.core.internal.command.DbValidate     : Successfully validated 1 migration (execution time 00:00.028s)
2025-12-23T06:11:41.299Z  INFO 157 --- [    Test worker] o.f.c.i.s.JdbcTableSchemaHistory         : Creating Schema History table "PUBLIC"."flyway_schema_history" ...
2025-12-23T06:11:41.311Z  INFO 157 --- [    Test worker] o.f.core.internal.command.DbMigrate      : Current version of schema "PUBLIC": << Empty Schema >>
2025-12-23T06:11:41.382Z  INFO 157 --- [    Test worker] o.f.core.internal.command.DbMigrate      : Migrating schema "PUBLIC" to version "1 - init schema"
2025-12-23T06:11:41.402Z  INFO 157 --- [    Test worker] o.f.core.internal.command.DbMigrate      : Successfully applied 1 migration to schema "PUBLIC", now at version v1 (execution time 00:00.018s)
2025-12-23T06:11:41.631Z  INFO 157 --- [    Test worker] o.hibernate.jpa.internal.util.LogHelper  : HHH000204: Processing PersistenceUnitInfo [name: default]
2025-12-23T06:11:41.781Z  INFO 157 --- [    Test worker] o.h.c.internal.RegionFactoryInitiator    : HHH000026: Second-level cache disabled
2025-12-23T06:11:41.970Z  INFO 157 --- [    Test worker] o.s.o.j.p.SpringPersistenceUnitInfo      : No LoadTimeWeaver setup: ignoring JPA class transformer
2025-12-23T06:11:42.611Z  INFO 157 --- [    Test worker] o.h.e.t.j.p.i.JtaPlatformInitiator       : HHH000489: No JTA platform available (set 'hibernate.transaction.jta.platform' to enable JTA platform integration)
2025-12-23T06:11:42.612Z  INFO 157 --- [    Test worker] j.LocalContainerEntityManagerFactoryBean : Initialized JPA EntityManagerFactory for persistence unit 'default'
2025-12-23T06:11:43.119Z  INFO 157 --- [    Test worker] c.s.g.d.term.domain.TermRepositoryTest   : Started TermRepositoryTest in 5.067 seconds (process running for 91.045)
Hibernate: insert into processes (created_at,display_order,name,id) values (?,?,?,default)
Hibernate: insert into processes (created_at,display_order,name,id) values (?,?,?,default)
Hibernate: insert into terms (abbreviation,created_at,deleted_at,description,initial_en,initial_ko,name_en,name_ko,photo_url,updated_at,updated_by,id) values (?,?,?,?,?,?,?,?,?,?,?,default)
Hibernate: insert into terms (abbreviation,created_at,deleted_at,description,initial_en,initial_ko,name_en,name_ko,photo_url,updated_at,updated_by,id) values (?,?,?,?,?,?,?,?,?,?,?,default)
Hibernate: insert into terms (abbreviation,created_at,deleted_at,description,initial_en,initial_ko,name_en,name_ko,photo_url,updated_at,updated_by,id) values (?,?,?,?,?,?,?,?,?,?,?,default)
Hibernate: insert into terms (abbreviation,created_at,deleted_at,description,initial_en,initial_ko,name_en,name_ko,photo_url,updated_at,updated_by,id) values (?,?,?,?,?,?,?,?,?,?,?,default)
Hibernate: insert into terms (abbreviation,created_at,deleted_at,description,initial_en,initial_ko,name_en,name_ko,photo_url,updated_at,updated_by,id) values (?,?,?,?,?,?,?,?,?,?,?,default)
Hibernate: insert into terms (abbreviation,created_at,deleted_at,description,initial_en,initial_ko,name_en,name_ko,photo_url,updated_at,updated_by,id) values (?,?,?,?,?,?,?,?,?,?,?,default)
Hibernate: insert into term_synonyms (synonym,term_id,id) values (?,?,default)
Hibernate: insert into term_synonyms (synonym,term_id,id) values (?,?,default)
Hibernate: insert into processes (created_at,display_order,name,id) values (?,?,?,default)
Hibernate: insert into processes (created_at,display_order,name,id) values (?,?,?,default)
Hibernate: insert into terms (abbreviation,created_at,deleted_at,description,initial_en,initial_ko,name_en,name_ko,photo_url,updated_at,updated_by,id) values (?,?,?,?,?,?,?,?,?,?,?,default)
Hibernate: insert into terms (abbreviation,created_at,deleted_at,description,initial_en,initial_ko,name_en,name_ko,photo_url,updated_at,updated_by,id) values (?,?,?,?,?,?,?,?,?,?,?,default)
Hibernate: insert into terms (abbreviation,created_at,deleted_at,description,initial_en,initial_ko,name_en,name_ko,photo_url,updated_at,updated_by,id) values (?,?,?,?,?,?,?,?,?,?,?,default)
Hibernate: insert into terms (abbreviation,created_at,deleted_at,description,initial_en,initial_ko,name_en,name_ko,photo_url,updated_at,updated_by,id) values (?,?,?,?,?,?,?,?,?,?,?,default)
Hibernate: insert into terms (abbreviation,created_at,deleted_at,description,initial_en,initial_ko,name_en,name_ko,photo_url,updated_at,updated_by,id) values (?,?,?,?,?,?,?,?,?,?,?,default)
2025-12-23T06:11:48.609Z  WARN 157 --- [    Test worker] org.hibernate.orm.query                  : HHH90003004: firstResult/maxResults specified with collection fetch; applying in memory
Hibernate: insert into term_process_mapping (term_id,process_id) values (?,?)
Hibernate: insert into term_process_mapping (term_id,process_id) values (?,?)
Hibernate: insert into term_process_mapping (term_id,process_id) values (?,?)
Hibernate: insert into term_process_mapping (term_id,process_id) values (?,?)
Hibernate: select distinct t1_0.id,t1_0.abbreviation,t1_0.created_at,t1_0.deleted_at,t1_0.description,t1_0.initial_en,t1_0.initial_ko,t1_0.name_en,t1_0.name_ko,t1_0.photo_url,p1_0.term_id,p1_1.id,p1_1.created_at,p1_1.display_order,p1_1.name,t1_0.updated_at,t1_0.updated_by from terms t1_0 left join term_process_mapping p1_0 on t1_0.id=p1_0.term_id left join processes p1_1 on p1_1.id=p1_0.process_id where (lower(t1_0.name_ko) like ? escape '!' or lower(t1_0.name_en) like ? escape '!' or lower(t1_0.abbreviation) like ? escape '!') and t1_0.deleted_at is null order by t1_0.created_at desc
Hibernate: insert into processes (created_at,display_order,name,id) values (?,?,?,default)
Hibernate: insert into processes (created_at,display_order,name,id) values (?,?,?,default)
Hibernate: insert into terms (abbreviation,created_at,deleted_at,description,initial_en,initial_ko,name_en,name_ko,photo_url,updated_at,updated_by,id) values (?,?,?,?,?,?,?,?,?,?,?,default)
Hibernate: insert into terms (abbreviation,created_at,deleted_at,description,initial_en,initial_ko,name_en,name_ko,photo_url,updated_at,updated_by,id) values (?,?,?,?,?,?,?,?,?,?,?,default)
Hibernate: insert into terms (abbreviation,created_at,deleted_at,description,initial_en,initial_ko,name_en,name_ko,photo_url,updated_at,updated_by,id) values (?,?,?,?,?,?,?,?,?,?,?,default)
Hibernate: insert into terms (abbreviation,created_at,deleted_at,description,initial_en,initial_ko,name_en,name_ko,photo_url,updated_at,updated_by,id) values (?,?,?,?,?,?,?,?,?,?,?,default)
Hibernate: insert into terms (abbreviation,created_at,deleted_at,description,initial_en,initial_ko,name_en,name_ko,photo_url,updated_at,updated_by,id) values (?,?,?,?,?,?,?,?,?,?,?,default)
Hibernate: select p1_0.id,p1_0.created_at,p1_0.display_order,p1_0.name from processes p1_0
2025-12-23T06:11:50.062Z  WARN 157 --- [    Test worker] org.hibernate.orm.query                  : HHH90003004: firstResult/maxResults specified with collection fetch; applying in memory
Hibernate: insert into term_process_mapping (term_id,process_id) values (?,?)
Hibernate: insert into term_process_mapping (term_id,process_id) values (?,?)
Hibernate: insert into term_process_mapping (term_id,process_id) values (?,?)
Hibernate: insert into term_process_mapping (term_id,process_id) values (?,?)
Hibernate: select distinct t1_0.id,t1_0.abbreviation,t1_0.created_at,t1_0.deleted_at,t1_0.description,t1_0.initial_en,t1_0.initial_ko,t1_0.name_en,t1_0.name_ko,t1_0.photo_url,p1_0.term_id,p1_1.id,p1_1.created_at,p1_1.display_order,p1_1.name,t1_0.updated_at,t1_0.updated_by from terms t1_0 left join term_process_mapping p1_0 on t1_0.id=p1_0.term_id left join processes p1_1 on p1_1.id=p1_0.process_id where p1_0.process_id=? and t1_0.deleted_at is null order by t1_0.created_at desc
Hibernate: insert into processes (created_at,display_order,name,id) values (?,?,?,default)
Hibernate: insert into processes (created_at,display_order,name,id) values (?,?,?,default)
Hibernate: insert into terms (abbreviation,created_at,deleted_at,description,initial_en,initial_ko,name_en,name_ko,photo_url,updated_at,updated_by,id) values (?,?,?,?,?,?,?,?,?,?,?,default)
Hibernate: insert into terms (abbreviation,created_at,deleted_at,description,initial_en,initial_ko,name_en,name_ko,photo_url,updated_at,updated_by,id) values (?,?,?,?,?,?,?,?,?,?,?,default)
Hibernate: insert into terms (abbreviation,created_at,deleted_at,description,initial_en,initial_ko,name_en,name_ko,photo_url,updated_at,updated_by,id) values (?,?,?,?,?,?,?,?,?,?,?,default)
Hibernate: insert into terms (abbreviation,created_at,deleted_at,description,initial_en,initial_ko,name_en,name_ko,photo_url,updated_at,updated_by,id) values (?,?,?,?,?,?,?,?,?,?,?,default)
Hibernate: insert into terms (abbreviation,created_at,deleted_at,description,initial_en,initial_ko,name_en,name_ko,photo_url,updated_at,updated_by,id) values (?,?,?,?,?,?,?,?,?,?,?,default)
2025-12-23T06:11:50.130Z  WARN 157 --- [    Test worker] org.hibernate.orm.query                  : HHH90003004: firstResult/maxResults specified with collection fetch; applying in memory
Hibernate: insert into term_process_mapping (term_id,process_id) values (?,?)
Hibernate: insert into term_process_mapping (term_id,process_id) values (?,?)
Hibernate: insert into term_process_mapping (term_id,process_id) values (?,?)
Hibernate: insert into term_process_mapping (term_id,process_id) values (?,?)
Hibernate: select distinct t1_0.id,t1_0.abbreviation,t1_0.created_at,t1_0.deleted_at,t1_0.description,t1_0.initial_en,t1_0.initial_ko,t1_0.name_en,t1_0.name_ko,t1_0.photo_url,p1_0.term_id,p1_1.id,p1_1.created_at,p1_1.display_order,p1_1.name,t1_0.updated_at,t1_0.updated_by from terms t1_0 left join term_process_mapping p1_0 on t1_0.id=p1_0.term_id left join processes p1_1 on p1_1.id=p1_0.process_id where (lower(t1_0.name_ko) like ? escape '!' or lower(t1_0.name_en) like ? escape '!' or lower(t1_0.abbreviation) like ? escape '!') and t1_0.deleted_at is null order by t1_0.created_at desc
Hibernate: insert into processes (created_at,display_order,name,id) values (?,?,?,default)
Hibernate: insert into processes (created_at,display_order,name,id) values (?,?,?,default)
Hibernate: insert into terms (abbreviation,created_at,deleted_at,description,initial_en,initial_ko,name_en,name_ko,photo_url,updated_at,updated_by,id) values (?,?,?,?,?,?,?,?,?,?,?,default)
Hibernate: insert into terms (abbreviation,created_at,deleted_at,description,initial_en,initial_ko,name_en,name_ko,photo_url,updated_at,updated_by,id) values (?,?,?,?,?,?,?,?,?,?,?,default)
Hibernate: insert into terms (abbreviation,created_at,deleted_at,description,initial_en,initial_ko,name_en,name_ko,photo_url,updated_at,updated_by,id) values (?,?,?,?,?,?,?,?,?,?,?,default)
Hibernate: insert into terms (abbreviation,created_at,deleted_at,description,initial_en,initial_ko,name_en,name_ko,photo_url,updated_at,updated_by,id) values (?,?,?,?,?,?,?,?,?,?,?,default)
Hibernate: insert into terms (abbreviation,created_at,deleted_at,description,initial_en,initial_ko,name_en,name_ko,photo_url,updated_at,updated_by,id) values (?,?,?,?,?,?,?,?,?,?,?,default)
2025-12-23T06:11:50.205Z  WARN 157 --- [    Test worker] org.hibernate.orm.query                  : HHH90003004: firstResult/maxResults specified with collection fetch; applying in memory
Hibernate: insert into term_process_mapping (term_id,process_id) values (?,?)
Hibernate: insert into term_process_mapping (term_id,process_id) values (?,?)
Hibernate: insert into term_process_mapping (term_id,process_id) values (?,?)
Hibernate: insert into term_process_mapping (term_id,process_id) values (?,?)
Hibernate: select distinct t1_0.id,t1_0.abbreviation,t1_0.created_at,t1_0.deleted_at,t1_0.description,t1_0.initial_en,t1_0.initial_ko,t1_0.name_en,t1_0.name_ko,t1_0.photo_url,p1_0.term_id,p1_1.id,p1_1.created_at,p1_1.display_order,p1_1.name,t1_0.updated_at,t1_0.updated_by from terms t1_0 left join term_process_mapping p1_0 on t1_0.id=p1_0.term_id left join processes p1_1 on p1_1.id=p1_0.process_id where (t1_0.initial_ko=? or lower(t1_0.initial_en)=?) and t1_0.deleted_at is null order by t1_0.created_at desc
Hibernate: insert into processes (created_at,display_order,name,id) values (?,?,?,default)
Hibernate: insert into processes (created_at,display_order,name,id) values (?,?,?,default)
Hibernate: insert into terms (abbreviation,created_at,deleted_at,description,initial_en,initial_ko,name_en,name_ko,photo_url,updated_at,updated_by,id) values (?,?,?,?,?,?,?,?,?,?,?,default)
Hibernate: insert into terms (abbreviation,created_at,deleted_at,description,initial_en,initial_ko,name_en,name_ko,photo_url,updated_at,updated_by,id) values (?,?,?,?,?,?,?,?,?,?,?,default)
Hibernate: insert into terms (abbreviation,created_at,deleted_at,description,initial_en,initial_ko,name_en,name_ko,photo_url,updated_at,updated_by,id) values (?,?,?,?,?,?,?,?,?,?,?,default)
Hibernate: insert into terms (abbreviation,created_at,deleted_at,description,initial_en,initial_ko,name_en,name_ko,photo_url,updated_at,updated_by,id) values (?,?,?,?,?,?,?,?,?,?,?,default)
Hibernate: insert into terms (abbreviation,created_at,deleted_at,description,initial_en,initial_ko,name_en,name_ko,photo_url,updated_at,updated_by,id) values (?,?,?,?,?,?,?,?,?,?,?,default)
2025-12-23T06:11:50.237Z  WARN 157 --- [    Test worker] org.hibernate.orm.query                  : HHH90003004: firstResult/maxResults specified with collection fetch; applying in memory
Hibernate: insert into term_process_mapping (term_id,process_id) values (?,?)
Hibernate: insert into term_process_mapping (term_id,process_id) values (?,?)
Hibernate: insert into term_process_mapping (term_id,process_id) values (?,?)
Hibernate: insert into term_process_mapping (term_id,process_id) values (?,?)
Hibernate: select distinct t1_0.id,t1_0.abbreviation,t1_0.created_at,t1_0.deleted_at,t1_0.description,t1_0.initial_en,t1_0.initial_ko,t1_0.name_en,t1_0.name_ko,t1_0.photo_url,p1_0.term_id,p1_1.id,p1_1.created_at,p1_1.display_order,p1_1.name,t1_0.updated_at,t1_0.updated_by from terms t1_0 left join term_process_mapping p1_0 on t1_0.id=p1_0.term_id left join processes p1_1 on p1_1.id=p1_0.process_id where (t1_0.initial_ko=? or lower(t1_0.initial_en)=?) and t1_0.deleted_at is null order by t1_0.created_at desc
]]></system-out>
  <system-err><![CDATA[]]></system-err>
</testsuite>
