<?xml version="1.0" encoding="UTF-8"?>
<testsuite name="com.sorin.glossary.global.util.TermUtilsTest" tests="2" skipped="0" failures="0" errors="0" timestamp="2025-12-23T03:30:52" hostname="b8c5bc1ddd46" time="0.004">
  <properties/>
  <testcase name="영문 초성 추출 테스트" classname="com.sorin.glossary.global.util.TermUtilsTest" time="0.0"/>
  <testcase name="한글 초성 추출 테스트" classname="com.sorin.glossary.global.util.TermUtilsTest" time="0.002"/>
  <system-out><![CDATA[]]></system-out>
  <system-err><![CDATA[]]></system-err>
</testsuite>
