<?xml version="1.0" encoding="UTF-8"?>
<testsuite name="com.sorin.glossary.domain.term.domain.TermRepositoryTest" tests="5" skipped="0" failures="0" errors="0" timestamp="2025-12-23T04:48:54" hostname="d52d974dc8b0" time="15.721">
  <properties/>
  <testcase name="키워드 검색 (한글/영문) 및 Soft Delete 확인" classname="com.sorin.glossary.domain.term.domain.TermRepositoryTest" time="15.125"/>
  <testcase name="공정 ID 필터 검색" classname="com.sorin.glossary.domain.term.domain.TermRepositoryTest" time="0.338"/>
  <testcase name="삭제된 데이터는 조회되지 않아야 한다" classname="com.sorin.glossary.domain.term.domain.TermRepositoryTest" time="0.066"/>
  <testcase name="초성 검색 (영문)" classname="com.sorin.glossary.domain.term.domain.TermRepositoryTest" time="0.147"/>
  <testcase name="초성 검색 (한글)" classname="com.sorin.glossary.domain.term.domain.TermRepositoryTest" time="0.039"/>
  <system-out><![CDATA[04:47:55.849 [Test worker] INFO org.springframework.test.context.support.AnnotationConfigContextLoaderUtils -- Could not detect default configuration classes for test class [com.sorin.glossary.domain.term.domain.TermRepositoryTest]: TermRepositoryTest does not declare any static, non-private, non-final, nested classes annotated with @Configuration.
04:47:57.458 [Test worker] INFO org.springframework.boot.test.context.SpringBootTestContextBootstrapper -- Found @SpringBootConfiguration com.sorin.glossary.GlossaryApplication for test class com.sorin.glossary.domain.term.domain.TermRepositoryTest

  .   ____          _            __ _ _
 /\\ / ___'_ __ _ _(_)_ __  __ _ \ \ \ \
( ( )\___ | '_ | '_| | '_ \/ _` | \ \ \ \
 \\/  ___)| |_)| | | | | || (_| |  ) ) ) )
  '  |____| .__|_| |_|_| |_\__, | / / / /
 =========|_|==============|___/=/_/_/_/
 :: Spring Boot ::                (v3.2.1)

2025-12-23T04:48:05.815Z  INFO 180 --- [    Test worker] c.s.g.d.term.domain.TermRepositoryTest   : Starting TermRepositoryTest using Java 17.0.10 with PID 180 (started by root in /home/gradle/project)
2025-12-23T04:48:05.822Z  INFO 180 --- [    Test worker] c.s.g.d.term.domain.TermRepositoryTest   : No active profile set, falling back to 1 default profile: "default"
2025-12-23T04:48:11.472Z  INFO 180 --- [    Test worker] .s.d.r.c.RepositoryConfigurationDelegate : Bootstrapping Spring Data JPA repositories in DEFAULT mode.
2025-12-23T04:48:12.486Z  INFO 180 --- [    Test worker] .s.d.r.c.RepositoryConfigurationDelegate : Finished Spring Data repository scanning in 919 ms. Found 2 JPA repository interfaces.
2025-12-23T04:48:13.136Z  INFO 180 --- [    Test worker] beddedDataSourceBeanFactoryPostProcessor : Replacing 'dataSource' DataSource bean with embedded version
2025-12-23T04:48:15.664Z  INFO 180 --- [    Test worker] o.s.j.d.e.EmbeddedDatabaseFactory        : Starting embedded database: url='jdbc:h2:mem:d5512a6e-55bf-4d30-aae9-06ab6d8c90b2;DB_CLOSE_DELAY=-1;DB_CLOSE_ON_EXIT=false', username='sa'
2025-12-23T04:48:19.686Z  INFO 180 --- [    Test worker] o.f.c.internal.license.VersionPrinter    : Flyway Community Edition 9.22.3 by Redgate
2025-12-23T04:48:19.687Z  INFO 180 --- [    Test worker] o.f.c.internal.license.VersionPrinter    : See release notes here: https://rd.gt/416ObMi
2025-12-23T04:48:19.687Z  INFO 180 --- [    Test worker] o.f.c.internal.license.VersionPrinter    : 
2025-12-23T04:48:20.187Z  INFO 180 --- [    Test worker] org.flywaydb.core.FlywayExecutor         : Database: jdbc:h2:mem:d5512a6e-55bf-4d30-aae9-06ab6d8c90b2 (H2 2.2)
2025-12-23T04:48:20.231Z  WARN 180 --- [    Test worker] o.f.c.internal.database.base.Database    : Flyway upgrade recommended: H2 2.2.224 is newer than this version of Flyway and support has not been tested. The latest supported version of H2 is 2.2.220.
2025-12-23T04:48:20.521Z  INFO 180 --- [    Test worker] o.f.c.i.s.JdbcTableSchemaHistory         : Schema history table "PUBLIC"."flyway_schema_history" does not exist yet
2025-12-23T04:48:20.557Z  INFO 180 --- [    Test worker] o.f.core.internal.command.DbValidate     : Successfully validated 1 migration (execution time 00:00.212s)
2025-12-23T04:48:20.624Z  INFO 180 --- [    Test worker] o.f.c.i.s.JdbcTableSchemaHistory         : Creating Schema History table "PUBLIC"."flyway_schema_history" ...
2025-12-23T04:48:20.893Z  INFO 180 --- [    Test worker] o.f.core.internal.command.DbMigrate      : Current version of schema "PUBLIC": << Empty Schema >>
2025-12-23T04:48:21.007Z  INFO 180 --- [    Test worker] o.f.core.internal.command.DbMigrate      : Migrating schema "PUBLIC" to version "1 - init schema"
2025-12-23T04:48:21.194Z  INFO 180 --- [    Test worker] o.f.core.internal.command.DbMigrate      : Successfully applied 1 migration to schema "PUBLIC", now at version v1 (execution time 00:00.120s)
2025-12-23T04:48:22.335Z  INFO 180 --- [    Test worker] o.hibernate.jpa.internal.util.LogHelper  : HHH000204: Processing PersistenceUnitInfo [name: default]
2025-12-23T04:48:23.822Z  INFO 180 --- [    Test worker] org.hibernate.Version                    : HHH000412: Hibernate ORM core version 6.4.1.Final
2025-12-23T04:48:24.696Z  INFO 180 --- [    Test worker] o.h.c.internal.RegionFactoryInitiator    : HHH000026: Second-level cache disabled
2025-12-23T04:48:29.547Z  INFO 180 --- [    Test worker] o.s.o.j.p.SpringPersistenceUnitInfo      : No LoadTimeWeaver setup: ignoring JPA class transformer
2025-12-23T04:48:47.660Z  INFO 180 --- [    Test worker] o.h.e.t.j.p.i.JtaPlatformInitiator       : HHH000489: No JTA platform available (set 'hibernate.transaction.jta.platform' to enable JTA platform integration)
2025-12-23T04:48:47.716Z  INFO 180 --- [    Test worker] j.LocalContainerEntityManagerFactoryBean : Initialized JPA EntityManagerFactory for persistence unit 'default'
2025-12-23T04:48:54.683Z  INFO 180 --- [    Test worker] c.s.g.d.term.domain.TermRepositoryTest   : Started TermRepositoryTest in 56.263 seconds (process running for 64.537)
Hibernate: insert into processes (created_at,display_order,name,id) values (?,?,?,default)
Hibernate: insert into processes (created_at,display_order,name,id) values (?,?,?,default)
Hibernate: insert into terms (abbreviation,created_at,deleted_at,description,initial_en,initial_ko,name_en,name_ko,photo_url,updated_at,updated_by,id) values (?,?,?,?,?,?,?,?,?,?,?,default)
Hibernate: insert into terms (abbreviation,created_at,deleted_at,description,initial_en,initial_ko,name_en,name_ko,photo_url,updated_at,updated_by,id) values (?,?,?,?,?,?,?,?,?,?,?,default)
Hibernate: insert into terms (abbreviation,created_at,deleted_at,description,initial_en,initial_ko,name_en,name_ko,photo_url,updated_at,updated_by,id) values (?,?,?,?,?,?,?,?,?,?,?,default)
Hibernate: insert into terms (abbreviation,created_at,deleted_at,description,initial_en,initial_ko,name_en,name_ko,photo_url,updated_at,updated_by,id) values (?,?,?,?,?,?,?,?,?,?,?,default)
Hibernate: insert into terms (abbreviation,created_at,deleted_at,description,initial_en,initial_ko,name_en,name_ko,photo_url,updated_at,updated_by,id) values (?,?,?,?,?,?,?,?,?,?,?,default)
2025-12-23T04:49:07.375Z  WARN 180 --- [    Test worker] org.hibernate.orm.query                  : HHH90003004: firstResult/maxResults specified with collection fetch; applying in memory
Hibernate: insert into term_process_mapping (term_id,process_id) values (?,?)
Hibernate: insert into term_process_mapping (term_id,process_id) values (?,?)
Hibernate: insert into term_process_mapping (term_id,process_id) values (?,?)
Hibernate: insert into term_process_mapping (term_id,process_id) values (?,?)
Hibernate: select distinct t1_0.id,t1_0.abbreviation,t1_0.created_at,t1_0.deleted_at,t1_0.description,t1_0.initial_en,t1_0.initial_ko,t1_0.name_en,t1_0.name_ko,t1_0.photo_url,p1_0.term_id,p1_1.id,p1_1.created_at,p1_1.display_order,p1_1.name,t1_0.updated_at,t1_0.updated_by from terms t1_0 left join term_process_mapping p1_0 on t1_0.id=p1_0.term_id left join processes p1_1 on p1_1.id=p1_0.process_id where (lower(t1_0.name_ko) like ? escape '!' or lower(t1_0.name_en) like ? escape '!' or lower(t1_0.abbreviation) like ? escape '!') and t1_0.deleted_at is null order by t1_0.created_at desc
Hibernate: insert into processes (created_at,display_order,name,id) values (?,?,?,default)
Hibernate: insert into processes (created_at,display_order,name,id) values (?,?,?,default)
Hibernate: insert into terms (abbreviation,created_at,deleted_at,description,initial_en,initial_ko,name_en,name_ko,photo_url,updated_at,updated_by,id) values (?,?,?,?,?,?,?,?,?,?,?,default)
Hibernate: insert into terms (abbreviation,created_at,deleted_at,description,initial_en,initial_ko,name_en,name_ko,photo_url,updated_at,updated_by,id) values (?,?,?,?,?,?,?,?,?,?,?,default)
Hibernate: insert into terms (abbreviation,created_at,deleted_at,description,initial_en,initial_ko,name_en,name_ko,photo_url,updated_at,updated_by,id) values (?,?,?,?,?,?,?,?,?,?,?,default)
Hibernate: insert into terms (abbreviation,created_at,deleted_at,description,initial_en,initial_ko,name_en,name_ko,photo_url,updated_at,updated_by,id) values (?,?,?,?,?,?,?,?,?,?,?,default)
Hibernate: insert into terms (abbreviation,created_at,deleted_at,description,initial_en,initial_ko,name_en,name_ko,photo_url,updated_at,updated_by,id) values (?,?,?,?,?,?,?,?,?,?,?,default)
Hibernate: select p1_0.id,p1_0.created_at,p1_0.display_order,p1_0.name from processes p1_0
2025-12-23T04:49:10.204Z  WARN 180 --- [    Test worker] org.hibernate.orm.query                  : HHH90003004: firstResult/maxResults specified with collection fetch; applying in memory
Hibernate: insert into term_process_mapping (term_id,process_id) values (?,?)
Hibernate: insert into term_process_mapping (term_id,process_id) values (?,?)
Hibernate: insert into term_process_mapping (term_id,process_id) values (?,?)
Hibernate: insert into term_process_mapping (term_id,process_id) values (?,?)
Hibernate: select distinct t1_0.id,t1_0.abbreviation,t1_0.created_at,t1_0.deleted_at,t1_0.description,t1_0.initial_en,t1_0.initial_ko,t1_0.name_en,t1_0.name_ko,t1_0.photo_url,p1_0.term_id,p1_1.id,p1_1.created_at,p1_1.display_order,p1_1.name,t1_0.updated_at,t1_0.updated_by from terms t1_0 left join term_process_mapping p1_0 on t1_0.id=p1_0.term_id left join processes p1_1 on p1_1.id=p1_0.process_id where p1_0.process_id=? and t1_0.deleted_at is null order by t1_0.created_at desc
Hibernate: insert into processes (created_at,display_order,name,id) values (?,?,?,default)
Hibernate: insert into processes (created_at,display_order,name,id) values (?,?,?,default)
Hibernate: insert into terms (abbreviation,created_at,deleted_at,description,initial_en,initial_ko,name_en,name_ko,photo_url,updated_at,updated_by,id) values (?,?,?,?,?,?,?,?,?,?,?,default)
Hibernate: insert into terms (abbreviation,created_at,deleted_at,description,initial_en,initial_ko,name_en,name_ko,photo_url,updated_at,updated_by,id) values (?,?,?,?,?,?,?,?,?,?,?,default)
Hibernate: insert into terms (abbreviation,created_at,deleted_at,description,initial_en,initial_ko,name_en,name_ko,photo_url,updated_at,updated_by,id) values (?,?,?,?,?,?,?,?,?,?,?,default)
Hibernate: insert into terms (abbreviation,created_at,deleted_at,description,initial_en,initial_ko,name_en,name_ko,photo_url,updated_at,updated_by,id) values (?,?,?,?,?,?,?,?,?,?,?,default)
Hibernate: insert into terms (abbreviation,created_at,deleted_at,description,initial_en,initial_ko,name_en,name_ko,photo_url,updated_at,updated_by,id) values (?,?,?,?,?,?,?,?,?,?,?,default)
2025-12-23T04:49:10.292Z  WARN 180 --- [    Test worker] org.hibernate.orm.query                  : HHH90003004: firstResult/maxResults specified with collection fetch; applying in memory
Hibernate: insert into term_process_mapping (term_id,process_id) values (?,?)
Hibernate: insert into term_process_mapping (term_id,process_id) values (?,?)
Hibernate: insert into term_process_mapping (term_id,process_id) values (?,?)
Hibernate: insert into term_process_mapping (term_id,process_id) values (?,?)
Hibernate: select distinct t1_0.id,t1_0.abbreviation,t1_0.created_at,t1_0.deleted_at,t1_0.description,t1_0.initial_en,t1_0.initial_ko,t1_0.name_en,t1_0.name_ko,t1_0.photo_url,p1_0.term_id,p1_1.id,p1_1.created_at,p1_1.display_order,p1_1.name,t1_0.updated_at,t1_0.updated_by from terms t1_0 left join term_process_mapping p1_0 on t1_0.id=p1_0.term_id left join processes p1_1 on p1_1.id=p1_0.process_id where (lower(t1_0.name_ko) like ? escape '!' or lower(t1_0.name_en) like ? escape '!' or lower(t1_0.abbreviation) like ? escape '!') and t1_0.deleted_at is null order by t1_0.created_at desc
Hibernate: insert into processes (created_at,display_order,name,id) values (?,?,?,default)
Hibernate: insert into processes (created_at,display_order,name,id) values (?,?,?,default)
Hibernate: insert into terms (abbreviation,created_at,deleted_at,description,initial_en,initial_ko,name_en,name_ko,photo_url,updated_at,updated_by,id) values (?,?,?,?,?,?,?,?,?,?,?,default)
Hibernate: insert into terms (abbreviation,created_at,deleted_at,description,initial_en,initial_ko,name_en,name_ko,photo_url,updated_at,updated_by,id) values (?,?,?,?,?,?,?,?,?,?,?,default)
Hibernate: insert into terms (abbreviation,created_at,deleted_at,description,initial_en,initial_ko,name_en,name_ko,photo_url,updated_at,updated_by,id) values (?,?,?,?,?,?,?,?,?,?,?,default)
Hibernate: insert into terms (abbreviation,created_at,deleted_at,description,initial_en,initial_ko,name_en,name_ko,photo_url,updated_at,updated_by,id) values (?,?,?,?,?,?,?,?,?,?,?,default)
Hibernate: insert into terms (abbreviation,created_at,deleted_at,description,initial_en,initial_ko,name_en,name_ko,photo_url,updated_at,updated_by,id) values (?,?,?,?,?,?,?,?,?,?,?,default)
2025-12-23T04:49:10.393Z  WARN 180 --- [    Test worker] org.hibernate.orm.query                  : HHH90003004: firstResult/maxResults specified with collection fetch; applying in memory
Hibernate: insert into term_process_mapping (term_id,process_id) values (?,?)
Hibernate: insert into term_process_mapping (term_id,process_id) values (?,?)
Hibernate: insert into term_process_mapping (term_id,process_id) values (?,?)
Hibernate: insert into term_process_mapping (term_id,process_id) values (?,?)
Hibernate: select distinct t1_0.id,t1_0.abbreviation,t1_0.created_at,t1_0.deleted_at,t1_0.description,t1_0.initial_en,t1_0.initial_ko,t1_0.name_en,t1_0.name_ko,t1_0.photo_url,p1_0.term_id,p1_1.id,p1_1.created_at,p1_1.display_order,p1_1.name,t1_0.updated_at,t1_0.updated_by from terms t1_0 left join term_process_mapping p1_0 on t1_0.id=p1_0.term_id left join processes p1_1 on p1_1.id=p1_0.process_id where (t1_0.initial_ko=? or lower(t1_0.initial_en)=?) and t1_0.deleted_at is null order by t1_0.created_at desc
Hibernate: insert into processes (created_at,display_order,name,id) values (?,?,?,default)
Hibernate: insert into processes (created_at,display_order,name,id) values (?,?,?,default)
Hibernate: insert into terms (abbreviation,created_at,deleted_at,description,initial_en,initial_ko,name_en,name_ko,photo_url,updated_at,updated_by,id) values (?,?,?,?,?,?,?,?,?,?,?,default)
Hibernate: insert into terms (abbreviation,created_at,deleted_at,description,initial_en,initial_ko,name_en,name_ko,photo_url,updated_at,updated_by,id) values (?,?,?,?,?,?,?,?,?,?,?,default)
Hibernate: insert into terms (abbreviation,created_at,deleted_at,description,initial_en,initial_ko,name_en,name_ko,photo_url,updated_at,updated_by,id) values (?,?,?,?,?,?,?,?,?,?,?,default)
Hibernate: insert into terms (abbreviation,created_at,deleted_at,description,initial_en,initial_ko,name_en,name_ko,photo_url,updated_at,updated_by,id) values (?,?,?,?,?,?,?,?,?,?,?,default)
Hibernate: insert into terms (abbreviation,created_at,deleted_at,description,initial_en,initial_ko,name_en,name_ko,photo_url,updated_at,updated_by,id) values (?,?,?,?,?,?,?,?,?,?,?,default)
2025-12-23T04:49:10.496Z  WARN 180 --- [    Test worker] org.hibernate.orm.query                  : HHH90003004: firstResult/maxResults specified with collection fetch; applying in memory
Hibernate: insert into term_process_mapping (term_id,process_id) values (?,?)
Hibernate: insert into term_process_mapping (term_id,process_id) values (?,?)
Hibernate: insert into term_process_mapping (term_id,process_id) values (?,?)
Hibernate: insert into term_process_mapping (term_id,process_id) values (?,?)
Hibernate: select distinct t1_0.id,t1_0.abbreviation,t1_0.created_at,t1_0.deleted_at,t1_0.description,t1_0.initial_en,t1_0.initial_ko,t1_0.name_en,t1_0.name_ko,t1_0.photo_url,p1_0.term_id,p1_1.id,p1_1.created_at,p1_1.display_order,p1_1.name,t1_0.updated_at,t1_0.updated_by from terms t1_0 left join term_process_mapping p1_0 on t1_0.id=p1_0.term_id left join processes p1_1 on p1_1.id=p1_0.process_id where (t1_0.initial_ko=? or lower(t1_0.initial_en)=?) and t1_0.deleted_at is null order by t1_0.created_at desc
]]></system-out>
  <system-err><![CDATA[]]></system-err>
</testsuite>
