Initialized native services in: /home/gradle/.gradle/native
Initialized jansi services in: /home/gradle/.gradle/native

Welcome to Gradle 8.5!

Here are the highlights of this release:
 - Support for running on Java 21
 - Faster first use with Kotlin DSL
 - Improved error and warning messages

For more details see https://docs.gradle.org/8.5/release-notes.html

Received JVM installation metadata from '/opt/java/openjdk': {JAVA_HOME=/opt/java/openjdk, JAVA_VERSION=17.0.10, JAVA_VENDOR=Eclipse Adoptium, RUNTIME_NAME=OpenJDK Runtime Environment, RUNTIME_VERSION=17.0.10+7, VM_NAME=OpenJDK 64-Bit Server VM, VM_VERSION=17.0.10+7, VM_VENDOR=Eclipse Adoptium, OS_ARCH=amd64}
Removing 0 daemon stop events from registry
Starting a Gradle Daemon (subsequent builds will be faster)
Starting process 'Gradle build daemon'. Working directory: /home/gradle/.gradle/daemon/8.5 Command: /opt/java/openjdk/bin/java --add-opens=java.base/java.util=ALL-UNNAMED --add-opens=java.base/java.lang=ALL-UNNAMED --add-opens=java.base/java.lang.invoke=ALL-UNNAMED --add-opens=java.prefs/java.util.prefs=ALL-UNNAMED --add-opens=java.base/java.nio.charset=ALL-UNNAMED --add-opens=java.base/java.net=ALL-UNNAMED --add-opens=java.base/java.util.concurrent.atomic=ALL-UNNAMED -XX:MaxMetaspaceSize=384m -XX:+HeapDumpOnOutOfMemoryError -Xms256m -Xmx512m -Dfile.encoding=UTF-8 -Duser.country=US -Duser.language=en -Duser.variant -cp /opt/gradle/lib/gradle-launcher-8.5.jar -javaagent:/opt/gradle/lib/agents/gradle-instrumentation-agent-8.5.jar org.gradle.launcher.daemon.bootstrap.GradleDaemon 8.5
Successfully started process 'Gradle build daemon'
An attempt to start the daemon took 1.506 secs.
The client will now receive all logging from the daemon (pid: 43). The daemon log file: /home/gradle/.gradle/daemon/8.5/daemon-43.out.log
Starting build in new daemon [memory: 512 MiB]
Closing daemon's stdin at end of input.
The daemon will no longer process any standard input.
Using 4 worker leases.
Received JVM installation metadata from '/opt/java/openjdk': {JAVA_HOME=/opt/java/openjdk, JAVA_VERSION=17.0.10, JAVA_VENDOR=Eclipse Adoptium, RUNTIME_NAME=OpenJDK Runtime Environment, RUNTIME_VERSION=17.0.10+7, VM_NAME=OpenJDK 64-Bit Server VM, VM_VERSION=17.0.10+7, VM_VENDOR=Eclipse Adoptium, OS_ARCH=amd64}
Watching the file system is configured to be enabled if available
Not watching /home/gradle/project since the file system is not supported
File system watching is active
Starting Build
Compiling settings file '/home/gradle/project/settings.gradle' using SubsetScriptTransformer.
Compiling settings file '/home/gradle/project/settings.gradle' using BuildScriptTransformer.
Settings evaluated using settings file '/home/gradle/project/settings.gradle'.
Projects loaded. Root project using build file '/home/gradle/project/build.gradle'.
Included projects: [root project 'glossary']

> Configure project :
Evaluating root project 'glossary' using build file '/home/gradle/project/build.gradle'.
Compiling build file '/home/gradle/project/build.gradle' using SubsetScriptTransformer.
Downloading https://plugins.gradle.org/m2/org/springframework/boot/org.springframework.boot.gradle.plugin/3.2.1/org.springframework.boot.gradle.plugin-3.2.1.pom to /home/gradle/.gradle/.tmp/gradle_download9105968720487483402bin
Resource missing. [HTTP HEAD: https://plugins.gradle.org/m2/org/springframework/boot/org.springframework.boot.gradle.plugin/3.2.1/org.springframework.boot.gradle.plugin-3.2.1.jar]
Downloading https://plugins.gradle.org/m2/io/spring/dependency-management/io.spring.dependency-management.gradle.plugin/1.1.4/io.spring.dependency-management.gradle.plugin-1.1.4.pom to /home/gradle/.gradle/.tmp/gradle_download6910142808291971070bin
Resource missing. [HTTP HEAD: https://plugins.gradle.org/m2/io/spring/dependency-management/io.spring.dependency-management.gradle.plugin/1.1.4/io.spring.dependency-management.gradle.plugin-1.1.4.jar]
Downloading https://plugins.gradle.org/m2/org/springframework/boot/spring-boot-gradle-plugin/3.2.1/spring-boot-gradle-plugin-3.2.1.pom to /home/gradle/.gradle/.tmp/gradle_download12007442631458702285bin
Downloading https://plugins.gradle.org/m2/org/springframework/boot/spring-boot-gradle-plugin/3.2.1/spring-boot-gradle-plugin-3.2.1.module to /home/gradle/.gradle/.tmp/gradle_download703324694873208210bin
Downloading https://plugins.gradle.org/m2/io/spring/gradle/dependency-management-plugin/1.1.4/dependency-management-plugin-1.1.4.pom to /home/gradle/.gradle/.tmp/gradle_download1420965284467499612bin
Downloading https://plugins.gradle.org/m2/io/spring/gradle/dependency-management-plugin/1.1.4/dependency-management-plugin-1.1.4.module to /home/gradle/.gradle/.tmp/gradle_download9475847989386940422bin
Downloading https://plugins.gradle.org/m2/org/apache/commons/commons-compress/1.23.0/commons-compress-1.23.0.pom to /home/gradle/.gradle/.tmp/gradle_download5571282216410380708bin
Downloading https://plugins.gradle.org/m2/org/springframework/boot/spring-boot-buildpack-platform/3.2.1/spring-boot-buildpack-platform-3.2.1.pom to /home/gradle/.gradle/.tmp/gradle_download1746106317832264895bin
Downloading https://plugins.gradle.org/m2/org/springframework/spring-core/6.0.10/spring-core-6.0.10.pom to /home/gradle/.gradle/.tmp/gradle_download15803308154342111297bin
Downloading https://plugins.gradle.org/m2/org/springframework/boot/spring-boot-loader-tools/3.2.1/spring-boot-loader-tools-3.2.1.pom to /home/gradle/.gradle/.tmp/gradle_download4900776378066803368bin
Downloading https://plugins.gradle.org/m2/org/apache/commons/commons-parent/56/commons-parent-56.pom to /home/gradle/.gradle/.tmp/gradle_download17021185826036277410bin
Downloading https://plugins.gradle.org/m2/org/springframework/spring-core/6.0.10/spring-core-6.0.10.module to /home/gradle/.gradle/.tmp/gradle_download10608328712912504600bin
Downloading https://plugins.gradle.org/m2/org/springframework/boot/spring-boot-loader-tools/3.2.1/spring-boot-loader-tools-3.2.1.module to /home/gradle/.gradle/.tmp/gradle_download13810261919019320509bin
Downloading https://plugins.gradle.org/m2/org/springframework/boot/spring-boot-buildpack-platform/3.2.1/spring-boot-buildpack-platform-3.2.1.module to /home/gradle/.gradle/.tmp/gradle_download10635316777192930133bin
Downloading https://plugins.gradle.org/m2/org/apache/apache/29/apache-29.pom to /home/gradle/.gradle/.tmp/gradle_download5762623865878151089bin
Downloading https://plugins.gradle.org/m2/org/junit/junit-bom/5.9.1/junit-bom-5.9.1.pom to /home/gradle/.gradle/.tmp/gradle_download7495215840172390973bin
Downloading https://plugins.gradle.org/m2/org/junit/junit-bom/5.9.1/junit-bom-5.9.1.module to /home/gradle/.gradle/.tmp/gradle_download7091805559602896266bin
Downloading https://plugins.gradle.org/m2/com/fasterxml/jackson/core/jackson-databind/2.14.2/jackson-databind-2.14.2.pom to /home/gradle/.gradle/.tmp/gradle_download4985766338414084866bin
Downloading https://plugins.gradle.org/m2/com/fasterxml/jackson/module/jackson-module-parameter-names/2.14.2/jackson-module-parameter-names-2.14.2.pom to /home/gradle/.gradle/.tmp/gradle_download17835094785236588012bin
Downloading https://plugins.gradle.org/m2/org/apache/httpcomponents/client5/httpclient5/5.2.3/httpclient5-5.2.3.pom to /home/gradle/.gradle/.tmp/gradle_download5730750165744224397bin
Downloading https://plugins.gradle.org/m2/net/java/dev/jna/jna-platform/5.13.0/jna-platform-5.13.0.pom to /home/gradle/.gradle/.tmp/gradle_download12812097923687570973bin
Downloading https://plugins.gradle.org/m2/com/fasterxml/jackson/jackson-base/2.14.2/jackson-base-2.14.2.pom to /home/gradle/.gradle/.tmp/gradle_download2578112817564460955bin
Downloading https://plugins.gradle.org/m2/com/fasterxml/jackson/module/jackson-modules-java8/2.14.2/jackson-modules-java8-2.14.2.pom to /home/gradle/.gradle/.tmp/gradle_download8576495095471996833bin
Downloading https://plugins.gradle.org/m2/org/apache/httpcomponents/client5/httpclient5-parent/5.2.3/httpclient5-parent-5.2.3.pom to /home/gradle/.gradle/.tmp/gradle_download1106008147655640390bin
Downloading https://plugins.gradle.org/m2/org/tomlj/tomlj/1.0.0/tomlj-1.0.0.pom to /home/gradle/.gradle/.tmp/gradle_download17421086070714421711bin
Downloading https://plugins.gradle.org/m2/com/fasterxml/jackson/jackson-bom/2.14.2/jackson-bom-2.14.2.pom to /home/gradle/.gradle/.tmp/gradle_download12052859342785800655bin
Downloading https://plugins.gradle.org/m2/org/apache/httpcomponents/httpcomponents-parent/13/httpcomponents-parent-13.pom to /home/gradle/.gradle/.tmp/gradle_download12443041044960551282bin
Downloading https://plugins.gradle.org/m2/com/fasterxml/jackson/jackson-parent/2.14/jackson-parent-2.14.pom to /home/gradle/.gradle/.tmp/gradle_download10551014794424940249bin
Downloading https://plugins.gradle.org/m2/org/apache/apache/27/apache-27.pom to /home/gradle/.gradle/.tmp/gradle_download962976594729097518bin
Downloading https://plugins.gradle.org/m2/com/fasterxml/oss-parent/48/oss-parent-48.pom to /home/gradle/.gradle/.tmp/gradle_download1821954496494393562bin
Downloading https://plugins.gradle.org/m2/org/junit/junit-bom/5.9.3/junit-bom-5.9.3.pom to /home/gradle/.gradle/.tmp/gradle_download4853153230011321015bin
Downloading https://plugins.gradle.org/m2/org/junit/junit-bom/5.9.3/junit-bom-5.9.3.module to /home/gradle/.gradle/.tmp/gradle_download3728954051951782201bin
Downloading https://plugins.gradle.org/m2/com/fasterxml/jackson/core/jackson-databind/2.14.2/jackson-databind-2.14.2.module to /home/gradle/.gradle/.tmp/gradle_download10328645905134158475bin
Downloading https://plugins.gradle.org/m2/com/fasterxml/jackson/module/jackson-module-parameter-names/2.14.2/jackson-module-parameter-names-2.14.2.module to /home/gradle/.gradle/.tmp/gradle_download9026081705832553558bin
Downloading https://plugins.gradle.org/m2/org/springframework/spring-jcl/6.0.10/spring-jcl-6.0.10.pom to /home/gradle/.gradle/.tmp/gradle_download4175405349440216785bin
Downloading https://plugins.gradle.org/m2/org/springframework/spring-jcl/6.0.10/spring-jcl-6.0.10.module to /home/gradle/.gradle/.tmp/gradle_download3707909071794569634bin
Downloading https://plugins.gradle.org/m2/com/fasterxml/jackson/core/jackson-core/2.14.2/jackson-core-2.14.2.pom to /home/gradle/.gradle/.tmp/gradle_download14108267823312441139bin
Downloading https://plugins.gradle.org/m2/com/fasterxml/jackson/core/jackson-annotations/2.14.2/jackson-annotations-2.14.2.pom to /home/gradle/.gradle/.tmp/gradle_download4548180146404931993bin
Downloading https://plugins.gradle.org/m2/com/fasterxml/jackson/core/jackson-core/2.14.2/jackson-core-2.14.2.module to /home/gradle/.gradle/.tmp/gradle_download15696771978919295587bin
Downloading https://plugins.gradle.org/m2/com/fasterxml/jackson/core/jackson-annotations/2.14.2/jackson-annotations-2.14.2.module to /home/gradle/.gradle/.tmp/gradle_download8686663079761164048bin
Downloading https://plugins.gradle.org/m2/net/java/dev/jna/jna/5.13.0/jna-5.13.0.pom to /home/gradle/.gradle/.tmp/gradle_download3145593141207934010bin
Downloading https://plugins.gradle.org/m2/org/slf4j/slf4j-api/1.7.36/slf4j-api-1.7.36.pom to /home/gradle/.gradle/.tmp/gradle_download8096619996458573846bin
Downloading https://plugins.gradle.org/m2/org/apache/httpcomponents/core5/httpcore5/5.2.4/httpcore5-5.2.4.pom to /home/gradle/.gradle/.tmp/gradle_download9195750345010510293bin
Downloading https://plugins.gradle.org/m2/org/apache/httpcomponents/core5/httpcore5-h2/5.2.4/httpcore5-h2-5.2.4.pom to /home/gradle/.gradle/.tmp/gradle_download1004392613596166434bin
Downloading https://plugins.gradle.org/m2/org/slf4j/slf4j-parent/1.7.36/slf4j-parent-1.7.36.pom to /home/gradle/.gradle/.tmp/gradle_download3415408533692263502bin
Downloading https://plugins.gradle.org/m2/org/apache/httpcomponents/core5/httpcore5-parent/5.2.4/httpcore5-parent-5.2.4.pom to /home/gradle/.gradle/.tmp/gradle_download378887062569471742bin
Downloading https://plugins.gradle.org/m2/com/google/code/findbugs/jsr305/3.0.2/jsr305-3.0.2.pom to /home/gradle/.gradle/.tmp/gradle_download15912454465598401712bin
Downloading https://plugins.gradle.org/m2/org/antlr/antlr4-runtime/4.7.2/antlr4-runtime-4.7.2.pom to /home/gradle/.gradle/.tmp/gradle_download13956086531505876477bin
Downloading https://plugins.gradle.org/m2/org/sonatype/oss/oss-parent/7/oss-parent-7.pom to /home/gradle/.gradle/.tmp/gradle_download6753569166592273281bin
Downloading https://plugins.gradle.org/m2/org/antlr/antlr4-master/4.7.2/antlr4-master-4.7.2.pom to /home/gradle/.gradle/.tmp/gradle_download4417900125976043285bin
Downloading https://plugins.gradle.org/m2/org/sonatype/oss/oss-parent/9/oss-parent-9.pom to /home/gradle/.gradle/.tmp/gradle_download15824582788916372242bin
Downloading https://plugins.gradle.org/m2/org/tomlj/tomlj/1.0.0/tomlj-1.0.0.jar to /home/gradle/.gradle/.tmp/gradle_download11333881097995658344bin
Downloading https://plugins.gradle.org/m2/org/springframework/boot/spring-boot-buildpack-platform/3.2.1/spring-boot-buildpack-platform-3.2.1.jar to /home/gradle/.gradle/.tmp/gradle_download2250784526904543063bin
Downloading https://plugins.gradle.org/m2/org/springframework/boot/spring-boot-loader-tools/3.2.1/spring-boot-loader-tools-3.2.1.jar to /home/gradle/.gradle/.tmp/gradle_download17041128047253076147bin
Downloading https://plugins.gradle.org/m2/io/spring/gradle/dependency-management-plugin/1.1.4/dependency-management-plugin-1.1.4.jar to /home/gradle/.gradle/.tmp/gradle_download3158012747524246787bin
Downloading https://plugins.gradle.org/m2/org/springframework/boot/spring-boot-gradle-plugin/3.2.1/spring-boot-gradle-plugin-3.2.1.jar to /home/gradle/.gradle/.tmp/gradle_download7360313604510521015bin
Downloading https://plugins.gradle.org/m2/org/apache/commons/commons-compress/1.23.0/commons-compress-1.23.0.jar to /home/gradle/.gradle/.tmp/gradle_download13700293170953503090bin
Downloading https://plugins.gradle.org/m2/org/springframework/spring-core/6.0.10/spring-core-6.0.10.jar to /home/gradle/.gradle/.tmp/gradle_download16344675051016231415bin
Downloading https://plugins.gradle.org/m2/com/fasterxml/jackson/core/jackson-annotations/2.14.2/jackson-annotations-2.14.2.jar to /home/gradle/.gradle/.tmp/gradle_download17977270602693043955bin
Downloading https://plugins.gradle.org/m2/com/fasterxml/jackson/core/jackson-core/2.14.2/jackson-core-2.14.2.jar to /home/gradle/.gradle/.tmp/gradle_download4977257716565367918bin
Downloading https://plugins.gradle.org/m2/com/fasterxml/jackson/core/jackson-databind/2.14.2/jackson-databind-2.14.2.jar to /home/gradle/.gradle/.tmp/gradle_download8450894019866963464bin
Downloading https://plugins.gradle.org/m2/com/fasterxml/jackson/module/jackson-module-parameter-names/2.14.2/jackson-module-parameter-names-2.14.2.jar to /home/gradle/.gradle/.tmp/gradle_download13172517697196448041bin
Downloading https://plugins.gradle.org/m2/net/java/dev/jna/jna-platform/5.13.0/jna-platform-5.13.0.jar to /home/gradle/.gradle/.tmp/gradle_download7545753284598411189bin
Downloading https://plugins.gradle.org/m2/org/springframework/spring-jcl/6.0.10/spring-jcl-6.0.10.jar to /home/gradle/.gradle/.tmp/gradle_download13811132207228192297bin
Downloading https://plugins.gradle.org/m2/org/apache/httpcomponents/client5/httpclient5/5.2.3/httpclient5-5.2.3.jar to /home/gradle/.gradle/.tmp/gradle_download3006283153038380986bin
Downloading https://plugins.gradle.org/m2/net/java/dev/jna/jna/5.13.0/jna-5.13.0.jar to /home/gradle/.gradle/.tmp/gradle_download15710930526788988617bin
Downloading https://plugins.gradle.org/m2/org/apache/httpcomponents/core5/httpcore5-h2/5.2.4/httpcore5-h2-5.2.4.jar to /home/gradle/.gradle/.tmp/gradle_download8764090417483155426bin
Downloading https://plugins.gradle.org/m2/org/apache/httpcomponents/core5/httpcore5/5.2.4/httpcore5-5.2.4.jar to /home/gradle/.gradle/.tmp/gradle_download13942697336181041848bin
Downloading https://plugins.gradle.org/m2/org/slf4j/slf4j-api/1.7.36/slf4j-api-1.7.36.jar to /home/gradle/.gradle/.tmp/gradle_download18270120958554317352bin
Downloading https://plugins.gradle.org/m2/org/antlr/antlr4-runtime/4.7.2/antlr4-runtime-4.7.2.jar to /home/gradle/.gradle/.tmp/gradle_download5988335859797025634bin
Downloading https://plugins.gradle.org/m2/com/google/code/findbugs/jsr305/3.0.2/jsr305-3.0.2.jar to /home/gradle/.gradle/.tmp/gradle_download12584393179851527565bin
Applying dependency management to configuration 'annotationProcessor' in project 'glossary'
Applying dependency management to configuration 'apiElements' in project 'glossary'
Applying dependency management to configuration 'archives' in project 'glossary'
Applying dependency management to configuration 'bootArchives' in project 'glossary'
Applying dependency management to configuration 'compileClasspath' in project 'glossary'
Applying dependency management to configuration 'compileOnly' in project 'glossary'
Applying dependency management to configuration 'default' in project 'glossary'
Applying dependency management to configuration 'developmentOnly' in project 'glossary'
Applying dependency management to configuration 'implementation' in project 'glossary'
Applying dependency management to configuration 'mainSourceElements' in project 'glossary'
Applying dependency management to configuration 'productionRuntimeClasspath' in project 'glossary'
Applying dependency management to configuration 'runtimeClasspath' in project 'glossary'
Applying dependency management to configuration 'runtimeElements' in project 'glossary'
Applying dependency management to configuration 'runtimeOnly' in project 'glossary'
Applying dependency management to configuration 'testAndDevelopmentOnly' in project 'glossary'
Applying dependency management to configuration 'testAnnotationProcessor' in project 'glossary'
Applying dependency management to configuration 'testCompileClasspath' in project 'glossary'
Applying dependency management to configuration 'testCompileOnly' in project 'glossary'
Applying dependency management to configuration 'testImplementation' in project 'glossary'
Applying dependency management to configuration 'testResultsElementsForTest' in project 'glossary'
Applying dependency management to configuration 'testRuntimeClasspath' in project 'glossary'
Applying dependency management to configuration 'testRuntimeOnly' in project 'glossary'
Compiling build file '/home/gradle/project/build.gradle' using BuildScriptTransformer.
All projects evaluated.
Task name matched 'test'
Selected primary task 'test' from project :
Tasks to be executed: [task ':compileJava', task ':processResources', task ':classes', task ':compileTestJava', task ':processTestResources', task ':testClasses', task ':test']
Tasks that were excluded: []
Resolve mutations for :compileJava (Thread[Execution worker Thread 2,5,main]) started.
:compileJava (Thread[Execution worker Thread 2,5,main]) started.

> Task :compileJava
Resolving global dependency management for project 'glossary'
Downloading https://repo.maven.apache.org/maven2/org/springframework/boot/spring-boot-dependencies/3.2.1/spring-boot-dependencies-3.2.1.pom to /home/gradle/.gradle/.tmp/gradle_download54700526729635686bin
Downloading https://repo.maven.apache.org/maven2/org/assertj/assertj-bom/3.24.2/assertj-bom-3.24.2.pom to /home/gradle/.gradle/.tmp/gradle_download7303092889436554137bin
Downloading https://repo.maven.apache.org/maven2/io/zipkin/brave/brave-bom/5.16.0/brave-bom-5.16.0.pom to /home/gradle/.gradle/.tmp/gradle_download666994856615696335bin
Downloading https://repo.maven.apache.org/maven2/io/zipkin/reporter2/zipkin-reporter-bom/2.16.3/zipkin-reporter-bom-2.16.3.pom to /home/gradle/.gradle/.tmp/gradle_download6313895213355239191bin
Downloading https://repo.maven.apache.org/maven2/com/datastax/oss/java-driver-bom/4.17.0/java-driver-bom-4.17.0.pom to /home/gradle/.gradle/.tmp/gradle_download17595729785751799398bin
Downloading https://repo.maven.apache.org/maven2/io/dropwizard/metrics/metrics-bom/4.2.23/metrics-bom-4.2.23.pom to /home/gradle/.gradle/.tmp/gradle_download18187267667312217886bin
Downloading https://repo.maven.apache.org/maven2/io/dropwizard/metrics/metrics-parent/4.2.23/metrics-parent-4.2.23.pom to /home/gradle/.gradle/.tmp/gradle_download12497081519210404747bin
Downloading https://repo.maven.apache.org/maven2/org/glassfish/jaxb/jaxb-bom/4.0.4/jaxb-bom-4.0.4.pom to /home/gradle/.gradle/.tmp/gradle_download16641118476783085003bin
Downloading https://repo.maven.apache.org/maven2/org/eclipse/ee4j/project/1.0.8/project-1.0.8.pom to /home/gradle/.gradle/.tmp/gradle_download6926666418913458784bin
Downloading https://repo.maven.apache.org/maven2/org/apache/groovy/groovy-bom/4.0.16/groovy-bom-4.0.16.pom to /home/gradle/.gradle/.tmp/gradle_download841437863948967789bin
Downloading https://repo.maven.apache.org/maven2/org/apache/groovy/groovy-bom/4.0.16/groovy-bom-4.0.16.module to /home/gradle/.gradle/.tmp/gradle_download10582236754207929942bin
Downloading https://repo.maven.apache.org/maven2/org/infinispan/infinispan-bom/14.0.21.Final/infinispan-bom-14.0.21.Final.pom to /home/gradle/.gradle/.tmp/gradle_download9460518972580259914bin
Downloading https://repo.maven.apache.org/maven2/org/infinispan/infinispan-build-configuration-parent/14.0.21.Final/infinispan-build-configuration-parent-14.0.21.Final.pom to /home/gradle/.gradle/.tmp/gradle_download2915601229869812018bin
Downloading https://repo.maven.apache.org/maven2/org/jboss/jboss-parent/39/jboss-parent-39.pom to /home/gradle/.gradle/.tmp/gradle_download6935528542934971460bin
Downloading https://repo.maven.apache.org/maven2/com/fasterxml/jackson/jackson-bom/2.15.3/jackson-bom-2.15.3.pom to /home/gradle/.gradle/.tmp/gradle_download16709792401469242858bin
Downloading https://repo.maven.apache.org/maven2/com/fasterxml/jackson/jackson-parent/2.15/jackson-parent-2.15.pom to /home/gradle/.gradle/.tmp/gradle_download6031875388706428569bin
Downloading https://repo.maven.apache.org/maven2/com/fasterxml/oss-parent/50/oss-parent-50.pom to /home/gradle/.gradle/.tmp/gradle_download18246336260363548528bin
Downloading https://repo.maven.apache.org/maven2/org/glassfish/jersey/jersey-bom/3.1.5/jersey-bom-3.1.5.pom to /home/gradle/.gradle/.tmp/gradle_download8748136007661078381bin
Downloading https://repo.maven.apache.org/maven2/org/eclipse/jetty/ee10/jetty-ee10-bom/12.0.5/jetty-ee10-bom-12.0.5.pom to /home/gradle/.gradle/.tmp/gradle_download17642684728376748730bin
Downloading https://repo.maven.apache.org/maven2/org/eclipse/jetty/jetty-bom/12.0.5/jetty-bom-12.0.5.pom to /home/gradle/.gradle/.tmp/gradle_download1329469333058345756bin
Downloading https://repo.maven.apache.org/maven2/org/junit/junit-bom/5.10.1/junit-bom-5.10.1.pom to /home/gradle/.gradle/.tmp/gradle_download1282079287303976496bin
Downloading https://repo.maven.apache.org/maven2/org/junit/junit-bom/5.10.1/junit-bom-5.10.1.module to /home/gradle/.gradle/.tmp/gradle_download14444334108814832763bin
Downloading https://repo.maven.apache.org/maven2/org/jetbrains/kotlin/kotlin-bom/1.9.21/kotlin-bom-1.9.21.pom to /home/gradle/.gradle/.tmp/gradle_download9454065228075197365bin
Downloading https://repo.maven.apache.org/maven2/org/jetbrains/kotlinx/kotlinx-coroutines-bom/1.7.3/kotlinx-coroutines-bom-1.7.3.pom to /home/gradle/.gradle/.tmp/gradle_download11744356324332374875bin
Downloading https://repo.maven.apache.org/maven2/org/jetbrains/kotlinx/kotlinx-serialization-bom/1.6.2/kotlinx-serialization-bom-1.6.2.pom to /home/gradle/.gradle/.tmp/gradle_download4504529629108156115bin
Downloading https://repo.maven.apache.org/maven2/org/apache/logging/log4j/log4j-bom/2.21.1/log4j-bom-2.21.1.pom to /home/gradle/.gradle/.tmp/gradle_download6747322121520752485bin
Downloading https://repo.maven.apache.org/maven2/org/apache/logging/logging-parent/10.1.1/logging-parent-10.1.1.pom to /home/gradle/.gradle/.tmp/gradle_download15040726612520453374bin
Downloading https://repo.maven.apache.org/maven2/org/apache/apache/30/apache-30.pom to /home/gradle/.gradle/.tmp/gradle_download3773791728971394068bin
Downloading https://repo.maven.apache.org/maven2/io/micrometer/micrometer-bom/1.12.1/micrometer-bom-1.12.1.pom to /home/gradle/.gradle/.tmp/gradle_download2227117128381145952bin
Downloading https://repo.maven.apache.org/maven2/io/micrometer/micrometer-tracing-bom/1.2.1/micrometer-tracing-bom-1.2.1.pom to /home/gradle/.gradle/.tmp/gradle_download2762514538931294971bin
Downloading https://repo.maven.apache.org/maven2/org/mockito/mockito-bom/5.7.0/mockito-bom-5.7.0.pom to /home/gradle/.gradle/.tmp/gradle_download17134739679667758316bin
Downloading https://repo.maven.apache.org/maven2/io/netty/netty-bom/4.1.104.Final/netty-bom-4.1.104.Final.pom to /home/gradle/.gradle/.tmp/gradle_download8073073557864999041bin
Found locally available resource with matching checksum: [https://repo.maven.apache.org/maven2/org/sonatype/oss/oss-parent/7/oss-parent-7.pom, /home/gradle/.gradle/caches/modules-2/files-2.1/org.sonatype.oss/oss-parent/7/46b8a785b60a2767095b8611613b58577e96d4c9/oss-parent-7.pom]
Downloading https://repo.maven.apache.org/maven2/com/squareup/okhttp3/okhttp-bom/4.12.0/okhttp-bom-4.12.0.pom to /home/gradle/.gradle/.tmp/gradle_download3242282973103585454bin
Downloading https://repo.maven.apache.org/maven2/com/squareup/okhttp3/okhttp-bom/4.12.0/okhttp-bom-4.12.0.module to /home/gradle/.gradle/.tmp/gradle_download2282820036066176734bin
Downloading https://repo.maven.apache.org/maven2/io/opentelemetry/opentelemetry-bom/1.31.0/opentelemetry-bom-1.31.0.pom to /home/gradle/.gradle/.tmp/gradle_download2736617657696094756bin
Downloading https://repo.maven.apache.org/maven2/io/opentelemetry/opentelemetry-bom/1.31.0/opentelemetry-bom-1.31.0.module to /home/gradle/.gradle/.tmp/gradle_download1312424908727915484bin
Downloading https://repo.maven.apache.org/maven2/com/oracle/database/jdbc/ojdbc-bom/23.3.0.23.09/ojdbc-bom-23.3.0.23.09.pom to /home/gradle/.gradle/.tmp/gradle_download14527666164105730079bin
Downloading https://repo.maven.apache.org/maven2/io/prometheus/simpleclient_bom/0.16.0/simpleclient_bom-0.16.0.pom to /home/gradle/.gradle/.tmp/gradle_download2343650078103073938bin
Downloading https://repo.maven.apache.org/maven2/io/prometheus/parent/0.16.0/parent-0.16.0.pom to /home/gradle/.gradle/.tmp/gradle_download17287022132497038529bin
Downloading https://repo.maven.apache.org/maven2/com/querydsl/querydsl-bom/5.0.0/querydsl-bom-5.0.0.pom to /home/gradle/.gradle/.tmp/gradle_download5145493698401460086bin
Downloading https://repo.maven.apache.org/maven2/io/projectreactor/reactor-bom/2023.0.1/reactor-bom-2023.0.1.pom to /home/gradle/.gradle/.tmp/gradle_download8268859141463287196bin
Downloading https://repo.maven.apache.org/maven2/io/projectreactor/reactor-bom/2023.0.1/reactor-bom-2023.0.1.module to /home/gradle/.gradle/.tmp/gradle_download1652219457342637294bin
Downloading https://repo.maven.apache.org/maven2/io/rest-assured/rest-assured-bom/5.3.2/rest-assured-bom-5.3.2.pom to /home/gradle/.gradle/.tmp/gradle_download2350385354634082374bin
Downloading https://repo.maven.apache.org/maven2/io/rsocket/rsocket-bom/1.1.3/rsocket-bom-1.1.3.pom to /home/gradle/.gradle/.tmp/gradle_download14455570576039947966bin
Downloading https://repo.maven.apache.org/maven2/org/seleniumhq/selenium/selenium-bom/4.14.1/selenium-bom-4.14.1.pom to /home/gradle/.gradle/.tmp/gradle_download13735735777378023814bin
Downloading https://repo.maven.apache.org/maven2/org/springframework/amqp/spring-amqp-bom/3.1.1/spring-amqp-bom-3.1.1.pom to /home/gradle/.gradle/.tmp/gradle_download16140313870591680081bin
Downloading https://repo.maven.apache.org/maven2/org/springframework/amqp/spring-amqp-bom/3.1.1/spring-amqp-bom-3.1.1.module to /home/gradle/.gradle/.tmp/gradle_download4458593685547331808bin
Downloading https://repo.maven.apache.org/maven2/org/springframework/batch/spring-batch-bom/5.1.0/spring-batch-bom-5.1.0.pom to /home/gradle/.gradle/.tmp/gradle_download12309850910647808342bin
Downloading https://repo.maven.apache.org/maven2/org/springframework/data/spring-data-bom/2023.1.1/spring-data-bom-2023.1.1.pom to /home/gradle/.gradle/.tmp/gradle_download7747597171291843768bin
Downloading https://repo.maven.apache.org/maven2/org/springframework/spring-framework-bom/6.1.2/spring-framework-bom-6.1.2.pom to /home/gradle/.gradle/.tmp/gradle_download1976144960350440888bin
Downloading https://repo.maven.apache.org/maven2/org/springframework/spring-framework-bom/6.1.2/spring-framework-bom-6.1.2.module to /home/gradle/.gradle/.tmp/gradle_download1415154518024270769bin
Downloading https://repo.maven.apache.org/maven2/org/springframework/integration/spring-integration-bom/6.2.1/spring-integration-bom-6.2.1.pom to /home/gradle/.gradle/.tmp/gradle_download3177917632790668967bin
Downloading https://repo.maven.apache.org/maven2/org/springframework/integration/spring-integration-bom/6.2.1/spring-integration-bom-6.2.1.module to /home/gradle/.gradle/.tmp/gradle_download3970173043613765939bin
Downloading https://repo.maven.apache.org/maven2/org/springframework/restdocs/spring-restdocs-bom/3.0.1/spring-restdocs-bom-3.0.1.pom to /home/gradle/.gradle/.tmp/gradle_download3523052688302186926bin
Downloading https://repo.maven.apache.org/maven2/org/springframework/security/spring-security-bom/6.2.1/spring-security-bom-6.2.1.pom to /home/gradle/.gradle/.tmp/gradle_download7855111181847149787bin
Downloading https://repo.maven.apache.org/maven2/org/springframework/security/spring-security-bom/6.2.1/spring-security-bom-6.2.1.module to /home/gradle/.gradle/.tmp/gradle_download10826238061948349332bin
Downloading https://repo.maven.apache.org/maven2/org/springframework/session/spring-session-bom/3.2.1/spring-session-bom-3.2.1.pom to /home/gradle/.gradle/.tmp/gradle_download8659361770028282608bin
Downloading https://repo.maven.apache.org/maven2/org/springframework/session/spring-session-bom/3.2.1/spring-session-bom-3.2.1.module to /home/gradle/.gradle/.tmp/gradle_download17469274463363870108bin
Downloading https://repo.maven.apache.org/maven2/org/springframework/ws/spring-ws-bom/4.0.9/spring-ws-bom-4.0.9.pom to /home/gradle/.gradle/.tmp/gradle_download4432886407245496762bin
Downloading https://repo.maven.apache.org/maven2/org/testcontainers/testcontainers-bom/1.19.3/testcontainers-bom-1.19.3.pom to /home/gradle/.gradle/.tmp/gradle_download9340333393912083914bin
Downloading https://repo.maven.apache.org/maven2/org/projectlombok/lombok/1.18.30/lombok-1.18.30.pom to /home/gradle/.gradle/.tmp/gradle_download17763204352208649368bin
Downloading https://repo.maven.apache.org/maven2/com/querydsl/querydsl-apt/5.0.0/querydsl-apt-5.0.0.pom to /home/gradle/.gradle/.tmp/gradle_download8905682222927866583bin
Downloading https://repo.maven.apache.org/maven2/jakarta/annotation/jakarta.annotation-api/2.1.1/jakarta.annotation-api-2.1.1.pom to /home/gradle/.gradle/.tmp/gradle_download7726011408106957372bin
Downloading https://repo.maven.apache.org/maven2/jakarta/persistence/jakarta.persistence-api/3.1.0/jakarta.persistence-api-3.1.0.pom to /home/gradle/.gradle/.tmp/gradle_download4717882875690226050bin
Downloading https://repo.maven.apache.org/maven2/org/springframework/boot/spring-boot-starter-data-jpa/3.2.1/spring-boot-starter-data-jpa-3.2.1.pom to /home/gradle/.gradle/.tmp/gradle_download10238474764877149745bin
Downloading https://repo.maven.apache.org/maven2/org/eclipse/ee4j/project/1.0.7/project-1.0.7.pom to /home/gradle/.gradle/.tmp/gradle_download17909973691192141336bin
Downloading https://repo.maven.apache.org/maven2/com/querydsl/querydsl-root/5.0.0/querydsl-root-5.0.0.pom to /home/gradle/.gradle/.tmp/gradle_download18107385639590736968bin
Downloading https://repo.maven.apache.org/maven2/org/springframework/boot/spring-boot-starter-data-jpa/3.2.1/spring-boot-starter-data-jpa-3.2.1.module to /home/gradle/.gradle/.tmp/gradle_download10406629805023286395bin
Downloading https://repo.maven.apache.org/maven2/org/springframework/boot/spring-boot-starter-validation/3.2.1/spring-boot-starter-validation-3.2.1.pom to /home/gradle/.gradle/.tmp/gradle_download13244467788352443527bin
Downloading https://repo.maven.apache.org/maven2/com/querydsl/querydsl-parent/0.1.0/querydsl-parent-0.1.0.pom to /home/gradle/.gradle/.tmp/gradle_download15376615465674340121bin
Downloading https://repo.maven.apache.org/maven2/org/springframework/boot/spring-boot-starter-web/3.2.1/spring-boot-starter-web-3.2.1.pom to /home/gradle/.gradle/.tmp/gradle_download2062107894600606474bin
Downloading https://repo.maven.apache.org/maven2/org/flywaydb/flyway-core/9.22.3/flyway-core-9.22.3.pom to /home/gradle/.gradle/.tmp/gradle_download14375509891109221656bin
Downloading https://repo.maven.apache.org/maven2/org/springframework/boot/spring-boot-starter-validation/3.2.1/spring-boot-starter-validation-3.2.1.module to /home/gradle/.gradle/.tmp/gradle_download15790660916323408190bin
Downloading https://repo.maven.apache.org/maven2/org/springframework/boot/spring-boot-starter-web/3.2.1/spring-boot-starter-web-3.2.1.module to /home/gradle/.gradle/.tmp/gradle_download12392641790727249838bin
Downloading https://repo.maven.apache.org/maven2/org/jetbrains/kotlin/kotlin-bom/1.5.20/kotlin-bom-1.5.20.pom to /home/gradle/.gradle/.tmp/gradle_download6727684794908171386bin
Downloading https://repo.maven.apache.org/maven2/org/flywaydb/flyway-parent/9.22.3/flyway-parent-9.22.3.pom to /home/gradle/.gradle/.tmp/gradle_download1090548121596525169bin
Downloading https://repo.maven.apache.org/maven2/com/querydsl/querydsl-jpa/5.0.0/querydsl-jpa-5.0.0.pom to /home/gradle/.gradle/.tmp/gradle_download10298763167806891397bin
Downloading https://repo.maven.apache.org/maven2/com/querydsl/querydsl-codegen/5.0.0/querydsl-codegen-5.0.0.pom to /home/gradle/.gradle/.tmp/gradle_download14117026450689500766bin
Downloading https://repo.maven.apache.org/maven2/org/springframework/boot/spring-boot-starter-jdbc/3.2.1/spring-boot-starter-jdbc-3.2.1.pom to /home/gradle/.gradle/.tmp/gradle_download9362306793993090783bin
Downloading https://repo.maven.apache.org/maven2/org/hibernate/orm/hibernate-core/6.4.1.Final/hibernate-core-6.4.1.Final.pom to /home/gradle/.gradle/.tmp/gradle_download408546603099443121bin
Downloading https://repo.maven.apache.org/maven2/org/springframework/data/spring-data-jpa/3.2.1/spring-data-jpa-3.2.1.pom to /home/gradle/.gradle/.tmp/gradle_download15366336490029906918bin
Downloading https://repo.maven.apache.org/maven2/org/springframework/boot/spring-boot-starter-aop/3.2.1/spring-boot-starter-aop-3.2.1.pom to /home/gradle/.gradle/.tmp/gradle_download17997306227753206592bin
Downloading https://repo.maven.apache.org/maven2/org/springframework/boot/spring-boot-starter-jdbc/3.2.1/spring-boot-starter-jdbc-3.2.1.module to /home/gradle/.gradle/.tmp/gradle_download5177334816412327875bin
Downloading https://repo.maven.apache.org/maven2/org/springframework/spring-aspects/6.1.2/spring-aspects-6.1.2.pom to /home/gradle/.gradle/.tmp/gradle_download7173158269889000170bin
Downloading https://repo.maven.apache.org/maven2/org/springframework/data/spring-data-jpa-parent/3.2.1/spring-data-jpa-parent-3.2.1.pom to /home/gradle/.gradle/.tmp/gradle_download9663505378495959673bin
Downloading https://repo.maven.apache.org/maven2/org/springframework/boot/spring-boot-starter-aop/3.2.1/spring-boot-starter-aop-3.2.1.module to /home/gradle/.gradle/.tmp/gradle_download151984593058756980bin
Downloading https://repo.maven.apache.org/maven2/org/springframework/spring-aspects/6.1.2/spring-aspects-6.1.2.module to /home/gradle/.gradle/.tmp/gradle_download13378303040558811254bin
Downloading https://repo.maven.apache.org/maven2/org/springframework/data/build/spring-data-parent/3.2.1/spring-data-parent-3.2.1.pom to /home/gradle/.gradle/.tmp/gradle_download8922681089476359595bin
Downloading https://repo.maven.apache.org/maven2/org/springframework/data/build/spring-data-build/3.2.1/spring-data-build-3.2.1.pom to /home/gradle/.gradle/.tmp/gradle_download4498424972382985632bin
Downloading https://repo.maven.apache.org/maven2/org/hibernate/validator/hibernate-validator/8.0.1.Final/hibernate-validator-8.0.1.Final.pom to /home/gradle/.gradle/.tmp/gradle_download3207893525612570652bin
Downloading https://repo.maven.apache.org/maven2/org/springframework/boot/spring-boot-starter/3.2.1/spring-boot-starter-3.2.1.pom to /home/gradle/.gradle/.tmp/gradle_download10429374193480957078bin
Downloading https://repo.maven.apache.org/maven2/org/apache/tomcat/embed/tomcat-embed-el/10.1.17/tomcat-embed-el-10.1.17.pom to /home/gradle/.gradle/.tmp/gradle_download1570105028575530565bin
Downloading https://repo.maven.apache.org/maven2/org/hibernate/validator/hibernate-validator-parent/8.0.1.Final/hibernate-validator-parent-8.0.1.Final.pom to /home/gradle/.gradle/.tmp/gradle_download14895992615570114450bin
Downloading https://repo.maven.apache.org/maven2/org/springframework/boot/spring-boot-starter/3.2.1/spring-boot-starter-3.2.1.module to /home/gradle/.gradle/.tmp/gradle_download2592339367485703398bin
Downloading https://repo.maven.apache.org/maven2/org/jboss/arquillian/arquillian-bom/1.7.0.Alpha10/arquillian-bom-1.7.0.Alpha10.pom to /home/gradle/.gradle/.tmp/gradle_download16663128349292992380bin
Downloading https://repo.maven.apache.org/maven2/org/jboss/shrinkwrap/shrinkwrap-bom/1.2.6/shrinkwrap-bom-1.2.6.pom to /home/gradle/.gradle/.tmp/gradle_download14253765765963053769bin
Downloading https://repo.maven.apache.org/maven2/org/jboss/shrinkwrap/resolver/shrinkwrap-resolver-bom/3.1.4/shrinkwrap-resolver-bom-3.1.4.pom to /home/gradle/.gradle/.tmp/gradle_download11489769523992862685bin
Downloading https://repo.maven.apache.org/maven2/org/apache/maven/maven/3.6.3/maven-3.6.3.pom to /home/gradle/.gradle/.tmp/gradle_download17374084825703371396bin
Downloading https://repo.maven.apache.org/maven2/org/apache/maven/maven-parent/33/maven-parent-33.pom to /home/gradle/.gradle/.tmp/gradle_download12146656039306362992bin
Downloading https://repo.maven.apache.org/maven2/org/apache/apache/21/apache-21.pom to /home/gradle/.gradle/.tmp/gradle_download2141563442227824045bin
Downloading https://repo.maven.apache.org/maven2/org/jboss/shrinkwrap/descriptors/shrinkwrap-descriptors-bom/2.0.0/shrinkwrap-descriptors-bom-2.0.0.pom to /home/gradle/.gradle/.tmp/gradle_download145863212440883170bin
Downloading https://repo.maven.apache.org/maven2/org/springframework/boot/spring-boot-starter-json/3.2.1/spring-boot-starter-json-3.2.1.pom to /home/gradle/.gradle/.tmp/gradle_download14180435014824249754bin
Downloading https://repo.maven.apache.org/maven2/org/springframework/spring-web/6.1.2/spring-web-6.1.2.pom to /home/gradle/.gradle/.tmp/gradle_download3578166794566277673bin
Downloading https://repo.maven.apache.org/maven2/org/springframework/spring-webmvc/6.1.2/spring-webmvc-6.1.2.pom to /home/gradle/.gradle/.tmp/gradle_download7143098587494218058bin
Downloading https://repo.maven.apache.org/maven2/org/springframework/boot/spring-boot-starter-tomcat/3.2.1/spring-boot-starter-tomcat-3.2.1.pom to /home/gradle/.gradle/.tmp/gradle_download3316528978885925615bin
Downloading https://repo.maven.apache.org/maven2/org/springframework/boot/spring-boot-starter-json/3.2.1/spring-boot-starter-json-3.2.1.module to /home/gradle/.gradle/.tmp/gradle_download16039168865363084300bin
Downloading https://repo.maven.apache.org/maven2/org/springframework/boot/spring-boot-starter-tomcat/3.2.1/spring-boot-starter-tomcat-3.2.1.module to /home/gradle/.gradle/.tmp/gradle_download4160580253562051975bin
Downloading https://repo.maven.apache.org/maven2/org/springframework/spring-web/6.1.2/spring-web-6.1.2.module to /home/gradle/.gradle/.tmp/gradle_download4196434100561909375bin
Downloading https://repo.maven.apache.org/maven2/org/springframework/spring-webmvc/6.1.2/spring-webmvc-6.1.2.module to /home/gradle/.gradle/.tmp/gradle_download6532925933119110087bin
Downloading https://repo.maven.apache.org/maven2/com/google/code/gson/gson/2.10.1/gson-2.10.1.pom to /home/gradle/.gradle/.tmp/gradle_download3946684254008637238bin
Downloading https://repo.maven.apache.org/maven2/com/fasterxml/jackson/dataformat/jackson-dataformat-toml/2.15.3/jackson-dataformat-toml-2.15.3.pom to /home/gradle/.gradle/.tmp/gradle_download14258120495594759424bin
Downloading https://repo.maven.apache.org/maven2/com/google/code/gson/gson-parent/2.10.1/gson-parent-2.10.1.pom to /home/gradle/.gradle/.tmp/gradle_download9615088343993528732bin
Downloading https://repo.maven.apache.org/maven2/com/fasterxml/jackson/dataformat/jackson-dataformats-text/2.15.3/jackson-dataformats-text-2.15.3.pom to /home/gradle/.gradle/.tmp/gradle_download17850805218314118138bin
Downloading https://repo.maven.apache.org/maven2/com/fasterxml/jackson/jackson-base/2.15.3/jackson-base-2.15.3.pom to /home/gradle/.gradle/.tmp/gradle_download5133388408540938480bin
Downloading https://repo.maven.apache.org/maven2/com/fasterxml/jackson/dataformat/jackson-dataformat-toml/2.15.3/jackson-dataformat-toml-2.15.3.module to /home/gradle/.gradle/.tmp/gradle_download817844917125674200bin
Downloading https://repo.maven.apache.org/maven2/com/querydsl/querydsl-core/5.0.0/querydsl-core-5.0.0.pom to /home/gradle/.gradle/.tmp/gradle_download3356565637262525496bin
Downloading https://repo.maven.apache.org/maven2/com/querydsl/codegen-utils/5.0.0/codegen-utils-5.0.0.pom to /home/gradle/.gradle/.tmp/gradle_download14383910999758269140bin
Downloading https://repo.maven.apache.org/maven2/javax/inject/javax.inject/1/javax.inject-1.pom to /home/gradle/.gradle/.tmp/gradle_download3136669566603475310bin
Downloading https://repo.maven.apache.org/maven2/io/github/classgraph/classgraph/4.8.108/classgraph-4.8.108.pom to /home/gradle/.gradle/.tmp/gradle_download5134910164726358465bin
Downloading https://repo.maven.apache.org/maven2/org/aspectj/aspectjweaver/1.9.21/aspectjweaver-1.9.21.pom to /home/gradle/.gradle/.tmp/gradle_download6884736628730860057bin
Downloading https://repo.maven.apache.org/maven2/org/springframework/spring-aop/6.1.2/spring-aop-6.1.2.pom to /home/gradle/.gradle/.tmp/gradle_download5593677778437551019bin
Downloading https://repo.maven.apache.org/maven2/org/springframework/spring-aop/6.1.2/spring-aop-6.1.2.module to /home/gradle/.gradle/.tmp/gradle_download13452696054753805334bin
Downloading https://repo.maven.apache.org/maven2/org/springframework/spring-jdbc/6.1.2/spring-jdbc-6.1.2.pom to /home/gradle/.gradle/.tmp/gradle_download3997512500104011011bin
Downloading https://repo.maven.apache.org/maven2/com/zaxxer/HikariCP/5.0.1/HikariCP-5.0.1.pom to /home/gradle/.gradle/.tmp/gradle_download11166017120046256127bin
Downloading https://repo.maven.apache.org/maven2/org/springframework/spring-jdbc/6.1.2/spring-jdbc-6.1.2.module to /home/gradle/.gradle/.tmp/gradle_download11089197158090016304bin
Found locally available resource with matching checksum: [https://repo.maven.apache.org/maven2/org/sonatype/oss/oss-parent/9/oss-parent-9.pom, /home/gradle/.gradle/caches/modules-2/files-2.1/org.sonatype.oss/oss-parent/9/e5cdc4d23b86d79c436f16fed20853284e868f65/oss-parent-9.pom]
Downloading https://repo.maven.apache.org/maven2/org/jboss/logging/jboss-logging/3.5.3.Final/jboss-logging-3.5.3.Final.pom to /home/gradle/.gradle/.tmp/gradle_download5086819715532959793bin
Downloading https://repo.maven.apache.org/maven2/jakarta/transaction/jakarta.transaction-api/2.0.1/jakarta.transaction-api-2.0.1.pom to /home/gradle/.gradle/.tmp/gradle_download10003723604167070827bin
Downloading https://repo.maven.apache.org/maven2/io/smallrye/jandex/3.1.2/jandex-3.1.2.pom to /home/gradle/.gradle/.tmp/gradle_download9001480620229068066bin
Downloading https://repo.maven.apache.org/maven2/org/hibernate/common/hibernate-commons-annotations/6.0.6.Final/hibernate-commons-annotations-6.0.6.Final.pom to /home/gradle/.gradle/.tmp/gradle_download6213669099174604503bin
Downloading https://repo.maven.apache.org/maven2/org/jboss/logging/logging-parent/1.0.1.Final/logging-parent-1.0.1.Final.pom to /home/gradle/.gradle/.tmp/gradle_download17579357535340592420bin
Downloading https://repo.maven.apache.org/maven2/org/eclipse/ee4j/project/1.0.6/project-1.0.6.pom to /home/gradle/.gradle/.tmp/gradle_download15899390891491487407bin
Downloading https://repo.maven.apache.org/maven2/io/smallrye/jandex-parent/3.1.2/jandex-parent-3.1.2.pom to /home/gradle/.gradle/.tmp/gradle_download12804244101843041373bin
Downloading https://repo.maven.apache.org/maven2/org/hibernate/common/hibernate-commons-annotations/6.0.6.Final/hibernate-commons-annotations-6.0.6.Final.module to /home/gradle/.gradle/.tmp/gradle_download10542835901779312896bin
Found locally available resource with matching checksum: [https://repo.maven.apache.org/maven2/org/junit/junit-bom/5.9.3/junit-bom-5.9.3.pom, /home/gradle/.gradle/caches/modules-2/files-2.1/org.junit/junit-bom/5.9.3/b1874b6a66656e4f5e4b492ab321249bcb749dc7/junit-bom-5.9.3.pom]
Downloading https://repo.maven.apache.org/maven2/io/smallrye/smallrye-build-parent/39/smallrye-build-parent-39.pom to /home/gradle/.gradle/.tmp/gradle_download7549615036456383303bin
Downloading https://repo.maven.apache.org/maven2/com/fasterxml/classmate/1.6.0/classmate-1.6.0.pom to /home/gradle/.gradle/.tmp/gradle_download9699105094689873761bin
Downloading https://repo.maven.apache.org/maven2/net/bytebuddy/byte-buddy/1.14.10/byte-buddy-1.14.10.pom to /home/gradle/.gradle/.tmp/gradle_download8361918180241155611bin
Found locally available resource with matching checksum: [https://repo.maven.apache.org/maven2/org/junit/junit-bom/5.9.3/junit-bom-5.9.3.module, /home/gradle/.gradle/caches/modules-2/files-2.1/org.junit/junit-bom/5.9.3/d70d3d9a503c573e648ef70fb2e211fbe44aa63e/junit-bom-5.9.3.module]
Downloading https://repo.maven.apache.org/maven2/net/bytebuddy/byte-buddy-parent/1.14.10/byte-buddy-parent-1.14.10.pom to /home/gradle/.gradle/.tmp/gradle_download7184685222973878738bin
Downloading https://repo.maven.apache.org/maven2/com/fasterxml/oss-parent/55/oss-parent-55.pom to /home/gradle/.gradle/.tmp/gradle_download7906420498249460002bin
Downloading https://repo.maven.apache.org/maven2/jakarta/xml/bind/jakarta.xml.bind-api/4.0.1/jakarta.xml.bind-api-4.0.1.pom to /home/gradle/.gradle/.tmp/gradle_download14837046101106451541bin
Downloading https://repo.maven.apache.org/maven2/org/glassfish/jaxb/jaxb-runtime/4.0.4/jaxb-runtime-4.0.4.pom to /home/gradle/.gradle/.tmp/gradle_download7538800564179707639bin
Downloading https://repo.maven.apache.org/maven2/jakarta/xml/bind/jakarta.xml.bind-api-parent/4.0.1/jakarta.xml.bind-api-parent-4.0.1.pom to /home/gradle/.gradle/.tmp/gradle_download13711449376451598089bin
Downloading https://repo.maven.apache.org/maven2/jakarta/inject/jakarta.inject-api/2.0.1/jakarta.inject-api-2.0.1.pom to /home/gradle/.gradle/.tmp/gradle_download2515835431101992897bin
Downloading https://repo.maven.apache.org/maven2/org/antlr/antlr4-runtime/4.13.0/antlr4-runtime-4.13.0.pom to /home/gradle/.gradle/.tmp/gradle_download9936568653776703789bin
Downloading https://repo.maven.apache.org/maven2/com/sun/xml/bind/mvn/jaxb-runtime-parent/4.0.4/jaxb-runtime-parent-4.0.4.pom to /home/gradle/.gradle/.tmp/gradle_download13624946704720651318bin
Downloading https://repo.maven.apache.org/maven2/com/sun/xml/bind/mvn/jaxb-parent/4.0.4/jaxb-parent-4.0.4.pom to /home/gradle/.gradle/.tmp/gradle_download6142096207178039478bin
Downloading https://repo.maven.apache.org/maven2/org/antlr/antlr4-master/4.13.0/antlr4-master-4.13.0.pom to /home/gradle/.gradle/.tmp/gradle_download11142899644357290962bin
Downloading https://repo.maven.apache.org/maven2/com/sun/xml/bind/jaxb-bom-ext/4.0.4/jaxb-bom-ext-4.0.4.pom to /home/gradle/.gradle/.tmp/gradle_download7051668096085850790bin
Downloading https://repo.maven.apache.org/maven2/org/springframework/data/spring-data-commons/3.2.1/spring-data-commons-3.2.1.pom to /home/gradle/.gradle/.tmp/gradle_download17918177760909749168bin
Downloading https://repo.maven.apache.org/maven2/org/springframework/spring-orm/6.1.2/spring-orm-6.1.2.pom to /home/gradle/.gradle/.tmp/gradle_download6266701935611511208bin
Downloading https://repo.maven.apache.org/maven2/org/springframework/spring-context/6.1.2/spring-context-6.1.2.pom to /home/gradle/.gradle/.tmp/gradle_download11580102243069680031bin
Downloading https://repo.maven.apache.org/maven2/org/springframework/spring-tx/6.1.2/spring-tx-6.1.2.pom to /home/gradle/.gradle/.tmp/gradle_download1161603669040183259bin
Downloading https://repo.maven.apache.org/maven2/org/springframework/spring-orm/6.1.2/spring-orm-6.1.2.module to /home/gradle/.gradle/.tmp/gradle_download1100766441540127351bin
Downloading https://repo.maven.apache.org/maven2/org/springframework/spring-context/6.1.2/spring-context-6.1.2.module to /home/gradle/.gradle/.tmp/gradle_download17965218859770678548bin
Downloading https://repo.maven.apache.org/maven2/org/springframework/spring-beans/6.1.2/spring-beans-6.1.2.pom to /home/gradle/.gradle/.tmp/gradle_download7203764368284610738bin
Downloading https://repo.maven.apache.org/maven2/org/springframework/spring-tx/6.1.2/spring-tx-6.1.2.module to /home/gradle/.gradle/.tmp/gradle_download11340239732047862996bin
Downloading https://repo.maven.apache.org/maven2/org/springframework/spring-core/6.1.2/spring-core-6.1.2.pom to /home/gradle/.gradle/.tmp/gradle_download8666862322570474266bin
Downloading https://repo.maven.apache.org/maven2/org/springframework/spring-beans/6.1.2/spring-beans-6.1.2.module to /home/gradle/.gradle/.tmp/gradle_download6655861708533342157bin
Downloading https://repo.maven.apache.org/maven2/org/slf4j/slf4j-api/2.0.9/slf4j-api-2.0.9.pom to /home/gradle/.gradle/.tmp/gradle_download16634695064875646598bin
Downloading https://repo.maven.apache.org/maven2/org/springframework/spring-core/6.1.2/spring-core-6.1.2.module to /home/gradle/.gradle/.tmp/gradle_download13640327859777418565bin
Downloading https://repo.maven.apache.org/maven2/org/slf4j/slf4j-parent/2.0.9/slf4j-parent-2.0.9.pom to /home/gradle/.gradle/.tmp/gradle_download9734687043560629175bin
Downloading https://repo.maven.apache.org/maven2/org/slf4j/slf4j-bom/2.0.9/slf4j-bom-2.0.9.pom to /home/gradle/.gradle/.tmp/gradle_download239711353895977520bin
Downloading https://repo.maven.apache.org/maven2/org/yaml/snakeyaml/2.2/snakeyaml-2.2.pom to /home/gradle/.gradle/.tmp/gradle_download6469536026130840129bin
Downloading https://repo.maven.apache.org/maven2/org/springframework/boot/spring-boot-autoconfigure/3.2.1/spring-boot-autoconfigure-3.2.1.pom to /home/gradle/.gradle/.tmp/gradle_download6342262924750133394bin
Downloading https://repo.maven.apache.org/maven2/org/springframework/boot/spring-boot-starter-logging/3.2.1/spring-boot-starter-logging-3.2.1.pom to /home/gradle/.gradle/.tmp/gradle_download2998686347642028896bin
Downloading https://repo.maven.apache.org/maven2/org/springframework/boot/spring-boot/3.2.1/spring-boot-3.2.1.pom to /home/gradle/.gradle/.tmp/gradle_download12350918011218299792bin
Cache entries evicted. In-memory cache of /home/gradle/project/.gradle/8.5/checksums/sha1-checksums.bin: Size{342} MaxSize{400}, CacheStats{hitCount=184, missCount=345, loadSuccessCount=343, loadExceptionCount=0, totalLoadTime=2209306396, evictionCount=1} 
Performance may suffer from in-memory cache misses. Increase max heap size of Gradle build process to reduce cache misses.
Downloading https://repo.maven.apache.org/maven2/org/springframework/boot/spring-boot/3.2.1/spring-boot-3.2.1.module to /home/gradle/.gradle/.tmp/gradle_download283198430282577126bin
Downloading https://repo.maven.apache.org/maven2/org/springframework/boot/spring-boot-autoconfigure/3.2.1/spring-boot-autoconfigure-3.2.1.module to /home/gradle/.gradle/.tmp/gradle_download11453268743515661800bin
Downloading https://repo.maven.apache.org/maven2/org/springframework/boot/spring-boot-starter-logging/3.2.1/spring-boot-starter-logging-3.2.1.module to /home/gradle/.gradle/.tmp/gradle_download6944720332542094223bin
Downloading https://repo.maven.apache.org/maven2/jakarta/validation/jakarta.validation-api/3.0.2/jakarta.validation-api-3.0.2.pom to /home/gradle/.gradle/.tmp/gradle_download10760514038789347425bin
Downloading https://repo.maven.apache.org/maven2/com/fasterxml/jackson/core/jackson-databind/2.15.3/jackson-databind-2.15.3.pom to /home/gradle/.gradle/.tmp/gradle_download12676197624583452936bin
Downloading https://repo.maven.apache.org/maven2/com/fasterxml/jackson/module/jackson-module-parameter-names/2.15.3/jackson-module-parameter-names-2.15.3.pom to /home/gradle/.gradle/.tmp/gradle_download4604552726258369365bin
Downloading https://repo.maven.apache.org/maven2/com/fasterxml/jackson/datatype/jackson-datatype-jsr310/2.15.3/jackson-datatype-jsr310-2.15.3.pom to /home/gradle/.gradle/.tmp/gradle_download14515010397491633052bin
Downloading https://repo.maven.apache.org/maven2/com/fasterxml/jackson/datatype/jackson-datatype-jdk8/2.15.3/jackson-datatype-jdk8-2.15.3.pom to /home/gradle/.gradle/.tmp/gradle_download16600585209849766905bin
Downloading https://repo.maven.apache.org/maven2/com/fasterxml/jackson/module/jackson-modules-java8/2.15.3/jackson-modules-java8-2.15.3.pom to /home/gradle/.gradle/.tmp/gradle_download4401288721351737913bin
Downloading https://repo.maven.apache.org/maven2/org/junit/junit-bom/5.9.2/junit-bom-5.9.2.pom to /home/gradle/.gradle/.tmp/gradle_download3444042339316374774bin
Downloading https://repo.maven.apache.org/maven2/org/junit/junit-bom/5.9.2/junit-bom-5.9.2.module to /home/gradle/.gradle/.tmp/gradle_download5674246891863591430bin
Downloading https://repo.maven.apache.org/maven2/com/fasterxml/jackson/datatype/jackson-datatype-jdk8/2.15.3/jackson-datatype-jdk8-2.15.3.module to /home/gradle/.gradle/.tmp/gradle_download7193963383877737803bin
Downloading https://repo.maven.apache.org/maven2/com/fasterxml/jackson/datatype/jackson-datatype-jsr310/2.15.3/jackson-datatype-jsr310-2.15.3.module to /home/gradle/.gradle/.tmp/gradle_download17926438233665430662bin
Downloading https://repo.maven.apache.org/maven2/com/fasterxml/jackson/module/jackson-module-parameter-names/2.15.3/jackson-module-parameter-names-2.15.3.module to /home/gradle/.gradle/.tmp/gradle_download13337459647622335649bin
Downloading https://repo.maven.apache.org/maven2/com/fasterxml/jackson/core/jackson-databind/2.15.3/jackson-databind-2.15.3.module to /home/gradle/.gradle/.tmp/gradle_download9967908920921548662bin
Downloading https://repo.maven.apache.org/maven2/org/apache/tomcat/embed/tomcat-embed-websocket/10.1.17/tomcat-embed-websocket-10.1.17.pom to /home/gradle/.gradle/.tmp/gradle_download18206091601109693832bin
Downloading https://repo.maven.apache.org/maven2/org/apache/tomcat/embed/tomcat-embed-core/10.1.17/tomcat-embed-core-10.1.17.pom to /home/gradle/.gradle/.tmp/gradle_download13592780514047052602bin
Downloading https://repo.maven.apache.org/maven2/io/micrometer/micrometer-observation/1.12.1/micrometer-observation-1.12.1.pom to /home/gradle/.gradle/.tmp/gradle_download7102404737783373867bin
Downloading https://repo.maven.apache.org/maven2/org/springframework/spring-expression/6.1.2/spring-expression-6.1.2.pom to /home/gradle/.gradle/.tmp/gradle_download5698688448603047073bin
Downloading https://repo.maven.apache.org/maven2/org/springframework/spring-expression/6.1.2/spring-expression-6.1.2.module to /home/gradle/.gradle/.tmp/gradle_download14525836731285207067bin
Downloading https://repo.maven.apache.org/maven2/com/fasterxml/jackson/core/jackson-core/2.15.3/jackson-core-2.15.3.pom to /home/gradle/.gradle/.tmp/gradle_download16561099678447402873bin
Downloading https://repo.maven.apache.org/maven2/com/fasterxml/jackson/core/jackson-core/2.15.3/jackson-core-2.15.3.module to /home/gradle/.gradle/.tmp/gradle_download16969222086257146717bin
Downloading https://repo.maven.apache.org/maven2/com/mysema/commons/mysema-commons-lang/0.2.4/mysema-commons-lang-0.2.4.pom to /home/gradle/.gradle/.tmp/gradle_download5084360078139936204bin
Downloading https://repo.maven.apache.org/maven2/com/mysema/home/mysema-source/0.3.0/mysema-source-0.3.0.pom to /home/gradle/.gradle/.tmp/gradle_download18163231589219903334bin
Downloading https://repo.maven.apache.org/maven2/org/eclipse/jdt/ecj/3.26.0/ecj-3.26.0.pom to /home/gradle/.gradle/.tmp/gradle_download3503825868541664704bin
Downloading https://repo.maven.apache.org/maven2/jakarta/activation/jakarta.activation-api/2.1.2/jakarta.activation-api-2.1.2.pom to /home/gradle/.gradle/.tmp/gradle_download18440429526167395310bin
Downloading https://repo.maven.apache.org/maven2/org/glassfish/jaxb/jaxb-core/4.0.4/jaxb-core-4.0.4.pom to /home/gradle/.gradle/.tmp/gradle_download2021647458317909260bin
Downloading https://repo.maven.apache.org/maven2/org/springframework/spring-jcl/6.1.2/spring-jcl-6.1.2.pom to /home/gradle/.gradle/.tmp/gradle_download13733289660484561584bin
Downloading https://repo.maven.apache.org/maven2/org/springframework/spring-jcl/6.1.2/spring-jcl-6.1.2.module to /home/gradle/.gradle/.tmp/gradle_download1034791598267768714bin
Downloading https://repo.maven.apache.org/maven2/org/apache/logging/log4j/log4j-to-slf4j/2.21.1/log4j-to-slf4j-2.21.1.pom to /home/gradle/.gradle/.tmp/gradle_download6711620181345755760bin
Downloading https://repo.maven.apache.org/maven2/ch/qos/logback/logback-classic/1.4.14/logback-classic-1.4.14.pom to /home/gradle/.gradle/.tmp/gradle_download14972784168583578453bin
Downloading https://repo.maven.apache.org/maven2/org/slf4j/jul-to-slf4j/2.0.9/jul-to-slf4j-2.0.9.pom to /home/gradle/.gradle/.tmp/gradle_download13756391753166246410bin
Downloading https://repo.maven.apache.org/maven2/org/apache/logging/log4j/log4j/2.21.1/log4j-2.21.1.pom to /home/gradle/.gradle/.tmp/gradle_download8419295980958582180bin
Downloading https://repo.maven.apache.org/maven2/ch/qos/logback/logback-parent/1.4.14/logback-parent-1.4.14.pom to /home/gradle/.gradle/.tmp/gradle_download5294717832056132711bin
Downloading https://repo.maven.apache.org/maven2/org/ow2/asm/asm-bom/9.5/asm-bom-9.5.pom to /home/gradle/.gradle/.tmp/gradle_download12027086318379078376bin
Downloading https://repo.maven.apache.org/maven2/org/ow2/ow2/1.5.1/ow2-1.5.1.pom to /home/gradle/.gradle/.tmp/gradle_download17830430095243418836bin
Downloading https://repo.maven.apache.org/maven2/org/codehaus/groovy/groovy-bom/3.0.19/groovy-bom-3.0.19.pom to /home/gradle/.gradle/.tmp/gradle_download13007702279821275211bin
Downloading https://repo.maven.apache.org/maven2/com/fasterxml/jackson/jackson-bom/2.15.2/jackson-bom-2.15.2.pom to /home/gradle/.gradle/.tmp/gradle_download6354679276751000661bin
Downloading https://repo.maven.apache.org/maven2/jakarta/platform/jakarta.jakartaee-bom/9.1.0/jakarta.jakartaee-bom-9.1.0.pom to /home/gradle/.gradle/.tmp/gradle_download4203923264414862804bin
Downloading https://repo.maven.apache.org/maven2/jakarta/platform/jakartaee-api-parent/9.1.0/jakartaee-api-parent-9.1.0.pom to /home/gradle/.gradle/.tmp/gradle_download16634919724454218558bin
Downloading https://repo.maven.apache.org/maven2/org/eclipse/jetty/jetty-bom/9.4.53.v20231009/jetty-bom-9.4.53.v20231009.pom to /home/gradle/.gradle/.tmp/gradle_download10485127482067563756bin
Downloading https://repo.maven.apache.org/maven2/org/junit/junit-bom/5.10.0/junit-bom-5.10.0.pom to /home/gradle/.gradle/.tmp/gradle_download13317763491338922200bin
Downloading https://repo.maven.apache.org/maven2/org/junit/junit-bom/5.10.0/junit-bom-5.10.0.module to /home/gradle/.gradle/.tmp/gradle_download18035027699281378588bin
Downloading https://repo.maven.apache.org/maven2/io/fabric8/kubernetes-client-bom/5.12.4/kubernetes-client-bom-5.12.4.pom to /home/gradle/.gradle/.tmp/gradle_download13547785454032169906bin
Downloading https://repo.maven.apache.org/maven2/org/mockito/mockito-bom/4.11.0/mockito-bom-4.11.0.pom to /home/gradle/.gradle/.tmp/gradle_download16646751101055275415bin
Downloading https://repo.maven.apache.org/maven2/io/netty/netty-bom/4.1.97.Final/netty-bom-4.1.97.Final.pom to /home/gradle/.gradle/.tmp/gradle_download11413634711795824496bin
Downloading https://repo.maven.apache.org/maven2/org/springframework/spring-framework-bom/5.3.29/spring-framework-bom-5.3.29.pom to /home/gradle/.gradle/.tmp/gradle_download3236856053042024188bin
Downloading https://repo.maven.apache.org/maven2/org/springframework/spring-framework-bom/5.3.29/spring-framework-bom-5.3.29.module to /home/gradle/.gradle/.tmp/gradle_download10824494919370877920bin
Downloading https://repo.maven.apache.org/maven2/com/fasterxml/jackson/core/jackson-annotations/2.15.3/jackson-annotations-2.15.3.pom to /home/gradle/.gradle/.tmp/gradle_download646458439411028798bin
Downloading https://repo.maven.apache.org/maven2/com/fasterxml/jackson/core/jackson-annotations/2.15.3/jackson-annotations-2.15.3.module to /home/gradle/.gradle/.tmp/gradle_download7298908252475373079bin
Downloading https://repo.maven.apache.org/maven2/io/micrometer/micrometer-commons/1.12.1/micrometer-commons-1.12.1.pom to /home/gradle/.gradle/.tmp/gradle_download5473149536136700554bin
Downloading https://repo.maven.apache.org/maven2/org/eclipse/angus/angus-activation/2.0.1/angus-activation-2.0.1.pom to /home/gradle/.gradle/.tmp/gradle_download1671799842209012674bin
Downloading https://repo.maven.apache.org/maven2/com/sun/istack/istack-commons-runtime/4.1.2/istack-commons-runtime-4.1.2.pom to /home/gradle/.gradle/.tmp/gradle_download1767139216792883255bin
Downloading https://repo.maven.apache.org/maven2/org/glassfish/jaxb/txw2/4.0.4/txw2-4.0.4.pom to /home/gradle/.gradle/.tmp/gradle_download16382642896601410495bin
Downloading https://repo.maven.apache.org/maven2/org/eclipse/angus/angus-activation-project/2.0.1/angus-activation-project-2.0.1.pom to /home/gradle/.gradle/.tmp/gradle_download18043541702147662994bin
Downloading https://repo.maven.apache.org/maven2/com/sun/istack/istack-commons/4.1.2/istack-commons-4.1.2.pom to /home/gradle/.gradle/.tmp/gradle_download16244533263723266855bin
Downloading https://repo.maven.apache.org/maven2/com/sun/xml/bind/mvn/jaxb-txw-parent/4.0.4/jaxb-txw-parent-4.0.4.pom to /home/gradle/.gradle/.tmp/gradle_download10304058934398746518bin
Downloading https://repo.maven.apache.org/maven2/ch/qos/logback/logback-core/1.4.14/logback-core-1.4.14.pom to /home/gradle/.gradle/.tmp/gradle_download13846797397777706581bin
Downloading https://repo.maven.apache.org/maven2/org/apache/logging/log4j/log4j-api/2.21.1/log4j-api-2.21.1.pom to /home/gradle/.gradle/.tmp/gradle_download13613744383334749493bin
Excluding []
Downloading https://repo.maven.apache.org/maven2/org/springframework/boot/spring-boot-starter-data-jpa/3.2.1/spring-boot-starter-data-jpa-3.2.1.jar to /home/gradle/.gradle/.tmp/gradle_download17062732391170102341bin
Downloading https://repo.maven.apache.org/maven2/com/querydsl/querydsl-apt/5.0.0/querydsl-apt-5.0.0-jakarta.jar to /home/gradle/.gradle/.tmp/gradle_download15625790803013516477bin
Downloading https://repo.maven.apache.org/maven2/org/springframework/data/spring-data-jpa/3.2.1/spring-data-jpa-3.2.1.jar to /home/gradle/.gradle/.tmp/gradle_download13387811536452116946bin
Downloading https://repo.maven.apache.org/maven2/org/springframework/boot/spring-boot-starter-validation/3.2.1/spring-boot-starter-validation-3.2.1.jar to /home/gradle/.gradle/.tmp/gradle_download14570007028270628705bin
Downloading https://repo.maven.apache.org/maven2/org/springframework/boot/spring-boot-starter-web/3.2.1/spring-boot-starter-web-3.2.1.jar to /home/gradle/.gradle/.tmp/gradle_download10434806341234782755bin
Downloading https://repo.maven.apache.org/maven2/org/springframework/boot/spring-boot-starter-aop/3.2.1/spring-boot-starter-aop-3.2.1.jar to /home/gradle/.gradle/.tmp/gradle_download11272077834414370371bin
Downloading https://repo.maven.apache.org/maven2/org/springframework/boot/spring-boot-starter-jdbc/3.2.1/spring-boot-starter-jdbc-3.2.1.jar to /home/gradle/.gradle/.tmp/gradle_download14287694927027548467bin
Downloading https://repo.maven.apache.org/maven2/org/springframework/boot/spring-boot-starter/3.2.1/spring-boot-starter-3.2.1.jar to /home/gradle/.gradle/.tmp/gradle_download2720794988258297961bin
Downloading https://repo.maven.apache.org/maven2/org/springframework/boot/spring-boot-starter-json/3.2.1/spring-boot-starter-json-3.2.1.jar to /home/gradle/.gradle/.tmp/gradle_download1260794126370376071bin
Downloading https://repo.maven.apache.org/maven2/org/springframework/boot/spring-boot-starter-tomcat/3.2.1/spring-boot-starter-tomcat-3.2.1.jar to /home/gradle/.gradle/.tmp/gradle_download3816494375056256244bin
Cache entries evicted. In-memory cache of /home/gradle/project/.gradle/8.5/checksums/sha1-checksums.bin: Size{393} MaxSize{400}, CacheStats{hitCount=287, missCount=438, loadSuccessCount=434, loadExceptionCount=0, totalLoadTime=2937830603, evictionCount=41} 
Performance may suffer from in-memory cache misses. Increase max heap size of Gradle build process to reduce cache misses.
Downloading https://repo.maven.apache.org/maven2/org/hibernate/orm/hibernate-core/6.4.1.Final/hibernate-core-6.4.1.Final.jar to /home/gradle/.gradle/.tmp/gradle_download4628538714456929278bin
Downloading https://repo.maven.apache.org/maven2/jakarta/annotation/jakarta.annotation-api/2.1.1/jakarta.annotation-api-2.1.1.jar to /home/gradle/.gradle/.tmp/gradle_download6810840294981497757bin
Downloading https://repo.maven.apache.org/maven2/jakarta/persistence/jakarta.persistence-api/3.1.0/jakarta.persistence-api-3.1.0.jar to /home/gradle/.gradle/.tmp/gradle_download14699810437013729832bin
Downloading https://repo.maven.apache.org/maven2/org/projectlombok/lombok/1.18.30/lombok-1.18.30.jar to /home/gradle/.gradle/.tmp/gradle_download15662908968894774756bin
Downloading https://repo.maven.apache.org/maven2/org/flywaydb/flyway-core/9.22.3/flyway-core-9.22.3.jar to /home/gradle/.gradle/.tmp/gradle_download5988042507421898368bin
Downloading https://repo.maven.apache.org/maven2/com/querydsl/querydsl-jpa/5.0.0/querydsl-jpa-5.0.0-jakarta.jar to /home/gradle/.gradle/.tmp/gradle_download10631810641210080891bin
Downloading https://repo.maven.apache.org/maven2/com/querydsl/querydsl-codegen/5.0.0/querydsl-codegen-5.0.0.jar to /home/gradle/.gradle/.tmp/gradle_download12122627625081600471bin
Downloading https://repo.maven.apache.org/maven2/org/springframework/spring-aspects/6.1.2/spring-aspects-6.1.2.jar to /home/gradle/.gradle/.tmp/gradle_download5532668035564924162bin
Downloading https://repo.maven.apache.org/maven2/org/apache/tomcat/embed/tomcat-embed-el/10.1.17/tomcat-embed-el-10.1.17.jar to /home/gradle/.gradle/.tmp/gradle_download1156759935113615885bin
Downloading https://repo.maven.apache.org/maven2/org/hibernate/validator/hibernate-validator/8.0.1.Final/hibernate-validator-8.0.1.Final.jar to /home/gradle/.gradle/.tmp/gradle_download4013916707540686307bin
Downloading https://repo.maven.apache.org/maven2/org/springframework/spring-web/6.1.2/spring-web-6.1.2.jar to /home/gradle/.gradle/.tmp/gradle_download6863360822007684710bin
Downloading https://repo.maven.apache.org/maven2/org/springframework/spring-webmvc/6.1.2/spring-webmvc-6.1.2.jar to /home/gradle/.gradle/.tmp/gradle_download5658561737590958155bin
Downloading https://repo.maven.apache.org/maven2/com/fasterxml/jackson/datatype/jackson-datatype-jdk8/2.15.3/jackson-datatype-jdk8-2.15.3.jar to /home/gradle/.gradle/.tmp/gradle_download8048511845237352629bin
Downloading https://repo.maven.apache.org/maven2/com/fasterxml/jackson/datatype/jackson-datatype-jsr310/2.15.3/jackson-datatype-jsr310-2.15.3.jar to /home/gradle/.gradle/.tmp/gradle_download2392926250318824516bin
Downloading https://repo.maven.apache.org/maven2/com/fasterxml/jackson/core/jackson-databind/2.15.3/jackson-databind-2.15.3.jar to /home/gradle/.gradle/.tmp/gradle_download4267405321364328954bin
Downloading https://repo.maven.apache.org/maven2/com/fasterxml/jackson/core/jackson-core/2.15.3/jackson-core-2.15.3.jar to /home/gradle/.gradle/.tmp/gradle_download993592824425446471bin
Downloading https://repo.maven.apache.org/maven2/com/fasterxml/jackson/module/jackson-module-parameter-names/2.15.3/jackson-module-parameter-names-2.15.3.jar to /home/gradle/.gradle/.tmp/gradle_download9989776485739602378bin
Downloading https://repo.maven.apache.org/maven2/com/fasterxml/jackson/core/jackson-annotations/2.15.3/jackson-annotations-2.15.3.jar to /home/gradle/.gradle/.tmp/gradle_download4051803309886389718bin
Downloading https://repo.maven.apache.org/maven2/com/google/code/gson/gson/2.10.1/gson-2.10.1.jar to /home/gradle/.gradle/.tmp/gradle_download4027487919364227903bin
Downloading https://repo.maven.apache.org/maven2/com/fasterxml/jackson/dataformat/jackson-dataformat-toml/2.15.3/jackson-dataformat-toml-2.15.3.jar to /home/gradle/.gradle/.tmp/gradle_download11975667546963312613bin
Downloading https://repo.maven.apache.org/maven2/com/querydsl/querydsl-core/5.0.0/querydsl-core-5.0.0.jar to /home/gradle/.gradle/.tmp/gradle_download7625980061954999139bin
Downloading https://repo.maven.apache.org/maven2/com/querydsl/codegen-utils/5.0.0/codegen-utils-5.0.0.jar to /home/gradle/.gradle/.tmp/gradle_download4592163345165672770bin
Downloading https://repo.maven.apache.org/maven2/javax/inject/javax.inject/1/javax.inject-1.jar to /home/gradle/.gradle/.tmp/gradle_download5256609668086602362bin
Downloading https://repo.maven.apache.org/maven2/io/github/classgraph/classgraph/4.8.108/classgraph-4.8.108.jar to /home/gradle/.gradle/.tmp/gradle_download4947164136470197894bin
Downloading https://repo.maven.apache.org/maven2/org/springframework/boot/spring-boot-autoconfigure/3.2.1/spring-boot-autoconfigure-3.2.1.jar to /home/gradle/.gradle/.tmp/gradle_download6191867034274969483bin
Downloading https://repo.maven.apache.org/maven2/org/springframework/boot/spring-boot/3.2.1/spring-boot-3.2.1.jar to /home/gradle/.gradle/.tmp/gradle_download10111353603987559411bin
Downloading https://repo.maven.apache.org/maven2/org/springframework/spring-context/6.1.2/spring-context-6.1.2.jar to /home/gradle/.gradle/.tmp/gradle_download14205687550074644120bin
Downloading https://repo.maven.apache.org/maven2/org/springframework/spring-aop/6.1.2/spring-aop-6.1.2.jar to /home/gradle/.gradle/.tmp/gradle_download1264614924503306819bin
Downloading https://repo.maven.apache.org/maven2/org/aspectj/aspectjweaver/1.9.21/aspectjweaver-1.9.21.jar to /home/gradle/.gradle/.tmp/gradle_download1598407328874824648bin
Downloading https://repo.maven.apache.org/maven2/com/zaxxer/HikariCP/5.0.1/HikariCP-5.0.1.jar to /home/gradle/.gradle/.tmp/gradle_download7742537809962919390bin
Downloading https://repo.maven.apache.org/maven2/org/springframework/spring-orm/6.1.2/spring-orm-6.1.2.jar to /home/gradle/.gradle/.tmp/gradle_download10874496404606398747bin
Downloading https://repo.maven.apache.org/maven2/org/springframework/spring-jdbc/6.1.2/spring-jdbc-6.1.2.jar to /home/gradle/.gradle/.tmp/gradle_download16309259095113941366bin
Downloading https://repo.maven.apache.org/maven2/jakarta/transaction/jakarta.transaction-api/2.0.1/jakarta.transaction-api-2.0.1.jar to /home/gradle/.gradle/.tmp/gradle_download5711664138575238988bin
Downloading https://repo.maven.apache.org/maven2/org/springframework/data/spring-data-commons/3.2.1/spring-data-commons-3.2.1.jar to /home/gradle/.gradle/.tmp/gradle_download14696979611274673174bin
Downloading https://repo.maven.apache.org/maven2/org/springframework/spring-tx/6.1.2/spring-tx-6.1.2.jar to /home/gradle/.gradle/.tmp/gradle_download3957150933879846564bin
Downloading https://repo.maven.apache.org/maven2/org/springframework/spring-beans/6.1.2/spring-beans-6.1.2.jar to /home/gradle/.gradle/.tmp/gradle_download13722019833958309242bin
Downloading https://repo.maven.apache.org/maven2/org/springframework/spring-expression/6.1.2/spring-expression-6.1.2.jar to /home/gradle/.gradle/.tmp/gradle_download15395630859063476223bin
Downloading https://repo.maven.apache.org/maven2/org/springframework/spring-core/6.1.2/spring-core-6.1.2.jar to /home/gradle/.gradle/.tmp/gradle_download702440001563730981bin
Downloading https://repo.maven.apache.org/maven2/org/antlr/antlr4-runtime/4.13.0/antlr4-runtime-4.13.0.jar to /home/gradle/.gradle/.tmp/gradle_download16851305230680131163bin
Downloading https://repo.maven.apache.org/maven2/org/springframework/boot/spring-boot-starter-logging/3.2.1/spring-boot-starter-logging-3.2.1.jar to /home/gradle/.gradle/.tmp/gradle_download16593052666560942848bin
Downloading https://repo.maven.apache.org/maven2/ch/qos/logback/logback-classic/1.4.14/logback-classic-1.4.14.jar to /home/gradle/.gradle/.tmp/gradle_download4061941464551065870bin
Downloading https://repo.maven.apache.org/maven2/org/apache/logging/log4j/log4j-to-slf4j/2.21.1/log4j-to-slf4j-2.21.1.jar to /home/gradle/.gradle/.tmp/gradle_download10458218487766093250bin
Downloading https://repo.maven.apache.org/maven2/org/slf4j/jul-to-slf4j/2.0.9/jul-to-slf4j-2.0.9.jar to /home/gradle/.gradle/.tmp/gradle_download16018422688577329474bin
Downloading https://repo.maven.apache.org/maven2/org/slf4j/slf4j-api/2.0.9/slf4j-api-2.0.9.jar to /home/gradle/.gradle/.tmp/gradle_download2020641044439846713bin
Downloading https://repo.maven.apache.org/maven2/org/yaml/snakeyaml/2.2/snakeyaml-2.2.jar to /home/gradle/.gradle/.tmp/gradle_download3857716677440358972bin
Downloading https://repo.maven.apache.org/maven2/org/jboss/logging/jboss-logging/3.5.3.Final/jboss-logging-3.5.3.Final.jar to /home/gradle/.gradle/.tmp/gradle_download4102898051189439677bin
Downloading https://repo.maven.apache.org/maven2/com/fasterxml/classmate/1.6.0/classmate-1.6.0.jar to /home/gradle/.gradle/.tmp/gradle_download10405402434374146599bin
Downloading https://repo.maven.apache.org/maven2/jakarta/validation/jakarta.validation-api/3.0.2/jakarta.validation-api-3.0.2.jar to /home/gradle/.gradle/.tmp/gradle_download1879931987893088469bin
Cache entries evicted. In-memory cache of /home/gradle/project/.gradle/8.5/checksums/sha1-checksums.bin: Size{400} MaxSize{400}, CacheStats{hitCount=287, missCount=485, loadSuccessCount=481, loadExceptionCount=0, totalLoadTime=3566801091, evictionCount=81} 
Performance may suffer from in-memory cache misses. Increase max heap size of Gradle build process to reduce cache misses.
Downloading https://repo.maven.apache.org/maven2/org/apache/tomcat/embed/tomcat-embed-websocket/10.1.17/tomcat-embed-websocket-10.1.17.jar to /home/gradle/.gradle/.tmp/gradle_download116839287488849616bin
Downloading https://repo.maven.apache.org/maven2/org/apache/tomcat/embed/tomcat-embed-core/10.1.17/tomcat-embed-core-10.1.17.jar to /home/gradle/.gradle/.tmp/gradle_download1769683126883921804bin
Downloading https://repo.maven.apache.org/maven2/com/mysema/commons/mysema-commons-lang/0.2.4/mysema-commons-lang-0.2.4.jar to /home/gradle/.gradle/.tmp/gradle_download10092902525205908825bin
Downloading https://repo.maven.apache.org/maven2/org/eclipse/jdt/ecj/3.26.0/ecj-3.26.0.jar to /home/gradle/.gradle/.tmp/gradle_download4113541111652676880bin
Downloading https://repo.maven.apache.org/maven2/io/micrometer/micrometer-observation/1.12.1/micrometer-observation-1.12.1.jar to /home/gradle/.gradle/.tmp/gradle_download17541172311674933358bin
Downloading https://repo.maven.apache.org/maven2/org/springframework/spring-jcl/6.1.2/spring-jcl-6.1.2.jar to /home/gradle/.gradle/.tmp/gradle_download3569983413619816978bin
Downloading https://repo.maven.apache.org/maven2/io/micrometer/micrometer-commons/1.12.1/micrometer-commons-1.12.1.jar to /home/gradle/.gradle/.tmp/gradle_download5687334983105393922bin
Downloading https://repo.maven.apache.org/maven2/org/apache/logging/log4j/log4j-api/2.21.1/log4j-api-2.21.1.jar to /home/gradle/.gradle/.tmp/gradle_download13100416560650482380bin
Downloading https://repo.maven.apache.org/maven2/ch/qos/logback/logback-core/1.4.14/logback-core-1.4.14.jar to /home/gradle/.gradle/.tmp/gradle_download4801302438130415683bin
Excluding []
Caching disabled for task ':compileJava' because:
  Build cache is disabled
Task ':compileJava' is not up-to-date because:
  Input property 'stableSources' file /home/gradle/project/src/main/java/com/sorin/glossary/domain/term/dto/TermResponse.java has changed.
Created classpath snapshot for incremental compilation in 8.958 secs.
Compiling with toolchain '/opt/java/openjdk'.
Compiling with JDK Java compiler API.
Incremental compilation of 6 classes completed in 12.599 secs.
Class dependency analysis for incremental compilation took 0.276 secs.
Resolve mutations for :processResources (Thread[Execution worker Thread 2,5,main]) started.
:processResources (Thread[Execution worker Thread 2,5,main]) started.

> Task :processResources UP-TO-DATE
Caching disabled for task ':processResources' because:
  Build cache is disabled
Skipping task ':processResources' as it is up-to-date.
Resolve mutations for :classes (Thread[Execution worker Thread 2,5,main]) started.
:classes (Thread[Execution worker Thread 2,5,main]) started.

> Task :classes
Skipping task ':classes' as it has no actions.
Resolve mutations for :compileTestJava (Thread[Execution worker Thread 2,5,main]) started.
:compileTestJava (Thread[Execution worker Thread 2,5,main]) started.

> Task :compileTestJava
Downloading https://repo.maven.apache.org/maven2/org/springframework/boot/spring-boot-starter-test/3.2.1/spring-boot-starter-test-3.2.1.pom to /home/gradle/.gradle/.tmp/gradle_download2748036957773838168bin
Downloading https://repo.maven.apache.org/maven2/org/springframework/boot/spring-boot-starter-test/3.2.1/spring-boot-starter-test-3.2.1.module to /home/gradle/.gradle/.tmp/gradle_download5207189868418759945bin
Downloading https://repo.maven.apache.org/maven2/org/springframework/boot/spring-boot-test-autoconfigure/3.2.1/spring-boot-test-autoconfigure-3.2.1.pom to /home/gradle/.gradle/.tmp/gradle_download6725999337224280057bin
Downloading https://repo.maven.apache.org/maven2/com/jayway/jsonpath/json-path/2.8.0/json-path-2.8.0.pom to /home/gradle/.gradle/.tmp/gradle_download12232685176941092137bin
Downloading https://repo.maven.apache.org/maven2/net/minidev/json-smart/2.5.0/json-smart-2.5.0.pom to /home/gradle/.gradle/.tmp/gradle_download8527483260049788469bin
Downloading https://repo.maven.apache.org/maven2/org/springframework/boot/spring-boot-test-autoconfigure/3.2.1/spring-boot-test-autoconfigure-3.2.1.module to /home/gradle/.gradle/.tmp/gradle_download13993793957461891708bin
Downloading https://repo.maven.apache.org/maven2/org/springframework/boot/spring-boot-test/3.2.1/spring-boot-test-3.2.1.pom to /home/gradle/.gradle/.tmp/gradle_download15655567963322653703bin
Downloading https://repo.maven.apache.org/maven2/com/jayway/jsonpath/json-path/2.8.0/json-path-2.8.0.module to /home/gradle/.gradle/.tmp/gradle_download7431320958267738352bin
Downloading https://repo.maven.apache.org/maven2/org/assertj/assertj-core/3.24.2/assertj-core-3.24.2.pom to /home/gradle/.gradle/.tmp/gradle_download3978751771842855590bin
Downloading https://repo.maven.apache.org/maven2/org/awaitility/awaitility/4.2.0/awaitility-4.2.0.pom to /home/gradle/.gradle/.tmp/gradle_download17039922926059117587bin
Downloading https://repo.maven.apache.org/maven2/org/springframework/boot/spring-boot-test/3.2.1/spring-boot-test-3.2.1.module to /home/gradle/.gradle/.tmp/gradle_download17791491647284087737bin
Downloading https://repo.maven.apache.org/maven2/org/hamcrest/hamcrest/2.2/hamcrest-2.2.pom to /home/gradle/.gradle/.tmp/gradle_download9442449866995004820bin
Downloading https://repo.maven.apache.org/maven2/org/awaitility/awaitility-parent/4.2.0/awaitility-parent-4.2.0.pom to /home/gradle/.gradle/.tmp/gradle_download10022826569493358530bin
Downloading https://repo.maven.apache.org/maven2/org/assertj/assertj-parent/3.24.2/assertj-parent-3.24.2.pom to /home/gradle/.gradle/.tmp/gradle_download7647214501991813200bin
Downloading https://repo.maven.apache.org/maven2/org/junit/jupiter/junit-jupiter/5.10.1/junit-jupiter-5.10.1.pom to /home/gradle/.gradle/.tmp/gradle_download2817574386143464785bin
Downloading https://repo.maven.apache.org/maven2/org/assertj/assertj-build/3.24.2/assertj-build-3.24.2.pom to /home/gradle/.gradle/.tmp/gradle_download15782167082538136488bin
Downloading https://repo.maven.apache.org/maven2/org/mockito/mockito-core/5.7.0/mockito-core-5.7.0.pom to /home/gradle/.gradle/.tmp/gradle_download10743744329142439669bin
Downloading https://repo.maven.apache.org/maven2/org/mockito/mockito-junit-jupiter/5.7.0/mockito-junit-jupiter-5.7.0.pom to /home/gradle/.gradle/.tmp/gradle_download14048918553920570927bin
Downloading https://repo.maven.apache.org/maven2/org/junit/jupiter/junit-jupiter/5.10.1/junit-jupiter-5.10.1.module to /home/gradle/.gradle/.tmp/gradle_download12747921484643223734bin
Downloading https://repo.maven.apache.org/maven2/org/skyscreamer/jsonassert/1.5.1/jsonassert-1.5.1.pom to /home/gradle/.gradle/.tmp/gradle_download5569871490843016970bin
Found locally available resource with matching checksum: [https://repo.maven.apache.org/maven2/org/junit/junit-bom/5.9.1/junit-bom-5.9.1.pom, /home/gradle/.gradle/caches/modules-2/files-2.1/org.junit/junit-bom/5.9.1/ce71051be5ac4cea4e06a25fc100a0e64bcf6a1c/junit-bom-5.9.1.pom]
Downloading https://repo.maven.apache.org/maven2/org/springframework/spring-test/6.1.2/spring-test-6.1.2.pom to /home/gradle/.gradle/.tmp/gradle_download11081937010126713976bin
Downloading https://repo.maven.apache.org/maven2/org/xmlunit/xmlunit-core/2.9.1/xmlunit-core-2.9.1.pom to /home/gradle/.gradle/.tmp/gradle_download3152206891305819317bin
Downloading https://repo.maven.apache.org/maven2/org/springframework/spring-test/6.1.2/spring-test-6.1.2.module to /home/gradle/.gradle/.tmp/gradle_download5402619368806155707bin
Found locally available resource with matching checksum: [https://repo.maven.apache.org/maven2/org/junit/junit-bom/5.9.1/junit-bom-5.9.1.module, /home/gradle/.gradle/caches/modules-2/files-2.1/org.junit/junit-bom/5.9.1/aa05de0691bfa54aa1ef72b25bbb0fcfd6ec480b/junit-bom-5.9.1.module]
Downloading https://repo.maven.apache.org/maven2/org/xmlunit/xmlunit-parent/2.9.1/xmlunit-parent-2.9.1.pom to /home/gradle/.gradle/.tmp/gradle_download6719239912909058224bin
Cache entries evicted. In-memory cache of /home/gradle/project/.gradle/8.5/checksums/sha1-checksums.bin: Size{400} MaxSize{400}, CacheStats{hitCount=295, missCount=525, loadSuccessCount=522, loadExceptionCount=0, totalLoadTime=3810052861, evictionCount=122} 
Performance may suffer from in-memory cache misses. Increase max heap size of Gradle build process to reduce cache misses.
Cache entries evicted. In-memory cache of /home/gradle/project/.gradle/8.5/checksums/sha1-checksums.bin: Size{400} MaxSize{400}, CacheStats{hitCount=295, missCount=525, loadSuccessCount=522, loadExceptionCount=0, totalLoadTime=3810052861, evictionCount=122} 
Performance may suffer from in-memory cache misses. Increase max heap size of Gradle build process to reduce cache misses.
Downloading https://repo.maven.apache.org/maven2/net/minidev/accessors-smart/2.5.0/accessors-smart-2.5.0.pom to /home/gradle/.gradle/.tmp/gradle_download4456032326384335841bin
Downloading https://repo.maven.apache.org/maven2/org/junit/jupiter/junit-jupiter-engine/5.10.1/junit-jupiter-engine-5.10.1.pom to /home/gradle/.gradle/.tmp/gradle_download1750135947456578923bin
Downloading https://repo.maven.apache.org/maven2/org/junit/jupiter/junit-jupiter-params/5.10.1/junit-jupiter-params-5.10.1.pom to /home/gradle/.gradle/.tmp/gradle_download9807888970301716251bin
Downloading https://repo.maven.apache.org/maven2/org/junit/jupiter/junit-jupiter-api/5.10.1/junit-jupiter-api-5.10.1.pom to /home/gradle/.gradle/.tmp/gradle_download8291206578158410527bin
Downloading https://repo.maven.apache.org/maven2/org/junit/jupiter/junit-jupiter-params/5.10.1/junit-jupiter-params-5.10.1.module to /home/gradle/.gradle/.tmp/gradle_download1058830896076806597bin
Downloading https://repo.maven.apache.org/maven2/org/junit/jupiter/junit-jupiter-engine/5.10.1/junit-jupiter-engine-5.10.1.module to /home/gradle/.gradle/.tmp/gradle_download9629855336217669368bin
Downloading https://repo.maven.apache.org/maven2/org/junit/jupiter/junit-jupiter-api/5.10.1/junit-jupiter-api-5.10.1.module to /home/gradle/.gradle/.tmp/gradle_download5855816168501877038bin
Downloading https://repo.maven.apache.org/maven2/org/objenesis/objenesis/3.3/objenesis-3.3.pom to /home/gradle/.gradle/.tmp/gradle_download5090732853813212948bin
Downloading https://repo.maven.apache.org/maven2/net/bytebuddy/byte-buddy-agent/1.14.10/byte-buddy-agent-1.14.10.pom to /home/gradle/.gradle/.tmp/gradle_download9228783668410205538bin
Downloading https://repo.maven.apache.org/maven2/org/objenesis/objenesis-parent/3.3/objenesis-parent-3.3.pom to /home/gradle/.gradle/.tmp/gradle_download3759187183945745159bin
Downloading https://repo.maven.apache.org/maven2/com/vaadin/external/google/android-json/0.0.20131108.vaadin1/android-json-0.0.20131108.vaadin1.pom to /home/gradle/.gradle/.tmp/gradle_download9171521959541077971bin
Downloading https://repo.maven.apache.org/maven2/org/ow2/asm/asm/9.3/asm-9.3.pom to /home/gradle/.gradle/.tmp/gradle_download9522824644875960672bin
Downloading https://repo.maven.apache.org/maven2/org/ow2/ow2/1.5/ow2-1.5.pom to /home/gradle/.gradle/.tmp/gradle_download10440841830240709560bin
Downloading https://repo.maven.apache.org/maven2/org/opentest4j/opentest4j/1.3.0/opentest4j-1.3.0.pom to /home/gradle/.gradle/.tmp/gradle_download15556032324453159778bin
Downloading https://repo.maven.apache.org/maven2/org/opentest4j/opentest4j/1.3.0/opentest4j-1.3.0.module to /home/gradle/.gradle/.tmp/gradle_download11249387741683648402bin
Downloading https://repo.maven.apache.org/maven2/org/junit/platform/junit-platform-commons/1.10.1/junit-platform-commons-1.10.1.pom to /home/gradle/.gradle/.tmp/gradle_download12202913482495700170bin
Downloading https://repo.maven.apache.org/maven2/org/junit/platform/junit-platform-commons/1.10.1/junit-platform-commons-1.10.1.module to /home/gradle/.gradle/.tmp/gradle_download7146435595765025746bin
Downloading https://repo.maven.apache.org/maven2/org/junit/platform/junit-platform-engine/1.10.1/junit-platform-engine-1.10.1.pom to /home/gradle/.gradle/.tmp/gradle_download551121135071905685bin
Downloading https://repo.maven.apache.org/maven2/org/junit/platform/junit-platform-engine/1.10.1/junit-platform-engine-1.10.1.module to /home/gradle/.gradle/.tmp/gradle_download17312123093974234426bin
Excluding []
Downloading https://repo.maven.apache.org/maven2/org/apiguardian/apiguardian-api/1.1.2/apiguardian-api-1.1.2.pom to /home/gradle/.gradle/.tmp/gradle_download16595894192141230789bin
Downloading https://repo.maven.apache.org/maven2/org/apiguardian/apiguardian-api/1.1.2/apiguardian-api-1.1.2.module to /home/gradle/.gradle/.tmp/gradle_download1263291211220322243bin
Downloading https://repo.maven.apache.org/maven2/org/springframework/boot/spring-boot-test-autoconfigure/3.2.1/spring-boot-test-autoconfigure-3.2.1.jar to /home/gradle/.gradle/.tmp/gradle_download14798458878535080190bin
Downloading https://repo.maven.apache.org/maven2/org/springframework/boot/spring-boot-starter-test/3.2.1/spring-boot-starter-test-3.2.1.jar to /home/gradle/.gradle/.tmp/gradle_download262714341696959834bin
Downloading https://repo.maven.apache.org/maven2/org/springframework/boot/spring-boot-test/3.2.1/spring-boot-test-3.2.1.jar to /home/gradle/.gradle/.tmp/gradle_download9058891597834268062bin
Downloading https://repo.maven.apache.org/maven2/com/jayway/jsonpath/json-path/2.8.0/json-path-2.8.0.jar to /home/gradle/.gradle/.tmp/gradle_download12110232809574310087bin
Downloading https://repo.maven.apache.org/maven2/net/minidev/json-smart/2.5.0/json-smart-2.5.0.jar to /home/gradle/.gradle/.tmp/gradle_download6234120710789030326bin
Downloading https://repo.maven.apache.org/maven2/jakarta/xml/bind/jakarta.xml.bind-api/4.0.1/jakarta.xml.bind-api-4.0.1.jar to /home/gradle/.gradle/.tmp/gradle_download1840127211791029599bin
Downloading https://repo.maven.apache.org/maven2/org/awaitility/awaitility/4.2.0/awaitility-4.2.0.jar to /home/gradle/.gradle/.tmp/gradle_download9791191526344817697bin
Downloading https://repo.maven.apache.org/maven2/org/assertj/assertj-core/3.24.2/assertj-core-3.24.2.jar to /home/gradle/.gradle/.tmp/gradle_download1564509501234931334bin
Downloading https://repo.maven.apache.org/maven2/org/hamcrest/hamcrest/2.2/hamcrest-2.2.jar to /home/gradle/.gradle/.tmp/gradle_download8876080313254394237bin
Downloading https://repo.maven.apache.org/maven2/org/junit/jupiter/junit-jupiter-params/5.10.1/junit-jupiter-params-5.10.1.jar to /home/gradle/.gradle/.tmp/gradle_download6056233888941103990bin
Downloading https://repo.maven.apache.org/maven2/org/junit/jupiter/junit-jupiter-api/5.10.1/junit-jupiter-api-5.10.1.jar to /home/gradle/.gradle/.tmp/gradle_download2453637191109582223bin
Downloading https://repo.maven.apache.org/maven2/org/junit/jupiter/junit-jupiter/5.10.1/junit-jupiter-5.10.1.jar to /home/gradle/.gradle/.tmp/gradle_download13476824883490239008bin
Downloading https://repo.maven.apache.org/maven2/org/mockito/mockito-junit-jupiter/5.7.0/mockito-junit-jupiter-5.7.0.jar to /home/gradle/.gradle/.tmp/gradle_download12559117955798392793bin
Downloading https://repo.maven.apache.org/maven2/org/junit/platform/junit-platform-commons/1.10.1/junit-platform-commons-1.10.1.jar to /home/gradle/.gradle/.tmp/gradle_download11764474009608923276bin
Downloading https://repo.maven.apache.org/maven2/org/skyscreamer/jsonassert/1.5.1/jsonassert-1.5.1.jar to /home/gradle/.gradle/.tmp/gradle_download99381135540518103bin
Cache entries evicted. In-memory cache of /home/gradle/project/.gradle/8.5/checksums/sha1-checksums.bin: Size{400} MaxSize{400}, CacheStats{hitCount=304, missCount=565, loadSuccessCount=561, loadExceptionCount=0, totalLoadTime=3865627391, evictionCount=161} 
Performance may suffer from in-memory cache misses. Increase max heap size of Gradle build process to reduce cache misses.
Downloading https://repo.maven.apache.org/maven2/org/mockito/mockito-core/5.7.0/mockito-core-5.7.0.jar to /home/gradle/.gradle/.tmp/gradle_download10500198619700149989bin
Downloading https://repo.maven.apache.org/maven2/org/springframework/spring-test/6.1.2/spring-test-6.1.2.jar to /home/gradle/.gradle/.tmp/gradle_download5165600489405701562bin
Downloading https://repo.maven.apache.org/maven2/org/xmlunit/xmlunit-core/2.9.1/xmlunit-core-2.9.1.jar to /home/gradle/.gradle/.tmp/gradle_download27131876505389142bin
Downloading https://repo.maven.apache.org/maven2/jakarta/activation/jakarta.activation-api/2.1.2/jakarta.activation-api-2.1.2.jar to /home/gradle/.gradle/.tmp/gradle_download15296164561128863929bin
Downloading https://repo.maven.apache.org/maven2/net/minidev/accessors-smart/2.5.0/accessors-smart-2.5.0.jar to /home/gradle/.gradle/.tmp/gradle_download172740343618681082bin
Downloading https://repo.maven.apache.org/maven2/net/bytebuddy/byte-buddy/1.14.10/byte-buddy-1.14.10.jar to /home/gradle/.gradle/.tmp/gradle_download12297993582961787022bin
Downloading https://repo.maven.apache.org/maven2/net/bytebuddy/byte-buddy-agent/1.14.10/byte-buddy-agent-1.14.10.jar to /home/gradle/.gradle/.tmp/gradle_download10318564667490064465bin
Downloading https://repo.maven.apache.org/maven2/org/opentest4j/opentest4j/1.3.0/opentest4j-1.3.0.jar to /home/gradle/.gradle/.tmp/gradle_download13009100271753885204bin
Downloading https://repo.maven.apache.org/maven2/org/ow2/asm/asm/9.3/asm-9.3.jar to /home/gradle/.gradle/.tmp/gradle_download2970721438986379131bin
Downloading https://repo.maven.apache.org/maven2/com/vaadin/external/google/android-json/0.0.20131108.vaadin1/android-json-0.0.20131108.vaadin1.jar to /home/gradle/.gradle/.tmp/gradle_download1329775008354532982bin
Downloading https://repo.maven.apache.org/maven2/org/apiguardian/apiguardian-api/1.1.2/apiguardian-api-1.1.2.jar to /home/gradle/.gradle/.tmp/gradle_download11473556680447870201bin
Excluding []
Caching disabled for task ':compileTestJava' because:
  Build cache is disabled
Task ':compileTestJava' is not up-to-date because:
  Input property 'stableSources' file /home/gradle/project/src/test/java/com/sorin/glossary/domain/term/presentation/TermControllerTest.java has changed.
Created classpath snapshot for incremental compilation in 2.597 secs.
Compiling with toolchain '/opt/java/openjdk'.
Compiling with JDK Java compiler API.
Incremental compilation of 1 classes completed in 4.249 secs.
Class dependency analysis for incremental compilation took 0.05 secs.
Resolve mutations for :processTestResources (Thread[Execution worker Thread 2,5,main]) started.
:processTestResources (Thread[Execution worker Thread 2,5,main]) started.

> Task :processTestResources UP-TO-DATE
Caching disabled for task ':processTestResources' because:
  Build cache is disabled
Skipping task ':processTestResources' as it is up-to-date.
Resolve mutations for :testClasses (Thread[Execution worker Thread 2,5,main]) started.
:testClasses (Thread[Execution worker Thread 2,5,main]) started.

> Task :testClasses
Skipping task ':testClasses' as it has no actions.
Resolve mutations for :test (Thread[Execution worker Thread 2,5,main]) started.
:test (Thread[Execution worker Thread 2,5,main]) started.

> Task :test
Downloading https://repo.maven.apache.org/maven2/com/h2database/h2/2.2.224/h2-2.2.224.pom to /home/gradle/.gradle/.tmp/gradle_download3029993202818464445bin
Downloading https://repo.maven.apache.org/maven2/org/postgresql/postgresql/42.6.0/postgresql-42.6.0.pom to /home/gradle/.gradle/.tmp/gradle_download7497266257579002693bin
Downloading https://repo.maven.apache.org/maven2/org/checkerframework/checker-qual/3.31.0/checker-qual-3.31.0.pom to /home/gradle/.gradle/.tmp/gradle_download12735978158990253085bin
Downloading https://repo.maven.apache.org/maven2/org/checkerframework/checker-qual/3.31.0/checker-qual-3.31.0.module to /home/gradle/.gradle/.tmp/gradle_download8699063006884689436bin
Excluding []
Downloading https://repo.maven.apache.org/maven2/org/postgresql/postgresql/42.6.0/postgresql-42.6.0.jar to /home/gradle/.gradle/.tmp/gradle_download7207610415646741260bin
Downloading https://repo.maven.apache.org/maven2/com/h2database/h2/2.2.224/h2-2.2.224.jar to /home/gradle/.gradle/.tmp/gradle_download5516663466184125919bin
Downloading https://repo.maven.apache.org/maven2/org/glassfish/jaxb/jaxb-runtime/4.0.4/jaxb-runtime-4.0.4.jar to /home/gradle/.gradle/.tmp/gradle_download8777087063685899821bin
Downloading https://repo.maven.apache.org/maven2/org/checkerframework/checker-qual/3.31.0/checker-qual-3.31.0.jar to /home/gradle/.gradle/.tmp/gradle_download7285146390527738261bin
Downloading https://repo.maven.apache.org/maven2/org/glassfish/jaxb/jaxb-core/4.0.4/jaxb-core-4.0.4.jar to /home/gradle/.gradle/.tmp/gradle_download16679524737134439952bin
Downloading https://repo.maven.apache.org/maven2/org/junit/jupiter/junit-jupiter-engine/5.10.1/junit-jupiter-engine-5.10.1.jar to /home/gradle/.gradle/.tmp/gradle_download7334298907489455063bin
Downloading https://repo.maven.apache.org/maven2/org/junit/platform/junit-platform-engine/1.10.1/junit-platform-engine-1.10.1.jar to /home/gradle/.gradle/.tmp/gradle_download4459653071558847926bin
Downloading https://repo.maven.apache.org/maven2/org/hibernate/common/hibernate-commons-annotations/6.0.6.Final/hibernate-commons-annotations-6.0.6.Final.jar to /home/gradle/.gradle/.tmp/gradle_download3069776650960106877bin
Downloading https://repo.maven.apache.org/maven2/io/smallrye/jandex/3.1.2/jandex-3.1.2.jar to /home/gradle/.gradle/.tmp/gradle_download14840153515720713213bin
Downloading https://repo.maven.apache.org/maven2/jakarta/inject/jakarta.inject-api/2.0.1/jakarta.inject-api-2.0.1.jar to /home/gradle/.gradle/.tmp/gradle_download15543421930692546138bin
Downloading https://repo.maven.apache.org/maven2/org/eclipse/angus/angus-activation/2.0.1/angus-activation-2.0.1.jar to /home/gradle/.gradle/.tmp/gradle_download14078016813781916554bin
Downloading https://repo.maven.apache.org/maven2/org/glassfish/jaxb/txw2/4.0.4/txw2-4.0.4.jar to /home/gradle/.gradle/.tmp/gradle_download17964561757368730858bin
Downloading https://repo.maven.apache.org/maven2/com/sun/istack/istack-commons-runtime/4.1.2/istack-commons-runtime-4.1.2.jar to /home/gradle/.gradle/.tmp/gradle_download14807541318113397749bin
Downloading https://repo.maven.apache.org/maven2/org/objenesis/objenesis/3.3/objenesis-3.3.jar to /home/gradle/.gradle/.tmp/gradle_download11300274829252875019bin
Caching disabled for task ':test' because:
  Build cache is disabled
Task ':test' is not up-to-date because:
  Task has failed previously.
Starting process 'Gradle Test Executor 1'. Working directory: /home/gradle/project Command: /opt/java/openjdk/bin/java -Dorg.gradle.internal.worker.tmpdir=/home/gradle/project/build/tmp/test/work -Dorg.gradle.native=false @/home/gradle/.gradle/.tmp/gradle-worker-classpath2764122059685528336txt -Xmx512m -Dfile.encoding=UTF-8 -Duser.country=US -Duser.language=en -Duser.variant -ea worker.org.gradle.process.internal.worker.GradleWorkerMain 'Gradle Test Executor 1'
Successfully started process 'Gradle Test Executor 1'

Gradle Test Executor 1 started executing tests.

> Task :test

TermControllerTest STANDARD_OUT
    04:01:19.106 [Test worker] INFO org.springframework.test.context.support.AnnotationConfigContextLoaderUtils -- Could not detect default configuration classes for test class [com.sorin.glossary.domain.term.presentation.TermControllerTest]: TermControllerTest does not declare any static, non-private, non-final, nested classes annotated with @Configuration.
    04:01:22.147 [Test worker] INFO org.springframework.boot.test.context.SpringBootTestContextBootstrapper -- Found @SpringBootConfiguration com.sorin.glossary.GlossaryApplication for test class com.sorin.glossary.domain.term.presentation.TermControllerTest

      .   ____          _            __ _ _
     /\\ / ___'_ __ _ _(_)_ __  __ _ \ \ \ \
    ( ( )\___ | '_ | '_| | '_ \/ _` | \ \ \ \
     \\/  ___)| |_)| | | | | || (_| |  ) ) ) )
      '  |____| .__|_| |_|_| |_\__, | / / / /
     =========|_|==============|___/=/_/_/_/
     :: Spring Boot ::                (v3.2.1)

    2025-12-23T04:01:29.150Z  INFO 182 --- [glossary-service] [    Test worker] c.s.g.d.t.p.TermControllerTest           : Starting TermControllerTest using Java 17.0.10 with PID 182 (started by root in /home/gradle/project)
    2025-12-23T04:01:29.156Z  INFO 182 --- [glossary-service] [    Test worker] c.s.g.d.t.p.TermControllerTest           : No active profile set, falling back to 1 default profile: "default"

OpenJDK 64-Bit Server VM warning: Sharing is only supported for boot loader classes because bootstrap classpath has been appended

> Task :test
    2025-12-23T04:01:55.180Z  INFO 182 --- [glossary-service] [    Test worker] o.s.b.t.m.w.SpringBootMockServletContext : Initializing Spring TestDispatcherServlet ''
    2025-12-23T04:01:55.181Z  INFO 182 --- [glossary-service] [    Test worker] o.s.t.web.servlet.TestDispatcherServlet  : Initializing Servlet ''
    2025-12-23T04:01:55.207Z  INFO 182 --- [glossary-service] [    Test worker] o.s.t.web.servlet.TestDispatcherServlet  : Completed initialization in 24 ms
    2025-12-23T04:01:55.451Z  INFO 182 --- [glossary-service] [    Test worker] c.s.g.d.t.p.TermControllerTest           : Started TermControllerTest in 32.148 seconds (process running for 41.965)

TermControllerTest >   API Test STANDARD_OUT

    MockHttpServletRequest:
          HTTP Method = GET
          Request URI = /api/v1/terms
           Parameters = {keyword=[], page=[0], size=[10]}
              Headers = []
                 Body = null
        Session Attrs = {}

    Handler:
                 Type = com.sorin.glossary.domain.term.presentation.TermController
               Method = com.sorin.glossary.domain.term.presentation.TermController#searchTerms(TermSearchCondition, Pageable)

    Async:
        Async started = false
         Async result = null

    Resolved Exception:
                 Type = org.springframework.http.converter.HttpMessageNotWritableException

    ModelAndView:
            View name = null
                 View = null
                Model = null

    FlashMap:
           Attributes = null

    MockHttpServletResponse:
               Status = 500
        Error message = null
              Headers = [Content-Type:"application/json"]
         Content type = application/json
                 Body = {"type":"about:blank","title":"Internal Server Error","status":500,"detail":"Failed to write request","instance":"/api/v1/terms"}
        Forwarded URL = null
       Redirected URL = null
              Cookies = []

    MockHttpServletRequest:
          HTTP Method = GET
          Request URI = /api/v1/terms
           Parameters = {keyword=[], page=[0], size=[10]}
              Headers = []
                 Body = null
        Session Attrs = {}

    Handler:
                 Type = com.sorin.glossary.domain.term.presentation.TermController
               Method = com.sorin.glossary.domain.term.presentation.TermController#searchTerms(TermSearchCondition, Pageable)

    Async:
        Async started = false
         Async result = null

    Resolved Exception:
                 Type = org.springframework.http.converter.HttpMessageNotWritableException

    ModelAndView:
            View name = null
                 View = null
                Model = null

    FlashMap:
           Attributes = null

    MockHttpServletResponse:
               Status = 500
        Error message = null
              Headers = [Content-Type:"application/json"]
         Content type = application/json
                 Body = {"type":"about:blank","title":"Internal Server Error","status":500,"detail":"Failed to write request","instance":"/api/v1/terms"}
        Forwarded URL = null
       Redirected URL = null
              Cookies = []

TermControllerTest >   API Test FAILED
    java.lang.AssertionError: Status expected:<200> but was:<500>
        at org.springframework.test.util.AssertionErrors.fail(AssertionErrors.java:59)
        at org.springframework.test.util.AssertionErrors.assertEquals(AssertionErrors.java:122)
        at org.springframework.test.web.servlet.result.StatusResultMatchers.lambda$matcher$9(StatusResultMatchers.java:637)
        at org.springframework.test.web.servlet.MockMvc$1.andExpect(MockMvc.java:214)
        at com.sorin.glossary.domain.term.presentation.TermControllerTest.searchTerms(TermControllerTest.java:58)

Gradle Test Executor 1 finished executing tests.

> Task :test FAILED
1 test completed, 1 failed

FAILURE: Build failed with an exception.

* What went wrong:
Execution failed for task ':test'.
> There were failing tests. See the report at: file:///home/gradle/project/build/reports/tests/test/index.html

* Try:
> Run with --scan to get full insights.

BUILD FAILED in 1m 57s

Finished generating test XML results (0.039 secs) into: /home/gradle/project/build/test-results/test
Generating HTML test report...
Finished generating test html results (0.148 secs) into: /home/gradle/project/build/reports/tests/test

Deprecated Gradle features were used in this build, making it incompatible with Gradle 9.0.

You can use '--warning-mode all' to show the individual deprecation warnings and determine if they come from your own scripts or plugins.

For more on this, please refer to https://docs.gradle.org/8.5/userguide/command_line_interface.html#sec:command_line_warnings in the Gradle documentation.
5 actionable tasks: 3 executed, 2 up-to-date
Some of the file system contents retained in the virtual file system are on file systems that Gradle doesn't support watching. The relevant state was discarded to ensure changes to these locations are properly detected. You can override this by explicitly enabling file system watching.
