Initialized native services in: /home/gradle/.gradle/native
Initialized jansi services in: /home/gradle/.gradle/native

Welcome to Gradle 8.5!

Here are the highlights of this release:
 - Support for running on Java 21
 - Faster first use with Kotlin DSL
 - Improved error and warning messages

For more details see https://docs.gradle.org/8.5/release-notes.html

Received JVM installation metadata from '/opt/java/openjdk': {JAVA_HOME=/opt/java/openjdk, JAVA_VERSION=17.0.10, JAVA_VENDOR=Eclipse Adoptium, RUNTIME_NAME=OpenJDK Runtime Environment, RUNTIME_VERSION=17.0.10+7, VM_NAME=OpenJDK 64-Bit Server VM, VM_VERSION=17.0.10+7, VM_VENDOR=Eclipse Adoptium, OS_ARCH=amd64}
Removing 0 daemon stop events from registry
Starting a Gradle Daemon (subsequent builds will be faster)
Starting process 'Gradle build daemon'. Working directory: /home/gradle/.gradle/daemon/8.5 Command: /opt/java/openjdk/bin/java --add-opens=java.base/java.util=ALL-UNNAMED --add-opens=java.base/java.lang=ALL-UNNAMED --add-opens=java.base/java.lang.invoke=ALL-UNNAMED --add-opens=java.prefs/java.util.prefs=ALL-UNNAMED --add-opens=java.base/java.nio.charset=ALL-UNNAMED --add-opens=java.base/java.net=ALL-UNNAMED --add-opens=java.base/java.util.concurrent.atomic=ALL-UNNAMED -XX:MaxMetaspaceSize=384m -XX:+HeapDumpOnOutOfMemoryError -Xms256m -Xmx512m -Dfile.encoding=UTF-8 -Duser.country=US -Duser.language=en -Duser.variant -cp /opt/gradle/lib/gradle-launcher-8.5.jar -javaagent:/opt/gradle/lib/agents/gradle-instrumentation-agent-8.5.jar org.gradle.launcher.daemon.bootstrap.GradleDaemon 8.5
Successfully started process 'Gradle build daemon'
An attempt to start the daemon took 1.519 secs.
The client will now receive all logging from the daemon (pid: 43). The daemon log file: /home/gradle/.gradle/daemon/8.5/daemon-43.out.log
Starting build in new daemon [memory: 512 MiB]
Closing daemon's stdin at end of input.
The daemon will no longer process any standard input.
Using 4 worker leases.
Received JVM installation metadata from '/opt/java/openjdk': {JAVA_HOME=/opt/java/openjdk, JAVA_VERSION=17.0.10, JAVA_VENDOR=Eclipse Adoptium, RUNTIME_NAME=OpenJDK Runtime Environment, RUNTIME_VERSION=17.0.10+7, VM_NAME=OpenJDK 64-Bit Server VM, VM_VERSION=17.0.10+7, VM_VENDOR=Eclipse Adoptium, OS_ARCH=amd64}
Watching the file system is configured to be enabled if available
Not watching /home/gradle/project since the file system is not supported
File system watching is active
Starting Build
Compiling settings file '/home/gradle/project/settings.gradle' using SubsetScriptTransformer.
Compiling settings file '/home/gradle/project/settings.gradle' using BuildScriptTransformer.
Settings evaluated using settings file '/home/gradle/project/settings.gradle'.
Projects loaded. Root project using build file '/home/gradle/project/build.gradle'.
Included projects: [root project 'glossary']

> Configure project :
Evaluating root project 'glossary' using build file '/home/gradle/project/build.gradle'.
Compiling build file '/home/gradle/project/build.gradle' using SubsetScriptTransformer.
Downloading https://plugins.gradle.org/m2/org/springframework/boot/org.springframework.boot.gradle.plugin/3.2.1/org.springframework.boot.gradle.plugin-3.2.1.pom to /home/gradle/.gradle/.tmp/gradle_download15355795337873545165bin
Resource missing. [HTTP HEAD: https://plugins.gradle.org/m2/org/springframework/boot/org.springframework.boot.gradle.plugin/3.2.1/org.springframework.boot.gradle.plugin-3.2.1.jar]
Downloading https://plugins.gradle.org/m2/io/spring/dependency-management/io.spring.dependency-management.gradle.plugin/1.1.4/io.spring.dependency-management.gradle.plugin-1.1.4.pom to /home/gradle/.gradle/.tmp/gradle_download1564282244781222619bin
Resource missing. [HTTP HEAD: https://plugins.gradle.org/m2/io/spring/dependency-management/io.spring.dependency-management.gradle.plugin/1.1.4/io.spring.dependency-management.gradle.plugin-1.1.4.jar]
Downloading https://plugins.gradle.org/m2/org/springframework/boot/spring-boot-gradle-plugin/3.2.1/spring-boot-gradle-plugin-3.2.1.pom to /home/gradle/.gradle/.tmp/gradle_download14438265239686434252bin
Downloading https://plugins.gradle.org/m2/org/springframework/boot/spring-boot-gradle-plugin/3.2.1/spring-boot-gradle-plugin-3.2.1.module to /home/gradle/.gradle/.tmp/gradle_download4834058737582436358bin
Downloading https://plugins.gradle.org/m2/io/spring/gradle/dependency-management-plugin/1.1.4/dependency-management-plugin-1.1.4.pom to /home/gradle/.gradle/.tmp/gradle_download16755507519685121052bin
Downloading https://plugins.gradle.org/m2/io/spring/gradle/dependency-management-plugin/1.1.4/dependency-management-plugin-1.1.4.module to /home/gradle/.gradle/.tmp/gradle_download9725578850696917449bin
Downloading https://plugins.gradle.org/m2/org/springframework/boot/spring-boot-loader-tools/3.2.1/spring-boot-loader-tools-3.2.1.pom to /home/gradle/.gradle/.tmp/gradle_download1593728178990230883bin
Downloading https://plugins.gradle.org/m2/org/springframework/spring-core/6.0.10/spring-core-6.0.10.pom to /home/gradle/.gradle/.tmp/gradle_download4007271019877828008bin
Downloading https://plugins.gradle.org/m2/org/springframework/boot/spring-boot-buildpack-platform/3.2.1/spring-boot-buildpack-platform-3.2.1.pom to /home/gradle/.gradle/.tmp/gradle_download1136021413772281789bin
Downloading https://plugins.gradle.org/m2/org/apache/commons/commons-compress/1.23.0/commons-compress-1.23.0.pom to /home/gradle/.gradle/.tmp/gradle_download2326646111600039066bin
Downloading https://plugins.gradle.org/m2/org/springframework/boot/spring-boot-loader-tools/3.2.1/spring-boot-loader-tools-3.2.1.module to /home/gradle/.gradle/.tmp/gradle_download8472331503781665918bin
Downloading https://plugins.gradle.org/m2/org/springframework/spring-core/6.0.10/spring-core-6.0.10.module to /home/gradle/.gradle/.tmp/gradle_download5331347747478096736bin
Downloading https://plugins.gradle.org/m2/org/apache/commons/commons-parent/56/commons-parent-56.pom to /home/gradle/.gradle/.tmp/gradle_download15629226064114366518bin
Downloading https://plugins.gradle.org/m2/org/springframework/boot/spring-boot-buildpack-platform/3.2.1/spring-boot-buildpack-platform-3.2.1.module to /home/gradle/.gradle/.tmp/gradle_download8888472396372916587bin
Downloading https://plugins.gradle.org/m2/org/apache/apache/29/apache-29.pom to /home/gradle/.gradle/.tmp/gradle_download13906307221800677478bin
Downloading https://plugins.gradle.org/m2/org/junit/junit-bom/5.9.1/junit-bom-5.9.1.pom to /home/gradle/.gradle/.tmp/gradle_download10847629633072964154bin
Downloading https://plugins.gradle.org/m2/org/junit/junit-bom/5.9.1/junit-bom-5.9.1.module to /home/gradle/.gradle/.tmp/gradle_download13882670151140645819bin
Downloading https://plugins.gradle.org/m2/com/fasterxml/jackson/module/jackson-module-parameter-names/2.14.2/jackson-module-parameter-names-2.14.2.pom to /home/gradle/.gradle/.tmp/gradle_download16132314754538159896bin
Downloading https://plugins.gradle.org/m2/net/java/dev/jna/jna-platform/5.13.0/jna-platform-5.13.0.pom to /home/gradle/.gradle/.tmp/gradle_download5614354449803755467bin
Downloading https://plugins.gradle.org/m2/com/fasterxml/jackson/core/jackson-databind/2.14.2/jackson-databind-2.14.2.pom to /home/gradle/.gradle/.tmp/gradle_download1276840789696224987bin
Downloading https://plugins.gradle.org/m2/org/apache/httpcomponents/client5/httpclient5/5.2.3/httpclient5-5.2.3.pom to /home/gradle/.gradle/.tmp/gradle_download12081784847697864040bin
Downloading https://plugins.gradle.org/m2/com/fasterxml/jackson/module/jackson-modules-java8/2.14.2/jackson-modules-java8-2.14.2.pom to /home/gradle/.gradle/.tmp/gradle_download3272008566671787461bin
Downloading https://plugins.gradle.org/m2/org/tomlj/tomlj/1.0.0/tomlj-1.0.0.pom to /home/gradle/.gradle/.tmp/gradle_download4619445196907077492bin
Downloading https://plugins.gradle.org/m2/com/fasterxml/jackson/jackson-base/2.14.2/jackson-base-2.14.2.pom to /home/gradle/.gradle/.tmp/gradle_download8489582839475646363bin
Downloading https://plugins.gradle.org/m2/org/apache/httpcomponents/client5/httpclient5-parent/5.2.3/httpclient5-parent-5.2.3.pom to /home/gradle/.gradle/.tmp/gradle_download1363709343574919320bin
Downloading https://plugins.gradle.org/m2/com/fasterxml/jackson/jackson-bom/2.14.2/jackson-bom-2.14.2.pom to /home/gradle/.gradle/.tmp/gradle_download18122653533590295550bin
Downloading https://plugins.gradle.org/m2/org/apache/httpcomponents/httpcomponents-parent/13/httpcomponents-parent-13.pom to /home/gradle/.gradle/.tmp/gradle_download5881850876313463185bin
Downloading https://plugins.gradle.org/m2/com/fasterxml/jackson/jackson-parent/2.14/jackson-parent-2.14.pom to /home/gradle/.gradle/.tmp/gradle_download18098288637642705488bin
Downloading https://plugins.gradle.org/m2/org/apache/apache/27/apache-27.pom to /home/gradle/.gradle/.tmp/gradle_download6668120536690579279bin
Downloading https://plugins.gradle.org/m2/com/fasterxml/oss-parent/48/oss-parent-48.pom to /home/gradle/.gradle/.tmp/gradle_download10364166326963510313bin
Downloading https://plugins.gradle.org/m2/org/junit/junit-bom/5.9.3/junit-bom-5.9.3.pom to /home/gradle/.gradle/.tmp/gradle_download12606147398279589799bin
Downloading https://plugins.gradle.org/m2/org/junit/junit-bom/5.9.3/junit-bom-5.9.3.module to /home/gradle/.gradle/.tmp/gradle_download17022460348732149679bin
Downloading https://plugins.gradle.org/m2/com/fasterxml/jackson/core/jackson-databind/2.14.2/jackson-databind-2.14.2.module to /home/gradle/.gradle/.tmp/gradle_download12125386674688164346bin
Downloading https://plugins.gradle.org/m2/com/fasterxml/jackson/module/jackson-module-parameter-names/2.14.2/jackson-module-parameter-names-2.14.2.module to /home/gradle/.gradle/.tmp/gradle_download7395694540398617472bin
Downloading https://plugins.gradle.org/m2/org/springframework/spring-jcl/6.0.10/spring-jcl-6.0.10.pom to /home/gradle/.gradle/.tmp/gradle_download11852298221959707712bin
Downloading https://plugins.gradle.org/m2/org/springframework/spring-jcl/6.0.10/spring-jcl-6.0.10.module to /home/gradle/.gradle/.tmp/gradle_download6265175561216522439bin
Downloading https://plugins.gradle.org/m2/com/fasterxml/jackson/core/jackson-annotations/2.14.2/jackson-annotations-2.14.2.pom to /home/gradle/.gradle/.tmp/gradle_download178156008092693657bin
Downloading https://plugins.gradle.org/m2/com/fasterxml/jackson/core/jackson-core/2.14.2/jackson-core-2.14.2.pom to /home/gradle/.gradle/.tmp/gradle_download7468293499044674689bin
Downloading https://plugins.gradle.org/m2/com/fasterxml/jackson/core/jackson-annotations/2.14.2/jackson-annotations-2.14.2.module to /home/gradle/.gradle/.tmp/gradle_download14186725945275270088bin
Downloading https://plugins.gradle.org/m2/com/fasterxml/jackson/core/jackson-core/2.14.2/jackson-core-2.14.2.module to /home/gradle/.gradle/.tmp/gradle_download15169179137964197332bin
Downloading https://plugins.gradle.org/m2/net/java/dev/jna/jna/5.13.0/jna-5.13.0.pom to /home/gradle/.gradle/.tmp/gradle_download11227922473459248904bin
Downloading https://plugins.gradle.org/m2/org/slf4j/slf4j-api/1.7.36/slf4j-api-1.7.36.pom to /home/gradle/.gradle/.tmp/gradle_download13081293438173943622bin
Downloading https://plugins.gradle.org/m2/org/apache/httpcomponents/core5/httpcore5/5.2.4/httpcore5-5.2.4.pom to /home/gradle/.gradle/.tmp/gradle_download2653882852438786238bin
Downloading https://plugins.gradle.org/m2/org/apache/httpcomponents/core5/httpcore5-h2/5.2.4/httpcore5-h2-5.2.4.pom to /home/gradle/.gradle/.tmp/gradle_download11399702932624120048bin
Downloading https://plugins.gradle.org/m2/org/slf4j/slf4j-parent/1.7.36/slf4j-parent-1.7.36.pom to /home/gradle/.gradle/.tmp/gradle_download10307021890201733552bin
Downloading https://plugins.gradle.org/m2/org/apache/httpcomponents/core5/httpcore5-parent/5.2.4/httpcore5-parent-5.2.4.pom to /home/gradle/.gradle/.tmp/gradle_download16059541280170339864bin
Downloading https://plugins.gradle.org/m2/org/antlr/antlr4-runtime/4.7.2/antlr4-runtime-4.7.2.pom to /home/gradle/.gradle/.tmp/gradle_download11614846042691242595bin
Downloading https://plugins.gradle.org/m2/com/google/code/findbugs/jsr305/3.0.2/jsr305-3.0.2.pom to /home/gradle/.gradle/.tmp/gradle_download9288197501059258553bin
Downloading https://plugins.gradle.org/m2/org/antlr/antlr4-master/4.7.2/antlr4-master-4.7.2.pom to /home/gradle/.gradle/.tmp/gradle_download10715694954746453623bin
Downloading https://plugins.gradle.org/m2/org/sonatype/oss/oss-parent/7/oss-parent-7.pom to /home/gradle/.gradle/.tmp/gradle_download3263085072688688692bin
Downloading https://plugins.gradle.org/m2/org/sonatype/oss/oss-parent/9/oss-parent-9.pom to /home/gradle/.gradle/.tmp/gradle_download14139985184277748935bin
Downloading https://plugins.gradle.org/m2/org/tomlj/tomlj/1.0.0/tomlj-1.0.0.jar to /home/gradle/.gradle/.tmp/gradle_download11263250542447128854bin
Downloading https://plugins.gradle.org/m2/org/springframework/boot/spring-boot-buildpack-platform/3.2.1/spring-boot-buildpack-platform-3.2.1.jar to /home/gradle/.gradle/.tmp/gradle_download7843272406377799682bin
Downloading https://plugins.gradle.org/m2/org/springframework/boot/spring-boot-gradle-plugin/3.2.1/spring-boot-gradle-plugin-3.2.1.jar to /home/gradle/.gradle/.tmp/gradle_download18303567937013763063bin
Downloading https://plugins.gradle.org/m2/org/springframework/boot/spring-boot-loader-tools/3.2.1/spring-boot-loader-tools-3.2.1.jar to /home/gradle/.gradle/.tmp/gradle_download7535237016385382421bin
Downloading https://plugins.gradle.org/m2/io/spring/gradle/dependency-management-plugin/1.1.4/dependency-management-plugin-1.1.4.jar to /home/gradle/.gradle/.tmp/gradle_download10488852007021504764bin
Downloading https://plugins.gradle.org/m2/org/apache/commons/commons-compress/1.23.0/commons-compress-1.23.0.jar to /home/gradle/.gradle/.tmp/gradle_download490864170737225627bin
Downloading https://plugins.gradle.org/m2/org/springframework/spring-core/6.0.10/spring-core-6.0.10.jar to /home/gradle/.gradle/.tmp/gradle_download12820234287962095006bin
Downloading https://plugins.gradle.org/m2/com/fasterxml/jackson/core/jackson-annotations/2.14.2/jackson-annotations-2.14.2.jar to /home/gradle/.gradle/.tmp/gradle_download4946024360909648408bin
Downloading https://plugins.gradle.org/m2/com/fasterxml/jackson/core/jackson-core/2.14.2/jackson-core-2.14.2.jar to /home/gradle/.gradle/.tmp/gradle_download17265231638726217459bin
Downloading https://plugins.gradle.org/m2/com/fasterxml/jackson/core/jackson-databind/2.14.2/jackson-databind-2.14.2.jar to /home/gradle/.gradle/.tmp/gradle_download4074345600811207949bin
Downloading https://plugins.gradle.org/m2/com/fasterxml/jackson/module/jackson-module-parameter-names/2.14.2/jackson-module-parameter-names-2.14.2.jar to /home/gradle/.gradle/.tmp/gradle_download4145988405340004363bin
Downloading https://plugins.gradle.org/m2/net/java/dev/jna/jna-platform/5.13.0/jna-platform-5.13.0.jar to /home/gradle/.gradle/.tmp/gradle_download5877632743757165414bin
Downloading https://plugins.gradle.org/m2/org/apache/httpcomponents/client5/httpclient5/5.2.3/httpclient5-5.2.3.jar to /home/gradle/.gradle/.tmp/gradle_download8171992744420144486bin
Downloading https://plugins.gradle.org/m2/org/springframework/spring-jcl/6.0.10/spring-jcl-6.0.10.jar to /home/gradle/.gradle/.tmp/gradle_download17208876233495549403bin
Downloading https://plugins.gradle.org/m2/net/java/dev/jna/jna/5.13.0/jna-5.13.0.jar to /home/gradle/.gradle/.tmp/gradle_download16734914491690379076bin
Downloading https://plugins.gradle.org/m2/org/apache/httpcomponents/core5/httpcore5-h2/5.2.4/httpcore5-h2-5.2.4.jar to /home/gradle/.gradle/.tmp/gradle_download1641767835484007466bin
Downloading https://plugins.gradle.org/m2/org/apache/httpcomponents/core5/httpcore5/5.2.4/httpcore5-5.2.4.jar to /home/gradle/.gradle/.tmp/gradle_download8883653609679715225bin
Downloading https://plugins.gradle.org/m2/org/slf4j/slf4j-api/1.7.36/slf4j-api-1.7.36.jar to /home/gradle/.gradle/.tmp/gradle_download18241617210686687439bin
Downloading https://plugins.gradle.org/m2/com/google/code/findbugs/jsr305/3.0.2/jsr305-3.0.2.jar to /home/gradle/.gradle/.tmp/gradle_download499318938337091531bin
Downloading https://plugins.gradle.org/m2/org/antlr/antlr4-runtime/4.7.2/antlr4-runtime-4.7.2.jar to /home/gradle/.gradle/.tmp/gradle_download13301810814513219663bin
Applying dependency management to configuration 'annotationProcessor' in project 'glossary'
Applying dependency management to configuration 'apiElements' in project 'glossary'
Applying dependency management to configuration 'archives' in project 'glossary'
Applying dependency management to configuration 'bootArchives' in project 'glossary'
Applying dependency management to configuration 'compileClasspath' in project 'glossary'
Applying dependency management to configuration 'compileOnly' in project 'glossary'
Applying dependency management to configuration 'default' in project 'glossary'
Applying dependency management to configuration 'developmentOnly' in project 'glossary'
Applying dependency management to configuration 'implementation' in project 'glossary'
Applying dependency management to configuration 'mainSourceElements' in project 'glossary'
Applying dependency management to configuration 'productionRuntimeClasspath' in project 'glossary'
Applying dependency management to configuration 'runtimeClasspath' in project 'glossary'
Applying dependency management to configuration 'runtimeElements' in project 'glossary'
Applying dependency management to configuration 'runtimeOnly' in project 'glossary'
Applying dependency management to configuration 'testAndDevelopmentOnly' in project 'glossary'
Applying dependency management to configuration 'testAnnotationProcessor' in project 'glossary'
Applying dependency management to configuration 'testCompileClasspath' in project 'glossary'
Applying dependency management to configuration 'testCompileOnly' in project 'glossary'
Applying dependency management to configuration 'testImplementation' in project 'glossary'
Applying dependency management to configuration 'testResultsElementsForTest' in project 'glossary'
Applying dependency management to configuration 'testRuntimeClasspath' in project 'glossary'
Applying dependency management to configuration 'testRuntimeOnly' in project 'glossary'
Compiling build file '/home/gradle/project/build.gradle' using BuildScriptTransformer.
All projects evaluated.
Task name matched 'test'
Selected primary task 'test' from project :
Tasks to be executed: [task ':compileJava', task ':processResources', task ':classes', task ':compileTestJava', task ':processTestResources', task ':testClasses', task ':test']
Tasks that were excluded: []
Resolve mutations for :compileJava (Thread[Execution worker,5,main]) started.
:compileJava (Thread[included builds,5,main]) started.

> Task :compileJava
Resolving global dependency management for project 'glossary'
Downloading https://repo.maven.apache.org/maven2/org/springframework/boot/spring-boot-dependencies/3.2.1/spring-boot-dependencies-3.2.1.pom to /home/gradle/.gradle/.tmp/gradle_download15869567064034707038bin
Downloading https://repo.maven.apache.org/maven2/org/assertj/assertj-bom/3.24.2/assertj-bom-3.24.2.pom to /home/gradle/.gradle/.tmp/gradle_download5858460836658755754bin
Downloading https://repo.maven.apache.org/maven2/io/zipkin/brave/brave-bom/5.16.0/brave-bom-5.16.0.pom to /home/gradle/.gradle/.tmp/gradle_download4161581332447992427bin
Downloading https://repo.maven.apache.org/maven2/io/zipkin/reporter2/zipkin-reporter-bom/2.16.3/zipkin-reporter-bom-2.16.3.pom to /home/gradle/.gradle/.tmp/gradle_download13817696732971116936bin
Downloading https://repo.maven.apache.org/maven2/com/datastax/oss/java-driver-bom/4.17.0/java-driver-bom-4.17.0.pom to /home/gradle/.gradle/.tmp/gradle_download17775937779489142758bin
Downloading https://repo.maven.apache.org/maven2/io/dropwizard/metrics/metrics-bom/4.2.23/metrics-bom-4.2.23.pom to /home/gradle/.gradle/.tmp/gradle_download15312426315150460832bin
Downloading https://repo.maven.apache.org/maven2/io/dropwizard/metrics/metrics-parent/4.2.23/metrics-parent-4.2.23.pom to /home/gradle/.gradle/.tmp/gradle_download43292836671490795bin
Downloading https://repo.maven.apache.org/maven2/org/glassfish/jaxb/jaxb-bom/4.0.4/jaxb-bom-4.0.4.pom to /home/gradle/.gradle/.tmp/gradle_download7190875984476658457bin
Downloading https://repo.maven.apache.org/maven2/org/eclipse/ee4j/project/1.0.8/project-1.0.8.pom to /home/gradle/.gradle/.tmp/gradle_download10131787465739295066bin
Downloading https://repo.maven.apache.org/maven2/org/apache/groovy/groovy-bom/4.0.16/groovy-bom-4.0.16.pom to /home/gradle/.gradle/.tmp/gradle_download1034375397179860122bin
Downloading https://repo.maven.apache.org/maven2/org/apache/groovy/groovy-bom/4.0.16/groovy-bom-4.0.16.module to /home/gradle/.gradle/.tmp/gradle_download12884366241523619027bin
Downloading https://repo.maven.apache.org/maven2/org/infinispan/infinispan-bom/14.0.21.Final/infinispan-bom-14.0.21.Final.pom to /home/gradle/.gradle/.tmp/gradle_download1513834676665125010bin
Downloading https://repo.maven.apache.org/maven2/org/infinispan/infinispan-build-configuration-parent/14.0.21.Final/infinispan-build-configuration-parent-14.0.21.Final.pom to /home/gradle/.gradle/.tmp/gradle_download16316874419454538749bin
Downloading https://repo.maven.apache.org/maven2/org/jboss/jboss-parent/39/jboss-parent-39.pom to /home/gradle/.gradle/.tmp/gradle_download12487439858908106336bin
Downloading https://repo.maven.apache.org/maven2/com/fasterxml/jackson/jackson-bom/2.15.3/jackson-bom-2.15.3.pom to /home/gradle/.gradle/.tmp/gradle_download5277229746519041303bin
Downloading https://repo.maven.apache.org/maven2/com/fasterxml/jackson/jackson-parent/2.15/jackson-parent-2.15.pom to /home/gradle/.gradle/.tmp/gradle_download4125683609534260271bin
Downloading https://repo.maven.apache.org/maven2/com/fasterxml/oss-parent/50/oss-parent-50.pom to /home/gradle/.gradle/.tmp/gradle_download6708148227176813297bin
Downloading https://repo.maven.apache.org/maven2/org/glassfish/jersey/jersey-bom/3.1.5/jersey-bom-3.1.5.pom to /home/gradle/.gradle/.tmp/gradle_download17857766321743145552bin
Downloading https://repo.maven.apache.org/maven2/org/eclipse/jetty/ee10/jetty-ee10-bom/12.0.5/jetty-ee10-bom-12.0.5.pom to /home/gradle/.gradle/.tmp/gradle_download6126179377228470880bin
Downloading https://repo.maven.apache.org/maven2/org/eclipse/jetty/jetty-bom/12.0.5/jetty-bom-12.0.5.pom to /home/gradle/.gradle/.tmp/gradle_download14473371931805829417bin
Downloading https://repo.maven.apache.org/maven2/org/junit/junit-bom/5.10.1/junit-bom-5.10.1.pom to /home/gradle/.gradle/.tmp/gradle_download16932396324873708828bin
Downloading https://repo.maven.apache.org/maven2/org/junit/junit-bom/5.10.1/junit-bom-5.10.1.module to /home/gradle/.gradle/.tmp/gradle_download855308585460251762bin
Downloading https://repo.maven.apache.org/maven2/org/jetbrains/kotlin/kotlin-bom/1.9.21/kotlin-bom-1.9.21.pom to /home/gradle/.gradle/.tmp/gradle_download3947436265835325368bin
Downloading https://repo.maven.apache.org/maven2/org/jetbrains/kotlinx/kotlinx-coroutines-bom/1.7.3/kotlinx-coroutines-bom-1.7.3.pom to /home/gradle/.gradle/.tmp/gradle_download14436175940570455696bin
Downloading https://repo.maven.apache.org/maven2/org/jetbrains/kotlinx/kotlinx-serialization-bom/1.6.2/kotlinx-serialization-bom-1.6.2.pom to /home/gradle/.gradle/.tmp/gradle_download1848132306644700297bin
Downloading https://repo.maven.apache.org/maven2/org/apache/logging/log4j/log4j-bom/2.21.1/log4j-bom-2.21.1.pom to /home/gradle/.gradle/.tmp/gradle_download15742967122839655386bin
Downloading https://repo.maven.apache.org/maven2/org/apache/logging/logging-parent/10.1.1/logging-parent-10.1.1.pom to /home/gradle/.gradle/.tmp/gradle_download2746299136314496713bin
Downloading https://repo.maven.apache.org/maven2/org/apache/apache/30/apache-30.pom to /home/gradle/.gradle/.tmp/gradle_download7217061041375033906bin
Downloading https://repo.maven.apache.org/maven2/io/micrometer/micrometer-bom/1.12.1/micrometer-bom-1.12.1.pom to /home/gradle/.gradle/.tmp/gradle_download2226689172154538576bin
Downloading https://repo.maven.apache.org/maven2/io/micrometer/micrometer-tracing-bom/1.2.1/micrometer-tracing-bom-1.2.1.pom to /home/gradle/.gradle/.tmp/gradle_download16828926360407384643bin
Downloading https://repo.maven.apache.org/maven2/org/mockito/mockito-bom/5.7.0/mockito-bom-5.7.0.pom to /home/gradle/.gradle/.tmp/gradle_download16680230422488698962bin
Downloading https://repo.maven.apache.org/maven2/io/netty/netty-bom/4.1.104.Final/netty-bom-4.1.104.Final.pom to /home/gradle/.gradle/.tmp/gradle_download16995323257007796646bin
Found locally available resource with matching checksum: [https://repo.maven.apache.org/maven2/org/sonatype/oss/oss-parent/7/oss-parent-7.pom, /home/gradle/.gradle/caches/modules-2/files-2.1/org.sonatype.oss/oss-parent/7/46b8a785b60a2767095b8611613b58577e96d4c9/oss-parent-7.pom]
Downloading https://repo.maven.apache.org/maven2/com/squareup/okhttp3/okhttp-bom/4.12.0/okhttp-bom-4.12.0.pom to /home/gradle/.gradle/.tmp/gradle_download597971495772890256bin
Downloading https://repo.maven.apache.org/maven2/com/squareup/okhttp3/okhttp-bom/4.12.0/okhttp-bom-4.12.0.module to /home/gradle/.gradle/.tmp/gradle_download15260669687577590682bin
Downloading https://repo.maven.apache.org/maven2/io/opentelemetry/opentelemetry-bom/1.31.0/opentelemetry-bom-1.31.0.pom to /home/gradle/.gradle/.tmp/gradle_download8616614879696484630bin
Downloading https://repo.maven.apache.org/maven2/io/opentelemetry/opentelemetry-bom/1.31.0/opentelemetry-bom-1.31.0.module to /home/gradle/.gradle/.tmp/gradle_download16655888658504311040bin
Downloading https://repo.maven.apache.org/maven2/com/oracle/database/jdbc/ojdbc-bom/23.3.0.23.09/ojdbc-bom-23.3.0.23.09.pom to /home/gradle/.gradle/.tmp/gradle_download3057814639875585929bin
Downloading https://repo.maven.apache.org/maven2/io/prometheus/simpleclient_bom/0.16.0/simpleclient_bom-0.16.0.pom to /home/gradle/.gradle/.tmp/gradle_download1463598508890226645bin
Downloading https://repo.maven.apache.org/maven2/io/prometheus/parent/0.16.0/parent-0.16.0.pom to /home/gradle/.gradle/.tmp/gradle_download7656089952547686799bin
Downloading https://repo.maven.apache.org/maven2/com/querydsl/querydsl-bom/5.0.0/querydsl-bom-5.0.0.pom to /home/gradle/.gradle/.tmp/gradle_download15826010491969082580bin
Downloading https://repo.maven.apache.org/maven2/io/projectreactor/reactor-bom/2023.0.1/reactor-bom-2023.0.1.pom to /home/gradle/.gradle/.tmp/gradle_download1045812758245759321bin
Downloading https://repo.maven.apache.org/maven2/io/projectreactor/reactor-bom/2023.0.1/reactor-bom-2023.0.1.module to /home/gradle/.gradle/.tmp/gradle_download2308632208844925537bin
Downloading https://repo.maven.apache.org/maven2/io/rest-assured/rest-assured-bom/5.3.2/rest-assured-bom-5.3.2.pom to /home/gradle/.gradle/.tmp/gradle_download14264432310991660036bin
Downloading https://repo.maven.apache.org/maven2/io/rsocket/rsocket-bom/1.1.3/rsocket-bom-1.1.3.pom to /home/gradle/.gradle/.tmp/gradle_download1343477615402746727bin
Downloading https://repo.maven.apache.org/maven2/org/seleniumhq/selenium/selenium-bom/4.14.1/selenium-bom-4.14.1.pom to /home/gradle/.gradle/.tmp/gradle_download11455640054923589359bin
Downloading https://repo.maven.apache.org/maven2/org/springframework/amqp/spring-amqp-bom/3.1.1/spring-amqp-bom-3.1.1.pom to /home/gradle/.gradle/.tmp/gradle_download15483292771423266148bin
Downloading https://repo.maven.apache.org/maven2/org/springframework/amqp/spring-amqp-bom/3.1.1/spring-amqp-bom-3.1.1.module to /home/gradle/.gradle/.tmp/gradle_download2781203466253538367bin
Downloading https://repo.maven.apache.org/maven2/org/springframework/batch/spring-batch-bom/5.1.0/spring-batch-bom-5.1.0.pom to /home/gradle/.gradle/.tmp/gradle_download12186046171194019388bin
Downloading https://repo.maven.apache.org/maven2/org/springframework/data/spring-data-bom/2023.1.1/spring-data-bom-2023.1.1.pom to /home/gradle/.gradle/.tmp/gradle_download13210252306556740242bin
Downloading https://repo.maven.apache.org/maven2/org/springframework/spring-framework-bom/6.1.2/spring-framework-bom-6.1.2.pom to /home/gradle/.gradle/.tmp/gradle_download10744021159722477733bin
Downloading https://repo.maven.apache.org/maven2/org/springframework/spring-framework-bom/6.1.2/spring-framework-bom-6.1.2.module to /home/gradle/.gradle/.tmp/gradle_download9716243614743872703bin
Downloading https://repo.maven.apache.org/maven2/org/springframework/integration/spring-integration-bom/6.2.1/spring-integration-bom-6.2.1.pom to /home/gradle/.gradle/.tmp/gradle_download16125705710006916324bin
Downloading https://repo.maven.apache.org/maven2/org/springframework/integration/spring-integration-bom/6.2.1/spring-integration-bom-6.2.1.module to /home/gradle/.gradle/.tmp/gradle_download2616379105901738224bin
Downloading https://repo.maven.apache.org/maven2/org/springframework/restdocs/spring-restdocs-bom/3.0.1/spring-restdocs-bom-3.0.1.pom to /home/gradle/.gradle/.tmp/gradle_download4547028863579379472bin
Downloading https://repo.maven.apache.org/maven2/org/springframework/security/spring-security-bom/6.2.1/spring-security-bom-6.2.1.pom to /home/gradle/.gradle/.tmp/gradle_download1401981203478849608bin
Downloading https://repo.maven.apache.org/maven2/org/springframework/security/spring-security-bom/6.2.1/spring-security-bom-6.2.1.module to /home/gradle/.gradle/.tmp/gradle_download11349696829150155195bin
Downloading https://repo.maven.apache.org/maven2/org/springframework/session/spring-session-bom/3.2.1/spring-session-bom-3.2.1.pom to /home/gradle/.gradle/.tmp/gradle_download5517897170900041456bin
Downloading https://repo.maven.apache.org/maven2/org/springframework/session/spring-session-bom/3.2.1/spring-session-bom-3.2.1.module to /home/gradle/.gradle/.tmp/gradle_download4006961582683811813bin
Downloading https://repo.maven.apache.org/maven2/org/springframework/ws/spring-ws-bom/4.0.9/spring-ws-bom-4.0.9.pom to /home/gradle/.gradle/.tmp/gradle_download6989732803983267337bin
Downloading https://repo.maven.apache.org/maven2/org/testcontainers/testcontainers-bom/1.19.3/testcontainers-bom-1.19.3.pom to /home/gradle/.gradle/.tmp/gradle_download7898235686698626181bin
Downloading https://repo.maven.apache.org/maven2/jakarta/annotation/jakarta.annotation-api/2.1.1/jakarta.annotation-api-2.1.1.pom to /home/gradle/.gradle/.tmp/gradle_download1056393128508001385bin
Downloading https://repo.maven.apache.org/maven2/org/projectlombok/lombok/1.18.30/lombok-1.18.30.pom to /home/gradle/.gradle/.tmp/gradle_download11200316254017037075bin
Downloading https://repo.maven.apache.org/maven2/jakarta/persistence/jakarta.persistence-api/3.1.0/jakarta.persistence-api-3.1.0.pom to /home/gradle/.gradle/.tmp/gradle_download12782375916124772622bin
Downloading https://repo.maven.apache.org/maven2/com/querydsl/querydsl-apt/5.0.0/querydsl-apt-5.0.0.pom to /home/gradle/.gradle/.tmp/gradle_download11036921630227913246bin
Downloading https://repo.maven.apache.org/maven2/org/eclipse/ee4j/project/1.0.7/project-1.0.7.pom to /home/gradle/.gradle/.tmp/gradle_download814297199376536516bin
Downloading https://repo.maven.apache.org/maven2/org/springframework/boot/spring-boot-starter-data-jpa/3.2.1/spring-boot-starter-data-jpa-3.2.1.pom to /home/gradle/.gradle/.tmp/gradle_download14680935268388832572bin
Downloading https://repo.maven.apache.org/maven2/com/querydsl/querydsl-root/5.0.0/querydsl-root-5.0.0.pom to /home/gradle/.gradle/.tmp/gradle_download15380277463086993069bin
Downloading https://repo.maven.apache.org/maven2/org/springframework/boot/spring-boot-starter-validation/3.2.1/spring-boot-starter-validation-3.2.1.pom to /home/gradle/.gradle/.tmp/gradle_download15294329454180457127bin
Downloading https://repo.maven.apache.org/maven2/org/springframework/boot/spring-boot-starter-web/3.2.1/spring-boot-starter-web-3.2.1.pom to /home/gradle/.gradle/.tmp/gradle_download14547991194131110050bin
Downloading https://repo.maven.apache.org/maven2/org/springframework/boot/spring-boot-starter-data-jpa/3.2.1/spring-boot-starter-data-jpa-3.2.1.module to /home/gradle/.gradle/.tmp/gradle_download17942634420301901321bin
Downloading https://repo.maven.apache.org/maven2/com/querydsl/querydsl-parent/0.1.0/querydsl-parent-0.1.0.pom to /home/gradle/.gradle/.tmp/gradle_download7267131778131834151bin
Downloading https://repo.maven.apache.org/maven2/org/flywaydb/flyway-core/9.22.3/flyway-core-9.22.3.pom to /home/gradle/.gradle/.tmp/gradle_download7094457131367251791bin
Downloading https://repo.maven.apache.org/maven2/org/springframework/boot/spring-boot-starter-validation/3.2.1/spring-boot-starter-validation-3.2.1.module to /home/gradle/.gradle/.tmp/gradle_download7188826401510394428bin
Downloading https://repo.maven.apache.org/maven2/org/springframework/boot/spring-boot-starter-web/3.2.1/spring-boot-starter-web-3.2.1.module to /home/gradle/.gradle/.tmp/gradle_download15991391358035582776bin
Downloading https://repo.maven.apache.org/maven2/org/flywaydb/flyway-parent/9.22.3/flyway-parent-9.22.3.pom to /home/gradle/.gradle/.tmp/gradle_download16272482796722933770bin
Downloading https://repo.maven.apache.org/maven2/org/jetbrains/kotlin/kotlin-bom/1.5.20/kotlin-bom-1.5.20.pom to /home/gradle/.gradle/.tmp/gradle_download15932533287494112352bin
Downloading https://repo.maven.apache.org/maven2/com/querydsl/querydsl-jpa/5.0.0/querydsl-jpa-5.0.0.pom to /home/gradle/.gradle/.tmp/gradle_download15146010752351155161bin
Downloading https://repo.maven.apache.org/maven2/com/querydsl/querydsl-codegen/5.0.0/querydsl-codegen-5.0.0.pom to /home/gradle/.gradle/.tmp/gradle_download17039304682381859066bin
Downloading https://repo.maven.apache.org/maven2/org/hibernate/orm/hibernate-core/6.4.1.Final/hibernate-core-6.4.1.Final.pom to /home/gradle/.gradle/.tmp/gradle_download11298128154336772029bin
Downloading https://repo.maven.apache.org/maven2/org/springframework/boot/spring-boot-starter-aop/3.2.1/spring-boot-starter-aop-3.2.1.pom to /home/gradle/.gradle/.tmp/gradle_download18317324250832619946bin
Downloading https://repo.maven.apache.org/maven2/org/springframework/data/spring-data-jpa/3.2.1/spring-data-jpa-3.2.1.pom to /home/gradle/.gradle/.tmp/gradle_download5865965930221245330bin
Downloading https://repo.maven.apache.org/maven2/org/springframework/boot/spring-boot-starter-jdbc/3.2.1/spring-boot-starter-jdbc-3.2.1.pom to /home/gradle/.gradle/.tmp/gradle_download5155127581013541864bin
Downloading https://repo.maven.apache.org/maven2/org/springframework/data/spring-data-jpa-parent/3.2.1/spring-data-jpa-parent-3.2.1.pom to /home/gradle/.gradle/.tmp/gradle_download9176012960587258278bin
Downloading https://repo.maven.apache.org/maven2/org/springframework/boot/spring-boot-starter-aop/3.2.1/spring-boot-starter-aop-3.2.1.module to /home/gradle/.gradle/.tmp/gradle_download1020246170925755000bin
Downloading https://repo.maven.apache.org/maven2/org/springframework/spring-aspects/6.1.2/spring-aspects-6.1.2.pom to /home/gradle/.gradle/.tmp/gradle_download14076864318094572489bin
Downloading https://repo.maven.apache.org/maven2/org/springframework/boot/spring-boot-starter-jdbc/3.2.1/spring-boot-starter-jdbc-3.2.1.module to /home/gradle/.gradle/.tmp/gradle_download9595161944027674369bin
Downloading https://repo.maven.apache.org/maven2/org/springframework/data/build/spring-data-parent/3.2.1/spring-data-parent-3.2.1.pom to /home/gradle/.gradle/.tmp/gradle_download1455679718904082166bin
Downloading https://repo.maven.apache.org/maven2/org/springframework/spring-aspects/6.1.2/spring-aspects-6.1.2.module to /home/gradle/.gradle/.tmp/gradle_download13127857414728693890bin
Downloading https://repo.maven.apache.org/maven2/org/springframework/data/build/spring-data-build/3.2.1/spring-data-build-3.2.1.pom to /home/gradle/.gradle/.tmp/gradle_download868677815797620451bin
Downloading https://repo.maven.apache.org/maven2/org/springframework/boot/spring-boot-starter/3.2.1/spring-boot-starter-3.2.1.pom to /home/gradle/.gradle/.tmp/gradle_download2203446562208223846bin
Downloading https://repo.maven.apache.org/maven2/org/hibernate/validator/hibernate-validator/8.0.1.Final/hibernate-validator-8.0.1.Final.pom to /home/gradle/.gradle/.tmp/gradle_download5283728317542655980bin
Downloading https://repo.maven.apache.org/maven2/org/apache/tomcat/embed/tomcat-embed-el/10.1.17/tomcat-embed-el-10.1.17.pom to /home/gradle/.gradle/.tmp/gradle_download10991548189122425274bin
Downloading https://repo.maven.apache.org/maven2/org/springframework/boot/spring-boot-starter/3.2.1/spring-boot-starter-3.2.1.module to /home/gradle/.gradle/.tmp/gradle_download8131700228226190437bin
Downloading https://repo.maven.apache.org/maven2/org/hibernate/validator/hibernate-validator-parent/8.0.1.Final/hibernate-validator-parent-8.0.1.Final.pom to /home/gradle/.gradle/.tmp/gradle_download4724003919120112514bin
Downloading https://repo.maven.apache.org/maven2/org/jboss/arquillian/arquillian-bom/1.7.0.Alpha10/arquillian-bom-1.7.0.Alpha10.pom to /home/gradle/.gradle/.tmp/gradle_download16959840418561892090bin
Downloading https://repo.maven.apache.org/maven2/org/jboss/shrinkwrap/shrinkwrap-bom/1.2.6/shrinkwrap-bom-1.2.6.pom to /home/gradle/.gradle/.tmp/gradle_download5349845300179541897bin
Downloading https://repo.maven.apache.org/maven2/org/jboss/shrinkwrap/resolver/shrinkwrap-resolver-bom/3.1.4/shrinkwrap-resolver-bom-3.1.4.pom to /home/gradle/.gradle/.tmp/gradle_download9025669634179388538bin
Downloading https://repo.maven.apache.org/maven2/org/apache/maven/maven/3.6.3/maven-3.6.3.pom to /home/gradle/.gradle/.tmp/gradle_download11942001048184068490bin
Downloading https://repo.maven.apache.org/maven2/org/apache/maven/maven-parent/33/maven-parent-33.pom to /home/gradle/.gradle/.tmp/gradle_download6302356916797470760bin
Downloading https://repo.maven.apache.org/maven2/org/apache/apache/21/apache-21.pom to /home/gradle/.gradle/.tmp/gradle_download10588321568066003210bin
Downloading https://repo.maven.apache.org/maven2/org/jboss/shrinkwrap/descriptors/shrinkwrap-descriptors-bom/2.0.0/shrinkwrap-descriptors-bom-2.0.0.pom to /home/gradle/.gradle/.tmp/gradle_download8222138885326674607bin
Downloading https://repo.maven.apache.org/maven2/org/springframework/boot/spring-boot-starter-tomcat/3.2.1/spring-boot-starter-tomcat-3.2.1.pom to /home/gradle/.gradle/.tmp/gradle_download17561553258846464927bin
Downloading https://repo.maven.apache.org/maven2/org/springframework/boot/spring-boot-starter-json/3.2.1/spring-boot-starter-json-3.2.1.pom to /home/gradle/.gradle/.tmp/gradle_download16425671470289394990bin
Downloading https://repo.maven.apache.org/maven2/org/springframework/spring-web/6.1.2/spring-web-6.1.2.pom to /home/gradle/.gradle/.tmp/gradle_download12595622590613476385bin
Downloading https://repo.maven.apache.org/maven2/org/springframework/spring-webmvc/6.1.2/spring-webmvc-6.1.2.pom to /home/gradle/.gradle/.tmp/gradle_download11341670082859565781bin
Downloading https://repo.maven.apache.org/maven2/org/springframework/boot/spring-boot-starter-json/3.2.1/spring-boot-starter-json-3.2.1.module to /home/gradle/.gradle/.tmp/gradle_download11238544830107648868bin
Downloading https://repo.maven.apache.org/maven2/org/springframework/spring-web/6.1.2/spring-web-6.1.2.module to /home/gradle/.gradle/.tmp/gradle_download10676137196651380350bin
Downloading https://repo.maven.apache.org/maven2/org/springframework/boot/spring-boot-starter-tomcat/3.2.1/spring-boot-starter-tomcat-3.2.1.module to /home/gradle/.gradle/.tmp/gradle_download9743302209502823613bin
Downloading https://repo.maven.apache.org/maven2/org/springframework/spring-webmvc/6.1.2/spring-webmvc-6.1.2.module to /home/gradle/.gradle/.tmp/gradle_download2380921282065282943bin
Downloading https://repo.maven.apache.org/maven2/com/fasterxml/jackson/dataformat/jackson-dataformat-toml/2.15.3/jackson-dataformat-toml-2.15.3.pom to /home/gradle/.gradle/.tmp/gradle_download1000513882530553138bin
Downloading https://repo.maven.apache.org/maven2/com/google/code/gson/gson/2.10.1/gson-2.10.1.pom to /home/gradle/.gradle/.tmp/gradle_download5650292723593384111bin
Downloading https://repo.maven.apache.org/maven2/com/google/code/gson/gson-parent/2.10.1/gson-parent-2.10.1.pom to /home/gradle/.gradle/.tmp/gradle_download15382483456580305333bin
Downloading https://repo.maven.apache.org/maven2/com/fasterxml/jackson/dataformat/jackson-dataformats-text/2.15.3/jackson-dataformats-text-2.15.3.pom to /home/gradle/.gradle/.tmp/gradle_download13777419817959812269bin
Downloading https://repo.maven.apache.org/maven2/com/fasterxml/jackson/jackson-base/2.15.3/jackson-base-2.15.3.pom to /home/gradle/.gradle/.tmp/gradle_download8034066734447011368bin
Downloading https://repo.maven.apache.org/maven2/com/fasterxml/jackson/dataformat/jackson-dataformat-toml/2.15.3/jackson-dataformat-toml-2.15.3.module to /home/gradle/.gradle/.tmp/gradle_download6057687278987305666bin
Downloading https://repo.maven.apache.org/maven2/com/querydsl/querydsl-core/5.0.0/querydsl-core-5.0.0.pom to /home/gradle/.gradle/.tmp/gradle_download4976586925639990886bin
Downloading https://repo.maven.apache.org/maven2/io/github/classgraph/classgraph/4.8.108/classgraph-4.8.108.pom to /home/gradle/.gradle/.tmp/gradle_download4303238159119089004bin
Downloading https://repo.maven.apache.org/maven2/com/querydsl/codegen-utils/5.0.0/codegen-utils-5.0.0.pom to /home/gradle/.gradle/.tmp/gradle_download12429799116768657371bin
Downloading https://repo.maven.apache.org/maven2/javax/inject/javax.inject/1/javax.inject-1.pom to /home/gradle/.gradle/.tmp/gradle_download3877953493123843985bin
Downloading https://repo.maven.apache.org/maven2/org/aspectj/aspectjweaver/1.9.21/aspectjweaver-1.9.21.pom to /home/gradle/.gradle/.tmp/gradle_download11748897712801919051bin
Downloading https://repo.maven.apache.org/maven2/org/springframework/spring-aop/6.1.2/spring-aop-6.1.2.pom to /home/gradle/.gradle/.tmp/gradle_download11640011552804571311bin
Downloading https://repo.maven.apache.org/maven2/org/springframework/spring-aop/6.1.2/spring-aop-6.1.2.module to /home/gradle/.gradle/.tmp/gradle_download687890364753743768bin
Downloading https://repo.maven.apache.org/maven2/org/springframework/spring-jdbc/6.1.2/spring-jdbc-6.1.2.pom to /home/gradle/.gradle/.tmp/gradle_download14618077239585932842bin
Downloading https://repo.maven.apache.org/maven2/com/zaxxer/HikariCP/5.0.1/HikariCP-5.0.1.pom to /home/gradle/.gradle/.tmp/gradle_download16042039687077469675bin
Downloading https://repo.maven.apache.org/maven2/org/springframework/spring-jdbc/6.1.2/spring-jdbc-6.1.2.module to /home/gradle/.gradle/.tmp/gradle_download2173944970389723122bin
Found locally available resource with matching checksum: [https://repo.maven.apache.org/maven2/org/sonatype/oss/oss-parent/9/oss-parent-9.pom, /home/gradle/.gradle/caches/modules-2/files-2.1/org.sonatype.oss/oss-parent/9/e5cdc4d23b86d79c436f16fed20853284e868f65/oss-parent-9.pom]
Downloading https://repo.maven.apache.org/maven2/jakarta/transaction/jakarta.transaction-api/2.0.1/jakarta.transaction-api-2.0.1.pom to /home/gradle/.gradle/.tmp/gradle_download12915779285358352722bin
Downloading https://repo.maven.apache.org/maven2/org/hibernate/common/hibernate-commons-annotations/6.0.6.Final/hibernate-commons-annotations-6.0.6.Final.pom to /home/gradle/.gradle/.tmp/gradle_download14047113676107334732bin
Downloading https://repo.maven.apache.org/maven2/org/jboss/logging/jboss-logging/3.5.3.Final/jboss-logging-3.5.3.Final.pom to /home/gradle/.gradle/.tmp/gradle_download9154845400899996015bin
Downloading https://repo.maven.apache.org/maven2/io/smallrye/jandex/3.1.2/jandex-3.1.2.pom to /home/gradle/.gradle/.tmp/gradle_download4439469825837767417bin
Downloading https://repo.maven.apache.org/maven2/org/eclipse/ee4j/project/1.0.6/project-1.0.6.pom to /home/gradle/.gradle/.tmp/gradle_download4741924963141012838bin
Downloading https://repo.maven.apache.org/maven2/org/jboss/logging/logging-parent/1.0.1.Final/logging-parent-1.0.1.Final.pom to /home/gradle/.gradle/.tmp/gradle_download2890165410100618809bin
Downloading https://repo.maven.apache.org/maven2/io/smallrye/jandex-parent/3.1.2/jandex-parent-3.1.2.pom to /home/gradle/.gradle/.tmp/gradle_download14281764205959243575bin
Downloading https://repo.maven.apache.org/maven2/org/hibernate/common/hibernate-commons-annotations/6.0.6.Final/hibernate-commons-annotations-6.0.6.Final.module to /home/gradle/.gradle/.tmp/gradle_download12615817672682356628bin
Downloading https://repo.maven.apache.org/maven2/io/smallrye/smallrye-build-parent/39/smallrye-build-parent-39.pom to /home/gradle/.gradle/.tmp/gradle_download17736461752389345637bin
Found locally available resource with matching checksum: [https://repo.maven.apache.org/maven2/org/junit/junit-bom/5.9.3/junit-bom-5.9.3.pom, /home/gradle/.gradle/caches/modules-2/files-2.1/org.junit/junit-bom/5.9.3/b1874b6a66656e4f5e4b492ab321249bcb749dc7/junit-bom-5.9.3.pom]
Downloading https://repo.maven.apache.org/maven2/net/bytebuddy/byte-buddy/1.14.10/byte-buddy-1.14.10.pom to /home/gradle/.gradle/.tmp/gradle_download5646908636945906745bin
Downloading https://repo.maven.apache.org/maven2/com/fasterxml/classmate/1.6.0/classmate-1.6.0.pom to /home/gradle/.gradle/.tmp/gradle_download9952187970020145202bin
Found locally available resource with matching checksum: [https://repo.maven.apache.org/maven2/org/junit/junit-bom/5.9.3/junit-bom-5.9.3.module, /home/gradle/.gradle/caches/modules-2/files-2.1/org.junit/junit-bom/5.9.3/d70d3d9a503c573e648ef70fb2e211fbe44aa63e/junit-bom-5.9.3.module]
Downloading https://repo.maven.apache.org/maven2/net/bytebuddy/byte-buddy-parent/1.14.10/byte-buddy-parent-1.14.10.pom to /home/gradle/.gradle/.tmp/gradle_download4644154395537800357bin
Downloading https://repo.maven.apache.org/maven2/com/fasterxml/oss-parent/55/oss-parent-55.pom to /home/gradle/.gradle/.tmp/gradle_download5015546704634725606bin
Downloading https://repo.maven.apache.org/maven2/org/glassfish/jaxb/jaxb-runtime/4.0.4/jaxb-runtime-4.0.4.pom to /home/gradle/.gradle/.tmp/gradle_download12222067279612478541bin
Downloading https://repo.maven.apache.org/maven2/jakarta/xml/bind/jakarta.xml.bind-api/4.0.1/jakarta.xml.bind-api-4.0.1.pom to /home/gradle/.gradle/.tmp/gradle_download9701503556479946856bin
Downloading https://repo.maven.apache.org/maven2/jakarta/inject/jakarta.inject-api/2.0.1/jakarta.inject-api-2.0.1.pom to /home/gradle/.gradle/.tmp/gradle_download7752979037410402705bin
Downloading https://repo.maven.apache.org/maven2/com/sun/xml/bind/mvn/jaxb-runtime-parent/4.0.4/jaxb-runtime-parent-4.0.4.pom to /home/gradle/.gradle/.tmp/gradle_download1175887616177990025bin
Downloading https://repo.maven.apache.org/maven2/jakarta/xml/bind/jakarta.xml.bind-api-parent/4.0.1/jakarta.xml.bind-api-parent-4.0.1.pom to /home/gradle/.gradle/.tmp/gradle_download7309306958822097814bin
Downloading https://repo.maven.apache.org/maven2/org/antlr/antlr4-runtime/4.13.0/antlr4-runtime-4.13.0.pom to /home/gradle/.gradle/.tmp/gradle_download4778440291539194852bin
Downloading https://repo.maven.apache.org/maven2/com/sun/xml/bind/mvn/jaxb-parent/4.0.4/jaxb-parent-4.0.4.pom to /home/gradle/.gradle/.tmp/gradle_download16333164812538282243bin
Downloading https://repo.maven.apache.org/maven2/org/antlr/antlr4-master/4.13.0/antlr4-master-4.13.0.pom to /home/gradle/.gradle/.tmp/gradle_download4045538312375849750bin
Downloading https://repo.maven.apache.org/maven2/com/sun/xml/bind/jaxb-bom-ext/4.0.4/jaxb-bom-ext-4.0.4.pom to /home/gradle/.gradle/.tmp/gradle_download5717597055191228080bin
Downloading https://repo.maven.apache.org/maven2/org/springframework/data/spring-data-commons/3.2.1/spring-data-commons-3.2.1.pom to /home/gradle/.gradle/.tmp/gradle_download16163547859466229984bin
Downloading https://repo.maven.apache.org/maven2/org/springframework/spring-tx/6.1.2/spring-tx-6.1.2.pom to /home/gradle/.gradle/.tmp/gradle_download12054444358303009905bin
Downloading https://repo.maven.apache.org/maven2/org/springframework/spring-orm/6.1.2/spring-orm-6.1.2.pom to /home/gradle/.gradle/.tmp/gradle_download7437779316616787114bin
Downloading https://repo.maven.apache.org/maven2/org/springframework/spring-context/6.1.2/spring-context-6.1.2.pom to /home/gradle/.gradle/.tmp/gradle_download7697514251791596557bin
Downloading https://repo.maven.apache.org/maven2/org/springframework/spring-orm/6.1.2/spring-orm-6.1.2.module to /home/gradle/.gradle/.tmp/gradle_download6822625658318776224bin
Downloading https://repo.maven.apache.org/maven2/org/springframework/spring-beans/6.1.2/spring-beans-6.1.2.pom to /home/gradle/.gradle/.tmp/gradle_download17167238027886361169bin
Downloading https://repo.maven.apache.org/maven2/org/springframework/spring-tx/6.1.2/spring-tx-6.1.2.module to /home/gradle/.gradle/.tmp/gradle_download9235191217753762737bin
Downloading https://repo.maven.apache.org/maven2/org/springframework/spring-context/6.1.2/spring-context-6.1.2.module to /home/gradle/.gradle/.tmp/gradle_download9205829101721750878bin
Downloading https://repo.maven.apache.org/maven2/org/springframework/spring-core/6.1.2/spring-core-6.1.2.pom to /home/gradle/.gradle/.tmp/gradle_download242916125550564804bin
Downloading https://repo.maven.apache.org/maven2/org/springframework/spring-beans/6.1.2/spring-beans-6.1.2.module to /home/gradle/.gradle/.tmp/gradle_download3578250774056228762bin
Downloading https://repo.maven.apache.org/maven2/org/slf4j/slf4j-api/2.0.9/slf4j-api-2.0.9.pom to /home/gradle/.gradle/.tmp/gradle_download5396786775506208546bin
Downloading https://repo.maven.apache.org/maven2/org/springframework/spring-core/6.1.2/spring-core-6.1.2.module to /home/gradle/.gradle/.tmp/gradle_download15884166416019801410bin
Downloading https://repo.maven.apache.org/maven2/org/slf4j/slf4j-parent/2.0.9/slf4j-parent-2.0.9.pom to /home/gradle/.gradle/.tmp/gradle_download2402644172794260797bin
Downloading https://repo.maven.apache.org/maven2/org/slf4j/slf4j-bom/2.0.9/slf4j-bom-2.0.9.pom to /home/gradle/.gradle/.tmp/gradle_download12505653354255236795bin
Downloading https://repo.maven.apache.org/maven2/org/yaml/snakeyaml/2.2/snakeyaml-2.2.pom to /home/gradle/.gradle/.tmp/gradle_download13388784203410165910bin
Downloading https://repo.maven.apache.org/maven2/org/springframework/boot/spring-boot/3.2.1/spring-boot-3.2.1.pom to /home/gradle/.gradle/.tmp/gradle_download1833880876179981551bin
Downloading https://repo.maven.apache.org/maven2/org/springframework/boot/spring-boot-starter-logging/3.2.1/spring-boot-starter-logging-3.2.1.pom to /home/gradle/.gradle/.tmp/gradle_download11181093987965759438bin
Downloading https://repo.maven.apache.org/maven2/org/springframework/boot/spring-boot-autoconfigure/3.2.1/spring-boot-autoconfigure-3.2.1.pom to /home/gradle/.gradle/.tmp/gradle_download9261265000277630079bin
Downloading https://repo.maven.apache.org/maven2/org/springframework/boot/spring-boot/3.2.1/spring-boot-3.2.1.module to /home/gradle/.gradle/.tmp/gradle_download705379891313847809bin
Downloading https://repo.maven.apache.org/maven2/org/springframework/boot/spring-boot-starter-logging/3.2.1/spring-boot-starter-logging-3.2.1.module to /home/gradle/.gradle/.tmp/gradle_download10306289458099266002bin
Downloading https://repo.maven.apache.org/maven2/org/springframework/boot/spring-boot-autoconfigure/3.2.1/spring-boot-autoconfigure-3.2.1.module to /home/gradle/.gradle/.tmp/gradle_download7096545953149434419bin
Downloading https://repo.maven.apache.org/maven2/jakarta/validation/jakarta.validation-api/3.0.2/jakarta.validation-api-3.0.2.pom to /home/gradle/.gradle/.tmp/gradle_download14243939271153690126bin
Downloading https://repo.maven.apache.org/maven2/com/fasterxml/jackson/datatype/jackson-datatype-jsr310/2.15.3/jackson-datatype-jsr310-2.15.3.pom to /home/gradle/.gradle/.tmp/gradle_download7716187443003739256bin
Downloading https://repo.maven.apache.org/maven2/com/fasterxml/jackson/core/jackson-databind/2.15.3/jackson-databind-2.15.3.pom to /home/gradle/.gradle/.tmp/gradle_download16301685622356163433bin
Downloading https://repo.maven.apache.org/maven2/com/fasterxml/jackson/module/jackson-module-parameter-names/2.15.3/jackson-module-parameter-names-2.15.3.pom to /home/gradle/.gradle/.tmp/gradle_download1094642991031587659bin
Downloading https://repo.maven.apache.org/maven2/com/fasterxml/jackson/datatype/jackson-datatype-jdk8/2.15.3/jackson-datatype-jdk8-2.15.3.pom to /home/gradle/.gradle/.tmp/gradle_download4098946429224743304bin
Downloading https://repo.maven.apache.org/maven2/com/fasterxml/jackson/module/jackson-modules-java8/2.15.3/jackson-modules-java8-2.15.3.pom to /home/gradle/.gradle/.tmp/gradle_download16566507034264105095bin
Cache entries evicted. In-memory cache of /home/gradle/project/.gradle/8.5/checksums/sha1-checksums.bin: Size{354} MaxSize{400}, CacheStats{hitCount=192, missCount=360, loadSuccessCount=355, loadExceptionCount=0, totalLoadTime=3097020532, evictionCount=1} 
Performance may suffer from in-memory cache misses. Increase max heap size of Gradle build process to reduce cache misses.
Downloading https://repo.maven.apache.org/maven2/org/junit/junit-bom/5.9.2/junit-bom-5.9.2.pom to /home/gradle/.gradle/.tmp/gradle_download5790742492429451688bin
Downloading https://repo.maven.apache.org/maven2/com/fasterxml/jackson/module/jackson-module-parameter-names/2.15.3/jackson-module-parameter-names-2.15.3.module to /home/gradle/.gradle/.tmp/gradle_download16364355151943851048bin
Downloading https://repo.maven.apache.org/maven2/com/fasterxml/jackson/datatype/jackson-datatype-jdk8/2.15.3/jackson-datatype-jdk8-2.15.3.module to /home/gradle/.gradle/.tmp/gradle_download6769263126361036988bin
Downloading https://repo.maven.apache.org/maven2/org/junit/junit-bom/5.9.2/junit-bom-5.9.2.module to /home/gradle/.gradle/.tmp/gradle_download17995703586339224117bin
Downloading https://repo.maven.apache.org/maven2/com/fasterxml/jackson/datatype/jackson-datatype-jsr310/2.15.3/jackson-datatype-jsr310-2.15.3.module to /home/gradle/.gradle/.tmp/gradle_download3423279679360559360bin
Downloading https://repo.maven.apache.org/maven2/com/fasterxml/jackson/core/jackson-databind/2.15.3/jackson-databind-2.15.3.module to /home/gradle/.gradle/.tmp/gradle_download10795204766387101601bin
Downloading https://repo.maven.apache.org/maven2/org/apache/tomcat/embed/tomcat-embed-websocket/10.1.17/tomcat-embed-websocket-10.1.17.pom to /home/gradle/.gradle/.tmp/gradle_download5926841810822007416bin
Downloading https://repo.maven.apache.org/maven2/org/apache/tomcat/embed/tomcat-embed-core/10.1.17/tomcat-embed-core-10.1.17.pom to /home/gradle/.gradle/.tmp/gradle_download1067897832710216097bin
Downloading https://repo.maven.apache.org/maven2/io/micrometer/micrometer-observation/1.12.1/micrometer-observation-1.12.1.pom to /home/gradle/.gradle/.tmp/gradle_download3351434502835721109bin
Downloading https://repo.maven.apache.org/maven2/org/springframework/spring-expression/6.1.2/spring-expression-6.1.2.pom to /home/gradle/.gradle/.tmp/gradle_download4608448220470125438bin
Downloading https://repo.maven.apache.org/maven2/org/springframework/spring-expression/6.1.2/spring-expression-6.1.2.module to /home/gradle/.gradle/.tmp/gradle_download1221540509948189423bin
Downloading https://repo.maven.apache.org/maven2/com/fasterxml/jackson/core/jackson-core/2.15.3/jackson-core-2.15.3.pom to /home/gradle/.gradle/.tmp/gradle_download12628876310811625668bin
Downloading https://repo.maven.apache.org/maven2/com/fasterxml/jackson/core/jackson-core/2.15.3/jackson-core-2.15.3.module to /home/gradle/.gradle/.tmp/gradle_download1511286635401077215bin
Downloading https://repo.maven.apache.org/maven2/com/mysema/commons/mysema-commons-lang/0.2.4/mysema-commons-lang-0.2.4.pom to /home/gradle/.gradle/.tmp/gradle_download10700984519717668118bin
Downloading https://repo.maven.apache.org/maven2/com/mysema/home/mysema-source/0.3.0/mysema-source-0.3.0.pom to /home/gradle/.gradle/.tmp/gradle_download14220966133694851748bin
Downloading https://repo.maven.apache.org/maven2/org/eclipse/jdt/ecj/3.26.0/ecj-3.26.0.pom to /home/gradle/.gradle/.tmp/gradle_download1208280630469959534bin
Downloading https://repo.maven.apache.org/maven2/jakarta/activation/jakarta.activation-api/2.1.2/jakarta.activation-api-2.1.2.pom to /home/gradle/.gradle/.tmp/gradle_download2010691038699427754bin
Downloading https://repo.maven.apache.org/maven2/org/glassfish/jaxb/jaxb-core/4.0.4/jaxb-core-4.0.4.pom to /home/gradle/.gradle/.tmp/gradle_download4247661790497048622bin
Downloading https://repo.maven.apache.org/maven2/org/springframework/spring-jcl/6.1.2/spring-jcl-6.1.2.pom to /home/gradle/.gradle/.tmp/gradle_download9810995661176229271bin
Downloading https://repo.maven.apache.org/maven2/org/springframework/spring-jcl/6.1.2/spring-jcl-6.1.2.module to /home/gradle/.gradle/.tmp/gradle_download3422632770194940536bin
Downloading https://repo.maven.apache.org/maven2/org/apache/logging/log4j/log4j-to-slf4j/2.21.1/log4j-to-slf4j-2.21.1.pom to /home/gradle/.gradle/.tmp/gradle_download12752402550193675622bin
Downloading https://repo.maven.apache.org/maven2/org/slf4j/jul-to-slf4j/2.0.9/jul-to-slf4j-2.0.9.pom to /home/gradle/.gradle/.tmp/gradle_download5427875413661380903bin
Downloading https://repo.maven.apache.org/maven2/ch/qos/logback/logback-classic/1.4.14/logback-classic-1.4.14.pom to /home/gradle/.gradle/.tmp/gradle_download11664843607159601750bin
Downloading https://repo.maven.apache.org/maven2/org/apache/logging/log4j/log4j/2.21.1/log4j-2.21.1.pom to /home/gradle/.gradle/.tmp/gradle_download7846954972734208247bin
Downloading https://repo.maven.apache.org/maven2/ch/qos/logback/logback-parent/1.4.14/logback-parent-1.4.14.pom to /home/gradle/.gradle/.tmp/gradle_download8722885272568736603bin
Downloading https://repo.maven.apache.org/maven2/org/ow2/asm/asm-bom/9.5/asm-bom-9.5.pom to /home/gradle/.gradle/.tmp/gradle_download9322468486439622592bin
Downloading https://repo.maven.apache.org/maven2/org/ow2/ow2/1.5.1/ow2-1.5.1.pom to /home/gradle/.gradle/.tmp/gradle_download78164697282327270bin
Downloading https://repo.maven.apache.org/maven2/org/codehaus/groovy/groovy-bom/3.0.19/groovy-bom-3.0.19.pom to /home/gradle/.gradle/.tmp/gradle_download16271270688306868836bin
Downloading https://repo.maven.apache.org/maven2/com/fasterxml/jackson/jackson-bom/2.15.2/jackson-bom-2.15.2.pom to /home/gradle/.gradle/.tmp/gradle_download12515924795888908344bin
Downloading https://repo.maven.apache.org/maven2/jakarta/platform/jakarta.jakartaee-bom/9.1.0/jakarta.jakartaee-bom-9.1.0.pom to /home/gradle/.gradle/.tmp/gradle_download17844715259673293454bin
Downloading https://repo.maven.apache.org/maven2/jakarta/platform/jakartaee-api-parent/9.1.0/jakartaee-api-parent-9.1.0.pom to /home/gradle/.gradle/.tmp/gradle_download1300123070560571087bin
Downloading https://repo.maven.apache.org/maven2/org/eclipse/jetty/jetty-bom/9.4.53.v20231009/jetty-bom-9.4.53.v20231009.pom to /home/gradle/.gradle/.tmp/gradle_download5368996206333595145bin
Downloading https://repo.maven.apache.org/maven2/org/junit/junit-bom/5.10.0/junit-bom-5.10.0.pom to /home/gradle/.gradle/.tmp/gradle_download1722414852385141029bin
Downloading https://repo.maven.apache.org/maven2/org/junit/junit-bom/5.10.0/junit-bom-5.10.0.module to /home/gradle/.gradle/.tmp/gradle_download4056922236335395567bin
Downloading https://repo.maven.apache.org/maven2/io/fabric8/kubernetes-client-bom/5.12.4/kubernetes-client-bom-5.12.4.pom to /home/gradle/.gradle/.tmp/gradle_download15921036573820955619bin
Downloading https://repo.maven.apache.org/maven2/org/mockito/mockito-bom/4.11.0/mockito-bom-4.11.0.pom to /home/gradle/.gradle/.tmp/gradle_download18299316562183231071bin
Downloading https://repo.maven.apache.org/maven2/io/netty/netty-bom/4.1.97.Final/netty-bom-4.1.97.Final.pom to /home/gradle/.gradle/.tmp/gradle_download8465169836390916232bin
Downloading https://repo.maven.apache.org/maven2/org/springframework/spring-framework-bom/5.3.29/spring-framework-bom-5.3.29.pom to /home/gradle/.gradle/.tmp/gradle_download15413377944798219001bin
Downloading https://repo.maven.apache.org/maven2/org/springframework/spring-framework-bom/5.3.29/spring-framework-bom-5.3.29.module to /home/gradle/.gradle/.tmp/gradle_download12047859156725498920bin
Downloading https://repo.maven.apache.org/maven2/com/fasterxml/jackson/core/jackson-annotations/2.15.3/jackson-annotations-2.15.3.pom to /home/gradle/.gradle/.tmp/gradle_download15340560926575764988bin
Downloading https://repo.maven.apache.org/maven2/com/fasterxml/jackson/core/jackson-annotations/2.15.3/jackson-annotations-2.15.3.module to /home/gradle/.gradle/.tmp/gradle_download10659395827716744278bin
Downloading https://repo.maven.apache.org/maven2/io/micrometer/micrometer-commons/1.12.1/micrometer-commons-1.12.1.pom to /home/gradle/.gradle/.tmp/gradle_download3621703107680722511bin
Downloading https://repo.maven.apache.org/maven2/com/sun/istack/istack-commons-runtime/4.1.2/istack-commons-runtime-4.1.2.pom to /home/gradle/.gradle/.tmp/gradle_download4472228964859129041bin
Downloading https://repo.maven.apache.org/maven2/org/eclipse/angus/angus-activation/2.0.1/angus-activation-2.0.1.pom to /home/gradle/.gradle/.tmp/gradle_download15285705201505385468bin
Downloading https://repo.maven.apache.org/maven2/org/glassfish/jaxb/txw2/4.0.4/txw2-4.0.4.pom to /home/gradle/.gradle/.tmp/gradle_download6809805954476483401bin
Downloading https://repo.maven.apache.org/maven2/com/sun/istack/istack-commons/4.1.2/istack-commons-4.1.2.pom to /home/gradle/.gradle/.tmp/gradle_download1685037698249471485bin
Downloading https://repo.maven.apache.org/maven2/org/eclipse/angus/angus-activation-project/2.0.1/angus-activation-project-2.0.1.pom to /home/gradle/.gradle/.tmp/gradle_download3369894603753797025bin
Downloading https://repo.maven.apache.org/maven2/com/sun/xml/bind/mvn/jaxb-txw-parent/4.0.4/jaxb-txw-parent-4.0.4.pom to /home/gradle/.gradle/.tmp/gradle_download16896326356959963354bin
Downloading https://repo.maven.apache.org/maven2/ch/qos/logback/logback-core/1.4.14/logback-core-1.4.14.pom to /home/gradle/.gradle/.tmp/gradle_download14921780548945137340bin
Downloading https://repo.maven.apache.org/maven2/org/apache/logging/log4j/log4j-api/2.21.1/log4j-api-2.21.1.pom to /home/gradle/.gradle/.tmp/gradle_download3337159404585397374bin
Excluding []
Downloading https://repo.maven.apache.org/maven2/com/querydsl/querydsl-apt/5.0.0/querydsl-apt-5.0.0-jakarta.jar to /home/gradle/.gradle/.tmp/gradle_download7456945056363562319bin
Downloading https://repo.maven.apache.org/maven2/org/springframework/boot/spring-boot-starter-data-jpa/3.2.1/spring-boot-starter-data-jpa-3.2.1.jar to /home/gradle/.gradle/.tmp/gradle_download11324832675734612772bin
Downloading https://repo.maven.apache.org/maven2/org/springframework/data/spring-data-jpa/3.2.1/spring-data-jpa-3.2.1.jar to /home/gradle/.gradle/.tmp/gradle_download15426063731584118508bin
Downloading https://repo.maven.apache.org/maven2/org/springframework/boot/spring-boot-starter-validation/3.2.1/spring-boot-starter-validation-3.2.1.jar to /home/gradle/.gradle/.tmp/gradle_download3533162085276771411bin
Downloading https://repo.maven.apache.org/maven2/org/springframework/boot/spring-boot-starter-web/3.2.1/spring-boot-starter-web-3.2.1.jar to /home/gradle/.gradle/.tmp/gradle_download11336299077525156939bin
Downloading https://repo.maven.apache.org/maven2/org/springframework/boot/spring-boot-starter-aop/3.2.1/spring-boot-starter-aop-3.2.1.jar to /home/gradle/.gradle/.tmp/gradle_download600941120875862152bin
Downloading https://repo.maven.apache.org/maven2/org/springframework/boot/spring-boot-starter-json/3.2.1/spring-boot-starter-json-3.2.1.jar to /home/gradle/.gradle/.tmp/gradle_download973192504062993540bin
Downloading https://repo.maven.apache.org/maven2/org/springframework/boot/spring-boot-starter-jdbc/3.2.1/spring-boot-starter-jdbc-3.2.1.jar to /home/gradle/.gradle/.tmp/gradle_download6236209165910930637bin
Downloading https://repo.maven.apache.org/maven2/org/springframework/boot/spring-boot-starter/3.2.1/spring-boot-starter-3.2.1.jar to /home/gradle/.gradle/.tmp/gradle_download4140665726267048275bin
Downloading https://repo.maven.apache.org/maven2/org/springframework/boot/spring-boot-starter-tomcat/3.2.1/spring-boot-starter-tomcat-3.2.1.jar to /home/gradle/.gradle/.tmp/gradle_download8579848449305276163bin
Cache entries evicted. In-memory cache of /home/gradle/project/.gradle/8.5/checksums/sha1-checksums.bin: Size{392} MaxSize{400}, CacheStats{hitCount=286, missCount=438, loadSuccessCount=433, loadExceptionCount=0, totalLoadTime=3528091802, evictionCount=41} 
Performance may suffer from in-memory cache misses. Increase max heap size of Gradle build process to reduce cache misses.
Downloading https://repo.maven.apache.org/maven2/jakarta/annotation/jakarta.annotation-api/2.1.1/jakarta.annotation-api-2.1.1.jar to /home/gradle/.gradle/.tmp/gradle_download12490964377446996900bin
Downloading https://repo.maven.apache.org/maven2/org/hibernate/orm/hibernate-core/6.4.1.Final/hibernate-core-6.4.1.Final.jar to /home/gradle/.gradle/.tmp/gradle_download10288878486542594464bin
Downloading https://repo.maven.apache.org/maven2/jakarta/persistence/jakarta.persistence-api/3.1.0/jakarta.persistence-api-3.1.0.jar to /home/gradle/.gradle/.tmp/gradle_download7478388041865866208bin
Downloading https://repo.maven.apache.org/maven2/org/flywaydb/flyway-core/9.22.3/flyway-core-9.22.3.jar to /home/gradle/.gradle/.tmp/gradle_download14268422759382406481bin
Downloading https://repo.maven.apache.org/maven2/org/projectlombok/lombok/1.18.30/lombok-1.18.30.jar to /home/gradle/.gradle/.tmp/gradle_download3729375436086216528bin
Downloading https://repo.maven.apache.org/maven2/com/querydsl/querydsl-codegen/5.0.0/querydsl-codegen-5.0.0.jar to /home/gradle/.gradle/.tmp/gradle_download3866386010581291373bin
Downloading https://repo.maven.apache.org/maven2/com/querydsl/querydsl-jpa/5.0.0/querydsl-jpa-5.0.0-jakarta.jar to /home/gradle/.gradle/.tmp/gradle_download7849092101231111334bin
Downloading https://repo.maven.apache.org/maven2/org/springframework/spring-aspects/6.1.2/spring-aspects-6.1.2.jar to /home/gradle/.gradle/.tmp/gradle_download1384863387946798587bin
Downloading https://repo.maven.apache.org/maven2/org/apache/tomcat/embed/tomcat-embed-el/10.1.17/tomcat-embed-el-10.1.17.jar to /home/gradle/.gradle/.tmp/gradle_download16962475124032530233bin
Downloading https://repo.maven.apache.org/maven2/org/hibernate/validator/hibernate-validator/8.0.1.Final/hibernate-validator-8.0.1.Final.jar to /home/gradle/.gradle/.tmp/gradle_download15877191949223486712bin
Downloading https://repo.maven.apache.org/maven2/org/springframework/spring-webmvc/6.1.2/spring-webmvc-6.1.2.jar to /home/gradle/.gradle/.tmp/gradle_download10315517118949011260bin
Downloading https://repo.maven.apache.org/maven2/org/springframework/spring-web/6.1.2/spring-web-6.1.2.jar to /home/gradle/.gradle/.tmp/gradle_download12253074268774962403bin
Downloading https://repo.maven.apache.org/maven2/com/fasterxml/jackson/datatype/jackson-datatype-jdk8/2.15.3/jackson-datatype-jdk8-2.15.3.jar to /home/gradle/.gradle/.tmp/gradle_download5522895838278101785bin
Downloading https://repo.maven.apache.org/maven2/com/fasterxml/jackson/module/jackson-module-parameter-names/2.15.3/jackson-module-parameter-names-2.15.3.jar to /home/gradle/.gradle/.tmp/gradle_download15961497658196012974bin
Downloading https://repo.maven.apache.org/maven2/com/fasterxml/jackson/datatype/jackson-datatype-jsr310/2.15.3/jackson-datatype-jsr310-2.15.3.jar to /home/gradle/.gradle/.tmp/gradle_download18178365869218502095bin
Downloading https://repo.maven.apache.org/maven2/com/fasterxml/jackson/core/jackson-databind/2.15.3/jackson-databind-2.15.3.jar to /home/gradle/.gradle/.tmp/gradle_download4783293310005812269bin
Downloading https://repo.maven.apache.org/maven2/com/fasterxml/jackson/core/jackson-core/2.15.3/jackson-core-2.15.3.jar to /home/gradle/.gradle/.tmp/gradle_download9824632512102500261bin
Downloading https://repo.maven.apache.org/maven2/com/fasterxml/jackson/core/jackson-annotations/2.15.3/jackson-annotations-2.15.3.jar to /home/gradle/.gradle/.tmp/gradle_download15456242421244131146bin
Downloading https://repo.maven.apache.org/maven2/com/fasterxml/jackson/dataformat/jackson-dataformat-toml/2.15.3/jackson-dataformat-toml-2.15.3.jar to /home/gradle/.gradle/.tmp/gradle_download15650468385266958631bin
Downloading https://repo.maven.apache.org/maven2/com/google/code/gson/gson/2.10.1/gson-2.10.1.jar to /home/gradle/.gradle/.tmp/gradle_download6639554859463058218bin
Downloading https://repo.maven.apache.org/maven2/com/querydsl/querydsl-core/5.0.0/querydsl-core-5.0.0.jar to /home/gradle/.gradle/.tmp/gradle_download436601001817441375bin
Downloading https://repo.maven.apache.org/maven2/com/querydsl/codegen-utils/5.0.0/codegen-utils-5.0.0.jar to /home/gradle/.gradle/.tmp/gradle_download17891347031648180936bin
Downloading https://repo.maven.apache.org/maven2/javax/inject/javax.inject/1/javax.inject-1.jar to /home/gradle/.gradle/.tmp/gradle_download1713242105314859717bin
Downloading https://repo.maven.apache.org/maven2/org/springframework/boot/spring-boot-autoconfigure/3.2.1/spring-boot-autoconfigure-3.2.1.jar to /home/gradle/.gradle/.tmp/gradle_download10549569058786017425bin
Downloading https://repo.maven.apache.org/maven2/io/github/classgraph/classgraph/4.8.108/classgraph-4.8.108.jar to /home/gradle/.gradle/.tmp/gradle_download13869551869366303945bin
Downloading https://repo.maven.apache.org/maven2/org/springframework/boot/spring-boot/3.2.1/spring-boot-3.2.1.jar to /home/gradle/.gradle/.tmp/gradle_download15909687562483200754bin
Downloading https://repo.maven.apache.org/maven2/org/springframework/spring-context/6.1.2/spring-context-6.1.2.jar to /home/gradle/.gradle/.tmp/gradle_download13462998044137658267bin
Downloading https://repo.maven.apache.org/maven2/org/springframework/spring-aop/6.1.2/spring-aop-6.1.2.jar to /home/gradle/.gradle/.tmp/gradle_download393635321084314367bin
Downloading https://repo.maven.apache.org/maven2/org/aspectj/aspectjweaver/1.9.21/aspectjweaver-1.9.21.jar to /home/gradle/.gradle/.tmp/gradle_download12055660331599132351bin
Downloading https://repo.maven.apache.org/maven2/com/zaxxer/HikariCP/5.0.1/HikariCP-5.0.1.jar to /home/gradle/.gradle/.tmp/gradle_download4665253464705483755bin
Downloading https://repo.maven.apache.org/maven2/org/springframework/spring-orm/6.1.2/spring-orm-6.1.2.jar to /home/gradle/.gradle/.tmp/gradle_download11474669383796762685bin
Downloading https://repo.maven.apache.org/maven2/org/springframework/spring-jdbc/6.1.2/spring-jdbc-6.1.2.jar to /home/gradle/.gradle/.tmp/gradle_download15842562432628955198bin
Downloading https://repo.maven.apache.org/maven2/jakarta/transaction/jakarta.transaction-api/2.0.1/jakarta.transaction-api-2.0.1.jar to /home/gradle/.gradle/.tmp/gradle_download1417813521155247266bin
Downloading https://repo.maven.apache.org/maven2/org/springframework/data/spring-data-commons/3.2.1/spring-data-commons-3.2.1.jar to /home/gradle/.gradle/.tmp/gradle_download3874474692892347738bin
Downloading https://repo.maven.apache.org/maven2/org/springframework/spring-tx/6.1.2/spring-tx-6.1.2.jar to /home/gradle/.gradle/.tmp/gradle_download7139371262036426810bin
Downloading https://repo.maven.apache.org/maven2/org/springframework/spring-beans/6.1.2/spring-beans-6.1.2.jar to /home/gradle/.gradle/.tmp/gradle_download12982830919285091982bin
Downloading https://repo.maven.apache.org/maven2/org/springframework/spring-expression/6.1.2/spring-expression-6.1.2.jar to /home/gradle/.gradle/.tmp/gradle_download477688544018008365bin
Downloading https://repo.maven.apache.org/maven2/org/springframework/spring-core/6.1.2/spring-core-6.1.2.jar to /home/gradle/.gradle/.tmp/gradle_download14136145431425469971bin
Downloading https://repo.maven.apache.org/maven2/org/springframework/boot/spring-boot-starter-logging/3.2.1/spring-boot-starter-logging-3.2.1.jar to /home/gradle/.gradle/.tmp/gradle_download567946853005471187bin
Downloading https://repo.maven.apache.org/maven2/org/antlr/antlr4-runtime/4.13.0/antlr4-runtime-4.13.0.jar to /home/gradle/.gradle/.tmp/gradle_download10861605583644280360bin
Downloading https://repo.maven.apache.org/maven2/ch/qos/logback/logback-classic/1.4.14/logback-classic-1.4.14.jar to /home/gradle/.gradle/.tmp/gradle_download16707882481799067390bin
Downloading https://repo.maven.apache.org/maven2/org/apache/logging/log4j/log4j-to-slf4j/2.21.1/log4j-to-slf4j-2.21.1.jar to /home/gradle/.gradle/.tmp/gradle_download16793720959153595536bin
Downloading https://repo.maven.apache.org/maven2/org/slf4j/jul-to-slf4j/2.0.9/jul-to-slf4j-2.0.9.jar to /home/gradle/.gradle/.tmp/gradle_download6860324295185359815bin
Downloading https://repo.maven.apache.org/maven2/org/yaml/snakeyaml/2.2/snakeyaml-2.2.jar to /home/gradle/.gradle/.tmp/gradle_download3079444855824049382bin
Downloading https://repo.maven.apache.org/maven2/org/slf4j/slf4j-api/2.0.9/slf4j-api-2.0.9.jar to /home/gradle/.gradle/.tmp/gradle_download13331631157637559281bin
Downloading https://repo.maven.apache.org/maven2/jakarta/validation/jakarta.validation-api/3.0.2/jakarta.validation-api-3.0.2.jar to /home/gradle/.gradle/.tmp/gradle_download8064327864082976400bin
Downloading https://repo.maven.apache.org/maven2/org/jboss/logging/jboss-logging/3.5.3.Final/jboss-logging-3.5.3.Final.jar to /home/gradle/.gradle/.tmp/gradle_download2416147089720948439bin
Cache entries evicted. In-memory cache of /home/gradle/project/.gradle/8.5/checksums/sha1-checksums.bin: Size{400} MaxSize{400}, CacheStats{hitCount=286, missCount=486, loadSuccessCount=481, loadExceptionCount=0, totalLoadTime=4220369915, evictionCount=81} 
Performance may suffer from in-memory cache misses. Increase max heap size of Gradle build process to reduce cache misses.
Downloading https://repo.maven.apache.org/maven2/com/fasterxml/classmate/1.6.0/classmate-1.6.0.jar to /home/gradle/.gradle/.tmp/gradle_download9337651186637003742bin
Downloading https://repo.maven.apache.org/maven2/org/apache/tomcat/embed/tomcat-embed-core/10.1.17/tomcat-embed-core-10.1.17.jar to /home/gradle/.gradle/.tmp/gradle_download8302401294829147002bin
Downloading https://repo.maven.apache.org/maven2/io/micrometer/micrometer-observation/1.12.1/micrometer-observation-1.12.1.jar to /home/gradle/.gradle/.tmp/gradle_download11746820529986493140bin
Downloading https://repo.maven.apache.org/maven2/com/mysema/commons/mysema-commons-lang/0.2.4/mysema-commons-lang-0.2.4.jar to /home/gradle/.gradle/.tmp/gradle_download9557768227750719191bin
Downloading https://repo.maven.apache.org/maven2/org/apache/tomcat/embed/tomcat-embed-websocket/10.1.17/tomcat-embed-websocket-10.1.17.jar to /home/gradle/.gradle/.tmp/gradle_download15929829115767878704bin
Downloading https://repo.maven.apache.org/maven2/org/eclipse/jdt/ecj/3.26.0/ecj-3.26.0.jar to /home/gradle/.gradle/.tmp/gradle_download2595065378972745657bin
Downloading https://repo.maven.apache.org/maven2/org/springframework/spring-jcl/6.1.2/spring-jcl-6.1.2.jar to /home/gradle/.gradle/.tmp/gradle_download4996946722804865894bin
Downloading https://repo.maven.apache.org/maven2/io/micrometer/micrometer-commons/1.12.1/micrometer-commons-1.12.1.jar to /home/gradle/.gradle/.tmp/gradle_download3982368783668457420bin
Downloading https://repo.maven.apache.org/maven2/org/apache/logging/log4j/log4j-api/2.21.1/log4j-api-2.21.1.jar to /home/gradle/.gradle/.tmp/gradle_download16526004070245016072bin
Downloading https://repo.maven.apache.org/maven2/ch/qos/logback/logback-core/1.4.14/logback-core-1.4.14.jar to /home/gradle/.gradle/.tmp/gradle_download827363129442706715bin
Excluding []
Caching disabled for task ':compileJava' because:
  Build cache is disabled
Task ':compileJava' is not up-to-date because:
  Input property 'stableSources' file /home/gradle/project/src/main/java/com/sorin/glossary/domain/term/dto/TermResponse.java has changed.
Created classpath snapshot for incremental compilation in 9.387 secs.
Compiling with toolchain '/opt/java/openjdk'.
Compiling with JDK Java compiler API.
Incremental compilation of 6 classes completed in 13.498 secs.
Class dependency analysis for incremental compilation took 0.193 secs.
Resolve mutations for :processResources (Thread[included builds,5,main]) started.
:processResources (Thread[included builds,5,main]) started.

> Task :processResources UP-TO-DATE
Caching disabled for task ':processResources' because:
  Build cache is disabled
Skipping task ':processResources' as it is up-to-date.
Resolve mutations for :classes (Thread[included builds,5,main]) started.
:classes (Thread[included builds,5,main]) started.

> Task :classes
Skipping task ':classes' as it has no actions.
Resolve mutations for :compileTestJava (Thread[Execution worker Thread 2,5,main]) started.
:compileTestJava (Thread[Execution worker Thread 2,5,main]) started.

> Task :compileTestJava
Downloading https://repo.maven.apache.org/maven2/org/springframework/boot/spring-boot-starter-test/3.2.1/spring-boot-starter-test-3.2.1.pom to /home/gradle/.gradle/.tmp/gradle_download6201254155756644907bin
Downloading https://repo.maven.apache.org/maven2/org/springframework/boot/spring-boot-starter-test/3.2.1/spring-boot-starter-test-3.2.1.module to /home/gradle/.gradle/.tmp/gradle_download8215894047510901148bin
Downloading https://repo.maven.apache.org/maven2/org/springframework/boot/spring-boot-test/3.2.1/spring-boot-test-3.2.1.pom to /home/gradle/.gradle/.tmp/gradle_download3063648308530601361bin
Downloading https://repo.maven.apache.org/maven2/com/jayway/jsonpath/json-path/2.8.0/json-path-2.8.0.pom to /home/gradle/.gradle/.tmp/gradle_download1493470048661233605bin
Downloading https://repo.maven.apache.org/maven2/org/springframework/boot/spring-boot-test-autoconfigure/3.2.1/spring-boot-test-autoconfigure-3.2.1.pom to /home/gradle/.gradle/.tmp/gradle_download12759343183516206738bin
Downloading https://repo.maven.apache.org/maven2/net/minidev/json-smart/2.5.0/json-smart-2.5.0.pom to /home/gradle/.gradle/.tmp/gradle_download9487335339950278648bin
Downloading https://repo.maven.apache.org/maven2/org/springframework/boot/spring-boot-test/3.2.1/spring-boot-test-3.2.1.module to /home/gradle/.gradle/.tmp/gradle_download10202157854372531971bin
Downloading https://repo.maven.apache.org/maven2/com/jayway/jsonpath/json-path/2.8.0/json-path-2.8.0.module to /home/gradle/.gradle/.tmp/gradle_download11752711720170970594bin
Downloading https://repo.maven.apache.org/maven2/org/assertj/assertj-core/3.24.2/assertj-core-3.24.2.pom to /home/gradle/.gradle/.tmp/gradle_download17611689749771524635bin
Downloading https://repo.maven.apache.org/maven2/org/springframework/boot/spring-boot-test-autoconfigure/3.2.1/spring-boot-test-autoconfigure-3.2.1.module to /home/gradle/.gradle/.tmp/gradle_download6335446287700392252bin
Downloading https://repo.maven.apache.org/maven2/org/awaitility/awaitility/4.2.0/awaitility-4.2.0.pom to /home/gradle/.gradle/.tmp/gradle_download6104821898419889352bin
Downloading https://repo.maven.apache.org/maven2/org/hamcrest/hamcrest/2.2/hamcrest-2.2.pom to /home/gradle/.gradle/.tmp/gradle_download4497631951017106275bin
Downloading https://repo.maven.apache.org/maven2/org/assertj/assertj-parent/3.24.2/assertj-parent-3.24.2.pom to /home/gradle/.gradle/.tmp/gradle_download16586113823995294025bin
Downloading https://repo.maven.apache.org/maven2/org/junit/jupiter/junit-jupiter/5.10.1/junit-jupiter-5.10.1.pom to /home/gradle/.gradle/.tmp/gradle_download9143708566931954620bin
Downloading https://repo.maven.apache.org/maven2/org/awaitility/awaitility-parent/4.2.0/awaitility-parent-4.2.0.pom to /home/gradle/.gradle/.tmp/gradle_download12861108907063283307bin
Downloading https://repo.maven.apache.org/maven2/org/assertj/assertj-build/3.24.2/assertj-build-3.24.2.pom to /home/gradle/.gradle/.tmp/gradle_download12442215372496493692bin
Downloading https://repo.maven.apache.org/maven2/org/mockito/mockito-core/5.7.0/mockito-core-5.7.0.pom to /home/gradle/.gradle/.tmp/gradle_download4568233248275398832bin
Downloading https://repo.maven.apache.org/maven2/org/junit/jupiter/junit-jupiter/5.10.1/junit-jupiter-5.10.1.module to /home/gradle/.gradle/.tmp/gradle_download16844660334473326140bin
Downloading https://repo.maven.apache.org/maven2/org/mockito/mockito-junit-jupiter/5.7.0/mockito-junit-jupiter-5.7.0.pom to /home/gradle/.gradle/.tmp/gradle_download5755011683786218410bin
Downloading https://repo.maven.apache.org/maven2/org/skyscreamer/jsonassert/1.5.1/jsonassert-1.5.1.pom to /home/gradle/.gradle/.tmp/gradle_download153084520502025864bin
Downloading https://repo.maven.apache.org/maven2/org/springframework/spring-test/6.1.2/spring-test-6.1.2.pom to /home/gradle/.gradle/.tmp/gradle_download7447645725292228738bin
Found locally available resource with matching checksum: [https://repo.maven.apache.org/maven2/org/junit/junit-bom/5.9.1/junit-bom-5.9.1.pom, /home/gradle/.gradle/caches/modules-2/files-2.1/org.junit/junit-bom/5.9.1/ce71051be5ac4cea4e06a25fc100a0e64bcf6a1c/junit-bom-5.9.1.pom]
Downloading https://repo.maven.apache.org/maven2/org/xmlunit/xmlunit-core/2.9.1/xmlunit-core-2.9.1.pom to /home/gradle/.gradle/.tmp/gradle_download6110893665214503145bin
Downloading https://repo.maven.apache.org/maven2/org/springframework/spring-test/6.1.2/spring-test-6.1.2.module to /home/gradle/.gradle/.tmp/gradle_download18079950538473130448bin
Found locally available resource with matching checksum: [https://repo.maven.apache.org/maven2/org/junit/junit-bom/5.9.1/junit-bom-5.9.1.module, /home/gradle/.gradle/caches/modules-2/files-2.1/org.junit/junit-bom/5.9.1/aa05de0691bfa54aa1ef72b25bbb0fcfd6ec480b/junit-bom-5.9.1.module]
Downloading https://repo.maven.apache.org/maven2/org/xmlunit/xmlunit-parent/2.9.1/xmlunit-parent-2.9.1.pom to /home/gradle/.gradle/.tmp/gradle_download10758478954743592157bin
Cache entries evicted. In-memory cache of /home/gradle/project/.gradle/8.5/checksums/sha1-checksums.bin: Size{400} MaxSize{400}, CacheStats{hitCount=294, missCount=526, loadSuccessCount=521, loadExceptionCount=0, totalLoadTime=4562535657, evictionCount=121} 
Performance may suffer from in-memory cache misses. Increase max heap size of Gradle build process to reduce cache misses.
Downloading https://repo.maven.apache.org/maven2/net/minidev/accessors-smart/2.5.0/accessors-smart-2.5.0.pom to /home/gradle/.gradle/.tmp/gradle_download1105690557822990020bin
Downloading https://repo.maven.apache.org/maven2/org/junit/jupiter/junit-jupiter-engine/5.10.1/junit-jupiter-engine-5.10.1.pom to /home/gradle/.gradle/.tmp/gradle_download14217463613631270109bin
Downloading https://repo.maven.apache.org/maven2/org/junit/jupiter/junit-jupiter-api/5.10.1/junit-jupiter-api-5.10.1.pom to /home/gradle/.gradle/.tmp/gradle_download18097459520459140957bin
Downloading https://repo.maven.apache.org/maven2/org/junit/jupiter/junit-jupiter-params/5.10.1/junit-jupiter-params-5.10.1.pom to /home/gradle/.gradle/.tmp/gradle_download17743010748422212342bin
Downloading https://repo.maven.apache.org/maven2/org/junit/jupiter/junit-jupiter-engine/5.10.1/junit-jupiter-engine-5.10.1.module to /home/gradle/.gradle/.tmp/gradle_download7661015948535095424bin
Downloading https://repo.maven.apache.org/maven2/org/junit/jupiter/junit-jupiter-api/5.10.1/junit-jupiter-api-5.10.1.module to /home/gradle/.gradle/.tmp/gradle_download8078846386067614638bin
Downloading https://repo.maven.apache.org/maven2/org/junit/jupiter/junit-jupiter-params/5.10.1/junit-jupiter-params-5.10.1.module to /home/gradle/.gradle/.tmp/gradle_download467532694558999845bin
Downloading https://repo.maven.apache.org/maven2/org/objenesis/objenesis/3.3/objenesis-3.3.pom to /home/gradle/.gradle/.tmp/gradle_download13930817401779178912bin
Downloading https://repo.maven.apache.org/maven2/net/bytebuddy/byte-buddy-agent/1.14.10/byte-buddy-agent-1.14.10.pom to /home/gradle/.gradle/.tmp/gradle_download5110727242490167446bin
Downloading https://repo.maven.apache.org/maven2/org/objenesis/objenesis-parent/3.3/objenesis-parent-3.3.pom to /home/gradle/.gradle/.tmp/gradle_download4362458484575683753bin
Downloading https://repo.maven.apache.org/maven2/com/vaadin/external/google/android-json/0.0.20131108.vaadin1/android-json-0.0.20131108.vaadin1.pom to /home/gradle/.gradle/.tmp/gradle_download2326103323167545485bin
Downloading https://repo.maven.apache.org/maven2/org/ow2/asm/asm/9.3/asm-9.3.pom to /home/gradle/.gradle/.tmp/gradle_download2548443240173882524bin
Downloading https://repo.maven.apache.org/maven2/org/ow2/ow2/1.5/ow2-1.5.pom to /home/gradle/.gradle/.tmp/gradle_download17501036945611417815bin
Downloading https://repo.maven.apache.org/maven2/org/opentest4j/opentest4j/1.3.0/opentest4j-1.3.0.pom to /home/gradle/.gradle/.tmp/gradle_download11362903767286073758bin
Downloading https://repo.maven.apache.org/maven2/org/opentest4j/opentest4j/1.3.0/opentest4j-1.3.0.module to /home/gradle/.gradle/.tmp/gradle_download2059429731426258797bin
Downloading https://repo.maven.apache.org/maven2/org/junit/platform/junit-platform-commons/1.10.1/junit-platform-commons-1.10.1.pom to /home/gradle/.gradle/.tmp/gradle_download7570370044525002836bin
Downloading https://repo.maven.apache.org/maven2/org/junit/platform/junit-platform-commons/1.10.1/junit-platform-commons-1.10.1.module to /home/gradle/.gradle/.tmp/gradle_download4643210413898015546bin
Downloading https://repo.maven.apache.org/maven2/org/junit/platform/junit-platform-engine/1.10.1/junit-platform-engine-1.10.1.pom to /home/gradle/.gradle/.tmp/gradle_download3188905146041774752bin
Downloading https://repo.maven.apache.org/maven2/org/junit/platform/junit-platform-engine/1.10.1/junit-platform-engine-1.10.1.module to /home/gradle/.gradle/.tmp/gradle_download17405086075029131705bin
Excluding []
Downloading https://repo.maven.apache.org/maven2/org/apiguardian/apiguardian-api/1.1.2/apiguardian-api-1.1.2.pom to /home/gradle/.gradle/.tmp/gradle_download15092589303114864200bin
Downloading https://repo.maven.apache.org/maven2/org/apiguardian/apiguardian-api/1.1.2/apiguardian-api-1.1.2.module to /home/gradle/.gradle/.tmp/gradle_download1740764934818737476bin
Downloading https://repo.maven.apache.org/maven2/org/springframework/boot/spring-boot-starter-test/3.2.1/spring-boot-starter-test-3.2.1.jar to /home/gradle/.gradle/.tmp/gradle_download1963491526241297562bin
Downloading https://repo.maven.apache.org/maven2/org/springframework/boot/spring-boot-test-autoconfigure/3.2.1/spring-boot-test-autoconfigure-3.2.1.jar to /home/gradle/.gradle/.tmp/gradle_download1278272931513554825bin
Downloading https://repo.maven.apache.org/maven2/jakarta/xml/bind/jakarta.xml.bind-api/4.0.1/jakarta.xml.bind-api-4.0.1.jar to /home/gradle/.gradle/.tmp/gradle_download17971452678207471809bin
Downloading https://repo.maven.apache.org/maven2/com/jayway/jsonpath/json-path/2.8.0/json-path-2.8.0.jar to /home/gradle/.gradle/.tmp/gradle_download16153518154586339922bin
Downloading https://repo.maven.apache.org/maven2/org/springframework/boot/spring-boot-test/3.2.1/spring-boot-test-3.2.1.jar to /home/gradle/.gradle/.tmp/gradle_download6044813943929096901bin
Downloading https://repo.maven.apache.org/maven2/net/minidev/json-smart/2.5.0/json-smart-2.5.0.jar to /home/gradle/.gradle/.tmp/gradle_download7850901662703429316bin
Downloading https://repo.maven.apache.org/maven2/org/assertj/assertj-core/3.24.2/assertj-core-3.24.2.jar to /home/gradle/.gradle/.tmp/gradle_download15893337667651613908bin
Downloading https://repo.maven.apache.org/maven2/org/awaitility/awaitility/4.2.0/awaitility-4.2.0.jar to /home/gradle/.gradle/.tmp/gradle_download2223356842553366646bin
Downloading https://repo.maven.apache.org/maven2/org/hamcrest/hamcrest/2.2/hamcrest-2.2.jar to /home/gradle/.gradle/.tmp/gradle_download15248134948198535574bin
Downloading https://repo.maven.apache.org/maven2/org/junit/jupiter/junit-jupiter-params/5.10.1/junit-jupiter-params-5.10.1.jar to /home/gradle/.gradle/.tmp/gradle_download12663262930856315200bin
Downloading https://repo.maven.apache.org/maven2/org/junit/platform/junit-platform-commons/1.10.1/junit-platform-commons-1.10.1.jar to /home/gradle/.gradle/.tmp/gradle_download14703796393776995719bin
Downloading https://repo.maven.apache.org/maven2/org/junit/jupiter/junit-jupiter-api/5.10.1/junit-jupiter-api-5.10.1.jar to /home/gradle/.gradle/.tmp/gradle_download12645483282997780613bin
Downloading https://repo.maven.apache.org/maven2/org/junit/jupiter/junit-jupiter/5.10.1/junit-jupiter-5.10.1.jar to /home/gradle/.gradle/.tmp/gradle_download7318738458355817151bin
Downloading https://repo.maven.apache.org/maven2/org/mockito/mockito-junit-jupiter/5.7.0/mockito-junit-jupiter-5.7.0.jar to /home/gradle/.gradle/.tmp/gradle_download9966643749811823258bin
Downloading https://repo.maven.apache.org/maven2/org/mockito/mockito-core/5.7.0/mockito-core-5.7.0.jar to /home/gradle/.gradle/.tmp/gradle_download8396936424520252351bin
Downloading https://repo.maven.apache.org/maven2/org/skyscreamer/jsonassert/1.5.1/jsonassert-1.5.1.jar to /home/gradle/.gradle/.tmp/gradle_download10940916884997615298bin
Cache entries evicted. In-memory cache of /home/gradle/project/.gradle/8.5/checksums/sha1-checksums.bin: Size{400} MaxSize{400}, CacheStats{hitCount=303, missCount=566, loadSuccessCount=561, loadExceptionCount=0, totalLoadTime=4759531966, evictionCount=161} 
Performance may suffer from in-memory cache misses. Increase max heap size of Gradle build process to reduce cache misses.
Downloading https://repo.maven.apache.org/maven2/org/springframework/spring-test/6.1.2/spring-test-6.1.2.jar to /home/gradle/.gradle/.tmp/gradle_download600820970456344773bin
Downloading https://repo.maven.apache.org/maven2/org/xmlunit/xmlunit-core/2.9.1/xmlunit-core-2.9.1.jar to /home/gradle/.gradle/.tmp/gradle_download8064231756830495251bin
Downloading https://repo.maven.apache.org/maven2/jakarta/activation/jakarta.activation-api/2.1.2/jakarta.activation-api-2.1.2.jar to /home/gradle/.gradle/.tmp/gradle_download2689849300079004706bin
Downloading https://repo.maven.apache.org/maven2/net/minidev/accessors-smart/2.5.0/accessors-smart-2.5.0.jar to /home/gradle/.gradle/.tmp/gradle_download4199481286274437801bin
Downloading https://repo.maven.apache.org/maven2/net/bytebuddy/byte-buddy/1.14.10/byte-buddy-1.14.10.jar to /home/gradle/.gradle/.tmp/gradle_download6627282276651080739bin
Downloading https://repo.maven.apache.org/maven2/net/bytebuddy/byte-buddy-agent/1.14.10/byte-buddy-agent-1.14.10.jar to /home/gradle/.gradle/.tmp/gradle_download10587126828097132068bin
Downloading https://repo.maven.apache.org/maven2/com/vaadin/external/google/android-json/0.0.20131108.vaadin1/android-json-0.0.20131108.vaadin1.jar to /home/gradle/.gradle/.tmp/gradle_download15669375755952221322bin
Downloading https://repo.maven.apache.org/maven2/org/ow2/asm/asm/9.3/asm-9.3.jar to /home/gradle/.gradle/.tmp/gradle_download5639209821468391877bin
Downloading https://repo.maven.apache.org/maven2/org/opentest4j/opentest4j/1.3.0/opentest4j-1.3.0.jar to /home/gradle/.gradle/.tmp/gradle_download3780958009647064890bin
Downloading https://repo.maven.apache.org/maven2/org/apiguardian/apiguardian-api/1.1.2/apiguardian-api-1.1.2.jar to /home/gradle/.gradle/.tmp/gradle_download5637321513715595048bin
Excluding []
Caching disabled for task ':compileTestJava' because:
  Build cache is disabled
Task ':compileTestJava' is not up-to-date because:
  Input property 'classpath' file /home/gradle/project/build/classes/java/main/com/sorin/glossary/domain/term/dto/TermResponse$TermResponseBuilder.class has changed.
  Input property 'classpath' file /home/gradle/project/build/classes/java/main/com/sorin/glossary/domain/term/dto/TermResponse.class has changed.
Created classpath snapshot for incremental compilation in 2.678 secs.
Compiling with toolchain '/opt/java/openjdk'.
Compiling with JDK Java compiler API.
Incremental compilation of 1 classes completed in 4.809 secs.
Class dependency analysis for incremental compilation took 0.055 secs.
Resolve mutations for :processTestResources (Thread[Execution worker Thread 2,5,main]) started.
:processTestResources (Thread[Execution worker Thread 2,5,main]) started.

> Task :processTestResources
Caching disabled for task ':processTestResources' because:
  Build cache is disabled
Task ':processTestResources' is not up-to-date because:
  Input property 'rootSpec$1' file /home/gradle/project/src/test/resources/application.yml has been added.
Resolve mutations for :testClasses (Thread[Execution worker Thread 2,5,main]) started.
:testClasses (Thread[Execution worker Thread 2,5,main]) started.

> Task :testClasses
Skipping task ':testClasses' as it has no actions.
Resolve mutations for :test (Thread[Execution worker Thread 2,5,main]) started.
:test (Thread[Execution worker Thread 2,5,main]) started.

> Task :test
Downloading https://repo.maven.apache.org/maven2/org/postgresql/postgresql/42.6.0/postgresql-42.6.0.pom to /home/gradle/.gradle/.tmp/gradle_download16390694818577094618bin
Downloading https://repo.maven.apache.org/maven2/com/h2database/h2/2.2.224/h2-2.2.224.pom to /home/gradle/.gradle/.tmp/gradle_download7914306951049223081bin
Downloading https://repo.maven.apache.org/maven2/org/checkerframework/checker-qual/3.31.0/checker-qual-3.31.0.pom to /home/gradle/.gradle/.tmp/gradle_download949013314095794019bin
Downloading https://repo.maven.apache.org/maven2/org/checkerframework/checker-qual/3.31.0/checker-qual-3.31.0.module to /home/gradle/.gradle/.tmp/gradle_download8123585127237163988bin
Excluding []
Downloading https://repo.maven.apache.org/maven2/com/h2database/h2/2.2.224/h2-2.2.224.jar to /home/gradle/.gradle/.tmp/gradle_download8726054252415647003bin
Downloading https://repo.maven.apache.org/maven2/org/checkerframework/checker-qual/3.31.0/checker-qual-3.31.0.jar to /home/gradle/.gradle/.tmp/gradle_download16281612725415476984bin
Downloading https://repo.maven.apache.org/maven2/org/postgresql/postgresql/42.6.0/postgresql-42.6.0.jar to /home/gradle/.gradle/.tmp/gradle_download2950116594484165827bin
Downloading https://repo.maven.apache.org/maven2/org/glassfish/jaxb/jaxb-runtime/4.0.4/jaxb-runtime-4.0.4.jar to /home/gradle/.gradle/.tmp/gradle_download5903949214082938443bin
Downloading https://repo.maven.apache.org/maven2/org/glassfish/jaxb/jaxb-core/4.0.4/jaxb-core-4.0.4.jar to /home/gradle/.gradle/.tmp/gradle_download14406507985828685827bin
Downloading https://repo.maven.apache.org/maven2/org/junit/jupiter/junit-jupiter-engine/5.10.1/junit-jupiter-engine-5.10.1.jar to /home/gradle/.gradle/.tmp/gradle_download13621353026596858830bin
Downloading https://repo.maven.apache.org/maven2/org/junit/platform/junit-platform-engine/1.10.1/junit-platform-engine-1.10.1.jar to /home/gradle/.gradle/.tmp/gradle_download2677585340668858157bin
Downloading https://repo.maven.apache.org/maven2/org/hibernate/common/hibernate-commons-annotations/6.0.6.Final/hibernate-commons-annotations-6.0.6.Final.jar to /home/gradle/.gradle/.tmp/gradle_download1351966826349546929bin
Downloading https://repo.maven.apache.org/maven2/io/smallrye/jandex/3.1.2/jandex-3.1.2.jar to /home/gradle/.gradle/.tmp/gradle_download6298332335625166274bin
Downloading https://repo.maven.apache.org/maven2/jakarta/inject/jakarta.inject-api/2.0.1/jakarta.inject-api-2.0.1.jar to /home/gradle/.gradle/.tmp/gradle_download13494740327834148329bin
Downloading https://repo.maven.apache.org/maven2/org/eclipse/angus/angus-activation/2.0.1/angus-activation-2.0.1.jar to /home/gradle/.gradle/.tmp/gradle_download14808998640202428342bin
Downloading https://repo.maven.apache.org/maven2/org/objenesis/objenesis/3.3/objenesis-3.3.jar to /home/gradle/.gradle/.tmp/gradle_download2691427560982183194bin
Downloading https://repo.maven.apache.org/maven2/com/sun/istack/istack-commons-runtime/4.1.2/istack-commons-runtime-4.1.2.jar to /home/gradle/.gradle/.tmp/gradle_download9388812359608014294bin
Downloading https://repo.maven.apache.org/maven2/org/glassfish/jaxb/txw2/4.0.4/txw2-4.0.4.jar to /home/gradle/.gradle/.tmp/gradle_download10222609049385749575bin
Caching disabled for task ':test' because:
  Build cache is disabled
Task ':test' is not up-to-date because:
  Task has failed previously.
Starting process 'Gradle Test Executor 1'. Working directory: /home/gradle/project Command: /opt/java/openjdk/bin/java -Dorg.gradle.internal.worker.tmpdir=/home/gradle/project/build/tmp/test/work -Dorg.gradle.native=false @/home/gradle/.gradle/.tmp/gradle-worker-classpath4299168395390883613txt -Xmx512m -Dfile.encoding=UTF-8 -Duser.country=US -Duser.language=en -Duser.variant -ea worker.org.gradle.process.internal.worker.GradleWorkerMain 'Gradle Test Executor 1'
Successfully started process 'Gradle Test Executor 1'

Gradle Test Executor 1 started executing tests.

> Task :test

TermControllerTest STANDARD_OUT
    04:04:19.004 [Test worker] INFO org.springframework.test.context.support.AnnotationConfigContextLoaderUtils -- Could not detect default configuration classes for test class [com.sorin.glossary.domain.term.presentation.TermControllerTest]: TermControllerTest does not declare any static, non-private, non-final, nested classes annotated with @Configuration.
    04:04:21.193 [Test worker] INFO org.springframework.boot.test.context.SpringBootTestContextBootstrapper -- Found @SpringBootConfiguration com.sorin.glossary.GlossaryApplication for test class com.sorin.glossary.domain.term.presentation.TermControllerTest

      .   ____          _            __ _ _
     /\\ / ___'_ __ _ _(_)_ __  __ _ \ \ \ \
    ( ( )\___ | '_ | '_| | '_ \/ _` | \ \ \ \
     \\/  ___)| |_)| | | | | || (_| |  ) ) ) )
      '  |____| .__|_| |_|_| |_\__, | / / / /
     =========|_|==============|___/=/_/_/_/
     :: Spring Boot ::                (v3.2.1)

    2025-12-23T04:04:29.369Z  INFO 172 --- [    Test worker] c.s.g.d.t.p.TermControllerTest           : Starting TermControllerTest using Java 17.0.10 with PID 172 (started by root in /home/gradle/project)
    2025-12-23T04:04:29.379Z  INFO 172 --- [    Test worker] c.s.g.d.t.p.TermControllerTest           : No active profile set, falling back to 1 default profile: "default"
    2025-12-23T04:04:29.935Z DEBUG 172 --- [    Test worker] o.s.w.c.s.GenericWebApplicationContext   : Refreshing org.springframework.web.context.support.GenericWebApplicationContext@78de58ea
OpenJDK 64-Bit Server VM warning: Sharing is only supported for boot loader classes because bootstrap classpath has been appended


> Task :test
    2025-12-23T04:04:50.076Z DEBUG 172 --- [    Test worker] s.w.s.m.m.a.RequestMappingHandlerMapping : 3 mappings in 'requestMappingHandlerMapping'
    2025-12-23T04:04:51.556Z DEBUG 172 --- [    Test worker] o.s.w.s.handler.SimpleUrlHandlerMapping  : Patterns [/webjars/**, /**] in 'resourceHandlerMapping'
    2025-12-23T04:04:52.246Z DEBUG 172 --- [    Test worker] s.w.s.m.m.a.RequestMappingHandlerAdapter : ControllerAdvice beans: 0 @ModelAttribute, 0 @InitBinder, 1 RequestBodyAdvice, 1 ResponseBodyAdvice
    2025-12-23T04:04:52.799Z DEBUG 172 --- [    Test worker] .m.m.a.ExceptionHandlerExceptionResolver : ControllerAdvice beans: 1 @ExceptionHandler, 1 ResponseBodyAdvice
    2025-12-23T04:04:54.254Z  INFO 172 --- [    Test worker] o.s.b.t.m.w.SpringBootMockServletContext : Initializing Spring TestDispatcherServlet ''
    2025-12-23T04:04:54.255Z  INFO 172 --- [    Test worker] o.s.t.web.servlet.TestDispatcherServlet  : Initializing Servlet ''
    2025-12-23T04:04:54.266Z  INFO 172 --- [    Test worker] o.s.t.web.servlet.TestDispatcherServlet  : Completed initialization in 10 ms
    2025-12-23T04:04:54.415Z  INFO 172 --- [    Test worker] c.s.g.d.t.p.TermControllerTest           : Started TermControllerTest in 32.153 seconds (process running for 41.414)

TermControllerTest >   API Test STANDARD_OUT
    2025-12-23T04:04:55.611Z DEBUG 172 --- [    Test worker] s.w.s.m.m.a.RequestMappingHandlerMapping : Mapped to com.sorin.glossary.domain.term.presentation.TermController#searchTerms(TermSearchCondition, Pageable)
    2025-12-23T04:04:57.240Z DEBUG 172 --- [    Test worker] o.s.w.s.m.m.a.HttpEntityMethodProcessor  : Using 'application/json', given [*/*] and supported [application/json, application/*+json]
    2025-12-23T04:04:57.251Z DEBUG 172 --- [    Test worker] o.s.w.s.m.m.a.HttpEntityMethodProcessor  : Writing [Page 1 of 1 containing com.sorin.glossary.domain.term.dto.TermResponse instances]
    2025-12-23T04:04:57.504Z DEBUG 172 --- [    Test worker] .m.m.a.ExceptionHandlerExceptionResolver : Using @ExceptionHandler com.sorin.glossary.global.error.GlobalExceptionHandler#handleException(Exception, WebRequest)
    2025-12-23T04:04:57.524Z DEBUG 172 --- [    Test worker] o.s.w.s.m.m.a.HttpEntityMethodProcessor  : Found 'Content-Type:application/json' in response
    2025-12-23T04:04:57.596Z DEBUG 172 --- [    Test worker] o.s.w.s.m.m.a.HttpEntityMethodProcessor  : Writing [ProblemDetail[type='about:blank', title='Internal Server Error', status=500, detail='Failed to write (truncated)...]
    2025-12-23T04:04:57.597Z DEBUG 172 --- [    Test worker] .m.m.a.ExceptionHandlerExceptionResolver : Resolved [org.springframework.http.converter.HttpMessageNotWritableException: Could not write JSON: (was java.lang.UnsupportedOperationException)]

    MockHttpServletRequest:
          HTTP Method = GET
          Request URI = /api/v1/terms
           Parameters = {keyword=[], page=[0], size=[10]}
              Headers = []
                 Body = null
        Session Attrs = {}

    Handler:
                 Type = com.sorin.glossary.domain.term.presentation.TermController
               Method = com.sorin.glossary.domain.term.presentation.TermController#searchTerms(TermSearchCondition, Pageable)

    Async:
        Async started = false
         Async result = null

    Resolved Exception:
                 Type = org.springframework.http.converter.HttpMessageNotWritableException

    ModelAndView:
            View name = null
                 View = null
                Model = null

    FlashMap:
           Attributes = null

    MockHttpServletResponse:
               Status = 500
        Error message = null
              Headers = [Content-Type:"application/json"]
         Content type = application/json
                 Body = {"type":"about:blank","title":"Internal Server Error","status":500,"detail":"Failed to write request","instance":"/api/v1/terms"}
        Forwarded URL = null
       Redirected URL = null
              Cookies = []

    MockHttpServletRequest:
          HTTP Method = GET
          Request URI = /api/v1/terms
           Parameters = {keyword=[], page=[0], size=[10]}
              Headers = []
                 Body = null
        Session Attrs = {}

    Handler:
                 Type = com.sorin.glossary.domain.term.presentation.TermController
               Method = com.sorin.glossary.domain.term.presentation.TermController#searchTerms(TermSearchCondition, Pageable)

    Async:
        Async started = false
         Async result = null

    Resolved Exception:
                 Type = org.springframework.http.converter.HttpMessageNotWritableException

    ModelAndView:
            View name = null
                 View = null
                Model = null

    FlashMap:
           Attributes = null

    MockHttpServletResponse:
               Status = 500
        Error message = null
              Headers = [Content-Type:"application/json"]
         Content type = application/json
                 Body = {"type":"about:blank","title":"Internal Server Error","status":500,"detail":"Failed to write request","instance":"/api/v1/terms"}
        Forwarded URL = null
       Redirected URL = null
              Cookies = []

Gradle Test Executor 1 finished executing tests.
2025-12-23T04:04:57.926Z DEBUG 172 --- [ionShutdownHook] o.s.w.c.s.GenericWebApplicationContext   : Closing org.springframework.web.context.support.GenericWebApplicationContext@78de58ea, started on Tue Dec 23 04:04:29 UTC 2025

1 test completed, 1 failed

FAILURE: Build failed with an exception.

* What went wrong:
Execution failed for task ':test'.
> There were failing tests. See the report at: file:///home/gradle/project/build/reports/tests/test/index.html

* Try:
> Run with --scan to get full insights.

BUILD FAILED in 1m 53s

> Task :test FAILED

TermControllerTest >   API Test FAILED
    java.lang.AssertionError: Status expected:<200> but was:<500>
        at org.springframework.test.util.AssertionErrors.fail(AssertionErrors.java:59)
        at org.springframework.test.util.AssertionErrors.assertEquals(AssertionErrors.java:122)
        at org.springframework.test.web.servlet.result.StatusResultMatchers.lambda$matcher$9(StatusResultMatchers.java:637)
        at org.springframework.test.web.servlet.MockMvc$1.andExpect(MockMvc.java:214)
        at com.sorin.glossary.domain.term.presentation.TermControllerTest.searchTerms(TermControllerTest.java:58)
Finished generating test XML results (0.043 secs) into: /home/gradle/project/build/test-results/test
Generating HTML test report...
Finished generating test html results (0.136 secs) into: /home/gradle/project/build/reports/tests/test

Deprecated Gradle features were used in this build, making it incompatible with Gradle 9.0.

You can use '--warning-mode all' to show the individual deprecation warnings and determine if they come from your own scripts or plugins.

For more on this, please refer to https://docs.gradle.org/8.5/userguide/command_line_interface.html#sec:command_line_warnings in the Gradle documentation.
5 actionable tasks: 4 executed, 1 up-to-date
Some of the file system contents retained in the virtual file system are on file systems that Gradle doesn't support watching. The relevant state was discarded to ensure changes to these locations are properly detected. You can override this by explicitly enabling file system watching.
