Initialized native services in: /home/gradle/.gradle/native
Initialized jansi services in: /home/gradle/.gradle/native

Welcome to Gradle 8.5!

Here are the highlights of this release:
 - Support for running on Java 21
 - Faster first use with Kotlin DSL
 - Improved error and warning messages

For more details see https://docs.gradle.org/8.5/release-notes.html

Received JVM installation metadata from '/opt/java/openjdk': {JAVA_HOME=/opt/java/openjdk, JAVA_VERSION=17.0.10, JAVA_VENDOR=Eclipse Adoptium, RUNTIME_NAME=OpenJDK Runtime Environment, RUNTIME_VERSION=17.0.10+7, VM_NAME=OpenJDK 64-Bit Server VM, VM_VERSION=17.0.10+7, VM_VENDOR=Eclipse Adoptium, OS_ARCH=amd64}
Removing 0 daemon stop events from registry
Starting a Gradle Daemon (subsequent builds will be faster)
Starting process 'Gradle build daemon'. Working directory: /home/gradle/.gradle/daemon/8.5 Command: /opt/java/openjdk/bin/java --add-opens=java.base/java.util=ALL-UNNAMED --add-opens=java.base/java.lang=ALL-UNNAMED --add-opens=java.base/java.lang.invoke=ALL-UNNAMED --add-opens=java.prefs/java.util.prefs=ALL-UNNAMED --add-opens=java.base/java.nio.charset=ALL-UNNAMED --add-opens=java.base/java.net=ALL-UNNAMED --add-opens=java.base/java.util.concurrent.atomic=ALL-UNNAMED -XX:MaxMetaspaceSize=384m -XX:+HeapDumpOnOutOfMemoryError -Xms256m -Xmx512m -Dfile.encoding=UTF-8 -Duser.country=US -Duser.language=en -Duser.variant -cp /opt/gradle/lib/gradle-launcher-8.5.jar -javaagent:/opt/gradle/lib/agents/gradle-instrumentation-agent-8.5.jar org.gradle.launcher.daemon.bootstrap.GradleDaemon 8.5
Successfully started process 'Gradle build daemon'
An attempt to start the daemon took 1.537 secs.
The client will now receive all logging from the daemon (pid: 43). The daemon log file: /home/gradle/.gradle/daemon/8.5/daemon-43.out.log
Starting build in new daemon [memory: 512 MiB]
Closing daemon's stdin at end of input.
The daemon will no longer process any standard input.
Using 4 worker leases.
Received JVM installation metadata from '/opt/java/openjdk': {JAVA_HOME=/opt/java/openjdk, JAVA_VERSION=17.0.10, JAVA_VENDOR=Eclipse Adoptium, RUNTIME_NAME=OpenJDK Runtime Environment, RUNTIME_VERSION=17.0.10+7, VM_NAME=OpenJDK 64-Bit Server VM, VM_VERSION=17.0.10+7, VM_VENDOR=Eclipse Adoptium, OS_ARCH=amd64}
Watching the file system is configured to be enabled if available
Not watching /home/gradle/project since the file system is not supported
File system watching is active
Starting Build
Compiling settings file '/home/gradle/project/settings.gradle' using SubsetScriptTransformer.
Compiling settings file '/home/gradle/project/settings.gradle' using BuildScriptTransformer.
Settings evaluated using settings file '/home/gradle/project/settings.gradle'.
Projects loaded. Root project using build file '/home/gradle/project/build.gradle'.
Included projects: [root project 'glossary']

> Configure project :
Evaluating root project 'glossary' using build file '/home/gradle/project/build.gradle'.
Compiling build file '/home/gradle/project/build.gradle' using SubsetScriptTransformer.
Downloading https://plugins.gradle.org/m2/org/springframework/boot/org.springframework.boot.gradle.plugin/3.2.1/org.springframework.boot.gradle.plugin-3.2.1.pom to /home/gradle/.gradle/.tmp/gradle_download15938663525576559031bin
Resource missing. [HTTP HEAD: https://plugins.gradle.org/m2/org/springframework/boot/org.springframework.boot.gradle.plugin/3.2.1/org.springframework.boot.gradle.plugin-3.2.1.jar]
Downloading https://plugins.gradle.org/m2/io/spring/dependency-management/io.spring.dependency-management.gradle.plugin/1.1.4/io.spring.dependency-management.gradle.plugin-1.1.4.pom to /home/gradle/.gradle/.tmp/gradle_download7453132456204831973bin
Resource missing. [HTTP HEAD: https://plugins.gradle.org/m2/io/spring/dependency-management/io.spring.dependency-management.gradle.plugin/1.1.4/io.spring.dependency-management.gradle.plugin-1.1.4.jar]
Downloading https://plugins.gradle.org/m2/org/springframework/boot/spring-boot-gradle-plugin/3.2.1/spring-boot-gradle-plugin-3.2.1.pom to /home/gradle/.gradle/.tmp/gradle_download4535304922295354062bin
Downloading https://plugins.gradle.org/m2/org/springframework/boot/spring-boot-gradle-plugin/3.2.1/spring-boot-gradle-plugin-3.2.1.module to /home/gradle/.gradle/.tmp/gradle_download3271560096121599346bin
Downloading https://plugins.gradle.org/m2/io/spring/gradle/dependency-management-plugin/1.1.4/dependency-management-plugin-1.1.4.pom to /home/gradle/.gradle/.tmp/gradle_download12820192005383224954bin
Downloading https://plugins.gradle.org/m2/io/spring/gradle/dependency-management-plugin/1.1.4/dependency-management-plugin-1.1.4.module to /home/gradle/.gradle/.tmp/gradle_download8392981246738855292bin
Downloading https://plugins.gradle.org/m2/org/springframework/spring-core/6.0.10/spring-core-6.0.10.pom to /home/gradle/.gradle/.tmp/gradle_download6173360316583720665bin
Downloading https://plugins.gradle.org/m2/org/apache/commons/commons-compress/1.23.0/commons-compress-1.23.0.pom to /home/gradle/.gradle/.tmp/gradle_download5282240995095226125bin
Downloading https://plugins.gradle.org/m2/org/springframework/spring-core/6.0.10/spring-core-6.0.10.module to /home/gradle/.gradle/.tmp/gradle_download687890694642185348bin
Downloading https://plugins.gradle.org/m2/org/apache/commons/commons-parent/56/commons-parent-56.pom to /home/gradle/.gradle/.tmp/gradle_download7789540341763027551bin
Downloading https://plugins.gradle.org/m2/org/apache/apache/29/apache-29.pom to /home/gradle/.gradle/.tmp/gradle_download9452145974148093704bin
Downloading https://plugins.gradle.org/m2/org/junit/junit-bom/5.9.1/junit-bom-5.9.1.pom to /home/gradle/.gradle/.tmp/gradle_download5015169427100657527bin
Downloading https://plugins.gradle.org/m2/org/junit/junit-bom/5.9.1/junit-bom-5.9.1.module to /home/gradle/.gradle/.tmp/gradle_download356151424953295293bin
Downloading https://plugins.gradle.org/m2/org/springframework/boot/spring-boot-buildpack-platform/3.2.1/spring-boot-buildpack-platform-3.2.1.pom to /home/gradle/.gradle/.tmp/gradle_download11218112268930499445bin
Downloading https://plugins.gradle.org/m2/org/springframework/boot/spring-boot-loader-tools/3.2.1/spring-boot-loader-tools-3.2.1.pom to /home/gradle/.gradle/.tmp/gradle_download11637443433768257070bin
Downloading https://plugins.gradle.org/m2/org/springframework/boot/spring-boot-buildpack-platform/3.2.1/spring-boot-buildpack-platform-3.2.1.module to /home/gradle/.gradle/.tmp/gradle_download6023212117102956238bin
Downloading https://plugins.gradle.org/m2/org/springframework/boot/spring-boot-loader-tools/3.2.1/spring-boot-loader-tools-3.2.1.module to /home/gradle/.gradle/.tmp/gradle_download7959100046341748956bin
Downloading https://plugins.gradle.org/m2/org/apache/httpcomponents/client5/httpclient5/5.2.3/httpclient5-5.2.3.pom to /home/gradle/.gradle/.tmp/gradle_download5119691042006925694bin
Downloading https://plugins.gradle.org/m2/com/fasterxml/jackson/module/jackson-module-parameter-names/2.14.2/jackson-module-parameter-names-2.14.2.pom to /home/gradle/.gradle/.tmp/gradle_download16384387423100944965bin
Downloading https://plugins.gradle.org/m2/net/java/dev/jna/jna-platform/5.13.0/jna-platform-5.13.0.pom to /home/gradle/.gradle/.tmp/gradle_download11067459789615534564bin
Downloading https://plugins.gradle.org/m2/com/fasterxml/jackson/core/jackson-databind/2.14.2/jackson-databind-2.14.2.pom to /home/gradle/.gradle/.tmp/gradle_download16990735672176378004bin
Downloading https://plugins.gradle.org/m2/org/apache/httpcomponents/client5/httpclient5-parent/5.2.3/httpclient5-parent-5.2.3.pom to /home/gradle/.gradle/.tmp/gradle_download6025934839106559769bin
Downloading https://plugins.gradle.org/m2/com/fasterxml/jackson/module/jackson-modules-java8/2.14.2/jackson-modules-java8-2.14.2.pom to /home/gradle/.gradle/.tmp/gradle_download13691585753564557841bin
Downloading https://plugins.gradle.org/m2/org/tomlj/tomlj/1.0.0/tomlj-1.0.0.pom to /home/gradle/.gradle/.tmp/gradle_download715526679342442520bin
Downloading https://plugins.gradle.org/m2/org/apache/httpcomponents/httpcomponents-parent/13/httpcomponents-parent-13.pom to /home/gradle/.gradle/.tmp/gradle_download16817433760181047767bin
Downloading https://plugins.gradle.org/m2/com/fasterxml/jackson/jackson-base/2.14.2/jackson-base-2.14.2.pom to /home/gradle/.gradle/.tmp/gradle_download11219748343685563512bin
Downloading https://plugins.gradle.org/m2/org/apache/apache/27/apache-27.pom to /home/gradle/.gradle/.tmp/gradle_download13703642888026610345bin
Downloading https://plugins.gradle.org/m2/com/fasterxml/jackson/jackson-bom/2.14.2/jackson-bom-2.14.2.pom to /home/gradle/.gradle/.tmp/gradle_download6469868816708427046bin
Downloading https://plugins.gradle.org/m2/org/junit/junit-bom/5.9.3/junit-bom-5.9.3.pom to /home/gradle/.gradle/.tmp/gradle_download8743910842346411734bin
Downloading https://plugins.gradle.org/m2/com/fasterxml/jackson/jackson-parent/2.14/jackson-parent-2.14.pom to /home/gradle/.gradle/.tmp/gradle_download14261011122181485020bin
Downloading https://plugins.gradle.org/m2/org/junit/junit-bom/5.9.3/junit-bom-5.9.3.module to /home/gradle/.gradle/.tmp/gradle_download12720573126697407905bin
Downloading https://plugins.gradle.org/m2/com/fasterxml/oss-parent/48/oss-parent-48.pom to /home/gradle/.gradle/.tmp/gradle_download5901942964731648358bin
Downloading https://plugins.gradle.org/m2/com/fasterxml/jackson/module/jackson-module-parameter-names/2.14.2/jackson-module-parameter-names-2.14.2.module to /home/gradle/.gradle/.tmp/gradle_download12555316041764378634bin
Downloading https://plugins.gradle.org/m2/com/fasterxml/jackson/core/jackson-databind/2.14.2/jackson-databind-2.14.2.module to /home/gradle/.gradle/.tmp/gradle_download978893413003203430bin
Downloading https://plugins.gradle.org/m2/org/springframework/spring-jcl/6.0.10/spring-jcl-6.0.10.pom to /home/gradle/.gradle/.tmp/gradle_download3426821796457512449bin
Downloading https://plugins.gradle.org/m2/org/springframework/spring-jcl/6.0.10/spring-jcl-6.0.10.module to /home/gradle/.gradle/.tmp/gradle_download14732769147550352025bin
Downloading https://plugins.gradle.org/m2/com/fasterxml/jackson/core/jackson-core/2.14.2/jackson-core-2.14.2.pom to /home/gradle/.gradle/.tmp/gradle_download13068589297816089107bin
Downloading https://plugins.gradle.org/m2/com/fasterxml/jackson/core/jackson-annotations/2.14.2/jackson-annotations-2.14.2.pom to /home/gradle/.gradle/.tmp/gradle_download9765886815155662907bin
Downloading https://plugins.gradle.org/m2/com/fasterxml/jackson/core/jackson-annotations/2.14.2/jackson-annotations-2.14.2.module to /home/gradle/.gradle/.tmp/gradle_download14381619940368440925bin
Downloading https://plugins.gradle.org/m2/com/fasterxml/jackson/core/jackson-core/2.14.2/jackson-core-2.14.2.module to /home/gradle/.gradle/.tmp/gradle_download519028260085406322bin
Downloading https://plugins.gradle.org/m2/net/java/dev/jna/jna/5.13.0/jna-5.13.0.pom to /home/gradle/.gradle/.tmp/gradle_download8065105362200539778bin
Downloading https://plugins.gradle.org/m2/org/slf4j/slf4j-api/1.7.36/slf4j-api-1.7.36.pom to /home/gradle/.gradle/.tmp/gradle_download11834248822125826580bin
Downloading https://plugins.gradle.org/m2/org/apache/httpcomponents/core5/httpcore5-h2/5.2.4/httpcore5-h2-5.2.4.pom to /home/gradle/.gradle/.tmp/gradle_download337541296158986065bin
Downloading https://plugins.gradle.org/m2/org/apache/httpcomponents/core5/httpcore5/5.2.4/httpcore5-5.2.4.pom to /home/gradle/.gradle/.tmp/gradle_download3386004824909632296bin
Downloading https://plugins.gradle.org/m2/org/slf4j/slf4j-parent/1.7.36/slf4j-parent-1.7.36.pom to /home/gradle/.gradle/.tmp/gradle_download7949888266186016680bin
Downloading https://plugins.gradle.org/m2/org/apache/httpcomponents/core5/httpcore5-parent/5.2.4/httpcore5-parent-5.2.4.pom to /home/gradle/.gradle/.tmp/gradle_download7372824538217116479bin
Downloading https://plugins.gradle.org/m2/org/antlr/antlr4-runtime/4.7.2/antlr4-runtime-4.7.2.pom to /home/gradle/.gradle/.tmp/gradle_download2111578055403277952bin
Downloading https://plugins.gradle.org/m2/com/google/code/findbugs/jsr305/3.0.2/jsr305-3.0.2.pom to /home/gradle/.gradle/.tmp/gradle_download3634479412545339595bin
Downloading https://plugins.gradle.org/m2/org/sonatype/oss/oss-parent/7/oss-parent-7.pom to /home/gradle/.gradle/.tmp/gradle_download2972268983504814774bin
Downloading https://plugins.gradle.org/m2/org/antlr/antlr4-master/4.7.2/antlr4-master-4.7.2.pom to /home/gradle/.gradle/.tmp/gradle_download7468424927757059550bin
Downloading https://plugins.gradle.org/m2/org/sonatype/oss/oss-parent/9/oss-parent-9.pom to /home/gradle/.gradle/.tmp/gradle_download895193519460952834bin
Downloading https://plugins.gradle.org/m2/org/tomlj/tomlj/1.0.0/tomlj-1.0.0.jar to /home/gradle/.gradle/.tmp/gradle_download18207177928538046502bin
Downloading https://plugins.gradle.org/m2/io/spring/gradle/dependency-management-plugin/1.1.4/dependency-management-plugin-1.1.4.jar to /home/gradle/.gradle/.tmp/gradle_download1782636688422808017bin
Downloading https://plugins.gradle.org/m2/org/apache/commons/commons-compress/1.23.0/commons-compress-1.23.0.jar to /home/gradle/.gradle/.tmp/gradle_download14878160022462836482bin
Downloading https://plugins.gradle.org/m2/org/springframework/spring-core/6.0.10/spring-core-6.0.10.jar to /home/gradle/.gradle/.tmp/gradle_download13007289311863431203bin
Downloading https://plugins.gradle.org/m2/com/fasterxml/jackson/core/jackson-annotations/2.14.2/jackson-annotations-2.14.2.jar to /home/gradle/.gradle/.tmp/gradle_download3591328605017753995bin
Downloading https://plugins.gradle.org/m2/com/fasterxml/jackson/core/jackson-core/2.14.2/jackson-core-2.14.2.jar to /home/gradle/.gradle/.tmp/gradle_download8506977470433100676bin
Downloading https://plugins.gradle.org/m2/com/fasterxml/jackson/module/jackson-module-parameter-names/2.14.2/jackson-module-parameter-names-2.14.2.jar to /home/gradle/.gradle/.tmp/gradle_download5258259870402976020bin
Downloading https://plugins.gradle.org/m2/org/springframework/boot/spring-boot-loader-tools/3.2.1/spring-boot-loader-tools-3.2.1.jar to /home/gradle/.gradle/.tmp/gradle_download12747786709457622659bin
Downloading https://plugins.gradle.org/m2/com/fasterxml/jackson/core/jackson-databind/2.14.2/jackson-databind-2.14.2.jar to /home/gradle/.gradle/.tmp/gradle_download1138198693475049558bin
Downloading https://plugins.gradle.org/m2/org/springframework/boot/spring-boot-buildpack-platform/3.2.1/spring-boot-buildpack-platform-3.2.1.jar to /home/gradle/.gradle/.tmp/gradle_download785231985064941249bin
Downloading https://plugins.gradle.org/m2/org/springframework/boot/spring-boot-gradle-plugin/3.2.1/spring-boot-gradle-plugin-3.2.1.jar to /home/gradle/.gradle/.tmp/gradle_download15185198543521523100bin
Downloading https://plugins.gradle.org/m2/net/java/dev/jna/jna-platform/5.13.0/jna-platform-5.13.0.jar to /home/gradle/.gradle/.tmp/gradle_download14199540406916629268bin
Downloading https://plugins.gradle.org/m2/org/apache/httpcomponents/client5/httpclient5/5.2.3/httpclient5-5.2.3.jar to /home/gradle/.gradle/.tmp/gradle_download2266057528979424037bin
Downloading https://plugins.gradle.org/m2/org/springframework/spring-jcl/6.0.10/spring-jcl-6.0.10.jar to /home/gradle/.gradle/.tmp/gradle_download693480584323288417bin
Downloading https://plugins.gradle.org/m2/net/java/dev/jna/jna/5.13.0/jna-5.13.0.jar to /home/gradle/.gradle/.tmp/gradle_download15485615106773097276bin
Downloading https://plugins.gradle.org/m2/org/apache/httpcomponents/core5/httpcore5-h2/5.2.4/httpcore5-h2-5.2.4.jar to /home/gradle/.gradle/.tmp/gradle_download9509672948378944464bin
Downloading https://plugins.gradle.org/m2/org/apache/httpcomponents/core5/httpcore5/5.2.4/httpcore5-5.2.4.jar to /home/gradle/.gradle/.tmp/gradle_download16417812016488033430bin
Downloading https://plugins.gradle.org/m2/org/slf4j/slf4j-api/1.7.36/slf4j-api-1.7.36.jar to /home/gradle/.gradle/.tmp/gradle_download14862332664744192936bin
Downloading https://plugins.gradle.org/m2/com/google/code/findbugs/jsr305/3.0.2/jsr305-3.0.2.jar to /home/gradle/.gradle/.tmp/gradle_download5194537810572998972bin
Downloading https://plugins.gradle.org/m2/org/antlr/antlr4-runtime/4.7.2/antlr4-runtime-4.7.2.jar to /home/gradle/.gradle/.tmp/gradle_download5926054795544754495bin
Applying dependency management to configuration 'annotationProcessor' in project 'glossary'
Applying dependency management to configuration 'apiElements' in project 'glossary'
Applying dependency management to configuration 'archives' in project 'glossary'
Applying dependency management to configuration 'bootArchives' in project 'glossary'
Applying dependency management to configuration 'compileClasspath' in project 'glossary'
Applying dependency management to configuration 'compileOnly' in project 'glossary'
Applying dependency management to configuration 'default' in project 'glossary'
Applying dependency management to configuration 'developmentOnly' in project 'glossary'
Applying dependency management to configuration 'implementation' in project 'glossary'
Applying dependency management to configuration 'mainSourceElements' in project 'glossary'
Applying dependency management to configuration 'productionRuntimeClasspath' in project 'glossary'
Applying dependency management to configuration 'runtimeClasspath' in project 'glossary'
Applying dependency management to configuration 'runtimeElements' in project 'glossary'
Applying dependency management to configuration 'runtimeOnly' in project 'glossary'
Applying dependency management to configuration 'testAndDevelopmentOnly' in project 'glossary'
Applying dependency management to configuration 'testAnnotationProcessor' in project 'glossary'
Applying dependency management to configuration 'testCompileClasspath' in project 'glossary'
Applying dependency management to configuration 'testCompileOnly' in project 'glossary'
Applying dependency management to configuration 'testImplementation' in project 'glossary'
Applying dependency management to configuration 'testResultsElementsForTest' in project 'glossary'
Applying dependency management to configuration 'testRuntimeClasspath' in project 'glossary'
Applying dependency management to configuration 'testRuntimeOnly' in project 'glossary'
Compiling build file '/home/gradle/project/build.gradle' using BuildScriptTransformer.
All projects evaluated.
Task name matched 'test'
Selected primary task 'test' from project :
Tasks to be executed: [task ':compileJava', task ':processResources', task ':classes', task ':compileTestJava', task ':processTestResources', task ':testClasses', task ':test']
Tasks that were excluded: []
Resolve mutations for :compileJava (Thread[Execution worker,5,main]) started.
:compileJava (Thread[Execution worker,5,main]) started.

> Task :compileJava
Resolving global dependency management for project 'glossary'
Downloading https://repo.maven.apache.org/maven2/org/springframework/boot/spring-boot-dependencies/3.2.1/spring-boot-dependencies-3.2.1.pom to /home/gradle/.gradle/.tmp/gradle_download5539424754417609668bin
Downloading https://repo.maven.apache.org/maven2/org/assertj/assertj-bom/3.24.2/assertj-bom-3.24.2.pom to /home/gradle/.gradle/.tmp/gradle_download6346003952009350372bin
Downloading https://repo.maven.apache.org/maven2/io/zipkin/brave/brave-bom/5.16.0/brave-bom-5.16.0.pom to /home/gradle/.gradle/.tmp/gradle_download9203476931299598456bin
Downloading https://repo.maven.apache.org/maven2/io/zipkin/reporter2/zipkin-reporter-bom/2.16.3/zipkin-reporter-bom-2.16.3.pom to /home/gradle/.gradle/.tmp/gradle_download11149895091191792696bin
Downloading https://repo.maven.apache.org/maven2/com/datastax/oss/java-driver-bom/4.17.0/java-driver-bom-4.17.0.pom to /home/gradle/.gradle/.tmp/gradle_download4048711722144221004bin
Downloading https://repo.maven.apache.org/maven2/io/dropwizard/metrics/metrics-bom/4.2.23/metrics-bom-4.2.23.pom to /home/gradle/.gradle/.tmp/gradle_download666304642310813641bin
Downloading https://repo.maven.apache.org/maven2/io/dropwizard/metrics/metrics-parent/4.2.23/metrics-parent-4.2.23.pom to /home/gradle/.gradle/.tmp/gradle_download8740745281176038361bin
Downloading https://repo.maven.apache.org/maven2/org/glassfish/jaxb/jaxb-bom/4.0.4/jaxb-bom-4.0.4.pom to /home/gradle/.gradle/.tmp/gradle_download13645498474030989536bin
Downloading https://repo.maven.apache.org/maven2/org/eclipse/ee4j/project/1.0.8/project-1.0.8.pom to /home/gradle/.gradle/.tmp/gradle_download8985842670867447587bin
Downloading https://repo.maven.apache.org/maven2/org/apache/groovy/groovy-bom/4.0.16/groovy-bom-4.0.16.pom to /home/gradle/.gradle/.tmp/gradle_download14811640282145134506bin
Downloading https://repo.maven.apache.org/maven2/org/apache/groovy/groovy-bom/4.0.16/groovy-bom-4.0.16.module to /home/gradle/.gradle/.tmp/gradle_download16306681836128547149bin
Downloading https://repo.maven.apache.org/maven2/org/infinispan/infinispan-bom/14.0.21.Final/infinispan-bom-14.0.21.Final.pom to /home/gradle/.gradle/.tmp/gradle_download13919706386406814280bin
Downloading https://repo.maven.apache.org/maven2/org/infinispan/infinispan-build-configuration-parent/14.0.21.Final/infinispan-build-configuration-parent-14.0.21.Final.pom to /home/gradle/.gradle/.tmp/gradle_download5582593451606641612bin
Downloading https://repo.maven.apache.org/maven2/org/jboss/jboss-parent/39/jboss-parent-39.pom to /home/gradle/.gradle/.tmp/gradle_download2040038294274607660bin
Downloading https://repo.maven.apache.org/maven2/com/fasterxml/jackson/jackson-bom/2.15.3/jackson-bom-2.15.3.pom to /home/gradle/.gradle/.tmp/gradle_download8362408753961472098bin
Downloading https://repo.maven.apache.org/maven2/com/fasterxml/jackson/jackson-parent/2.15/jackson-parent-2.15.pom to /home/gradle/.gradle/.tmp/gradle_download16369096067470182935bin
Downloading https://repo.maven.apache.org/maven2/com/fasterxml/oss-parent/50/oss-parent-50.pom to /home/gradle/.gradle/.tmp/gradle_download4361159964163899338bin
Downloading https://repo.maven.apache.org/maven2/org/glassfish/jersey/jersey-bom/3.1.5/jersey-bom-3.1.5.pom to /home/gradle/.gradle/.tmp/gradle_download18096750270020322926bin
Downloading https://repo.maven.apache.org/maven2/org/eclipse/jetty/ee10/jetty-ee10-bom/12.0.5/jetty-ee10-bom-12.0.5.pom to /home/gradle/.gradle/.tmp/gradle_download4611891987200257097bin
Downloading https://repo.maven.apache.org/maven2/org/eclipse/jetty/jetty-bom/12.0.5/jetty-bom-12.0.5.pom to /home/gradle/.gradle/.tmp/gradle_download3598150057280983602bin
Downloading https://repo.maven.apache.org/maven2/org/junit/junit-bom/5.10.1/junit-bom-5.10.1.pom to /home/gradle/.gradle/.tmp/gradle_download5217071597871136685bin
Downloading https://repo.maven.apache.org/maven2/org/junit/junit-bom/5.10.1/junit-bom-5.10.1.module to /home/gradle/.gradle/.tmp/gradle_download5616551431457039739bin
Downloading https://repo.maven.apache.org/maven2/org/jetbrains/kotlin/kotlin-bom/1.9.21/kotlin-bom-1.9.21.pom to /home/gradle/.gradle/.tmp/gradle_download12365534756324920389bin
Downloading https://repo.maven.apache.org/maven2/org/jetbrains/kotlinx/kotlinx-coroutines-bom/1.7.3/kotlinx-coroutines-bom-1.7.3.pom to /home/gradle/.gradle/.tmp/gradle_download5342705916286237101bin
Downloading https://repo.maven.apache.org/maven2/org/jetbrains/kotlinx/kotlinx-serialization-bom/1.6.2/kotlinx-serialization-bom-1.6.2.pom to /home/gradle/.gradle/.tmp/gradle_download17067998243643134477bin
Downloading https://repo.maven.apache.org/maven2/org/apache/logging/log4j/log4j-bom/2.21.1/log4j-bom-2.21.1.pom to /home/gradle/.gradle/.tmp/gradle_download13725181851129648698bin
Downloading https://repo.maven.apache.org/maven2/org/apache/logging/logging-parent/10.1.1/logging-parent-10.1.1.pom to /home/gradle/.gradle/.tmp/gradle_download1364466183361549138bin
Downloading https://repo.maven.apache.org/maven2/org/apache/apache/30/apache-30.pom to /home/gradle/.gradle/.tmp/gradle_download12058634706989699161bin
Downloading https://repo.maven.apache.org/maven2/io/micrometer/micrometer-bom/1.12.1/micrometer-bom-1.12.1.pom to /home/gradle/.gradle/.tmp/gradle_download15165565472980984055bin
Downloading https://repo.maven.apache.org/maven2/io/micrometer/micrometer-tracing-bom/1.2.1/micrometer-tracing-bom-1.2.1.pom to /home/gradle/.gradle/.tmp/gradle_download16016690731025377234bin
Downloading https://repo.maven.apache.org/maven2/org/mockito/mockito-bom/5.7.0/mockito-bom-5.7.0.pom to /home/gradle/.gradle/.tmp/gradle_download15872491168838469483bin
Downloading https://repo.maven.apache.org/maven2/io/netty/netty-bom/4.1.104.Final/netty-bom-4.1.104.Final.pom to /home/gradle/.gradle/.tmp/gradle_download4843226926539149812bin
Found locally available resource with matching checksum: [https://repo.maven.apache.org/maven2/org/sonatype/oss/oss-parent/7/oss-parent-7.pom, /home/gradle/.gradle/caches/modules-2/files-2.1/org.sonatype.oss/oss-parent/7/46b8a785b60a2767095b8611613b58577e96d4c9/oss-parent-7.pom]
Downloading https://repo.maven.apache.org/maven2/com/squareup/okhttp3/okhttp-bom/4.12.0/okhttp-bom-4.12.0.pom to /home/gradle/.gradle/.tmp/gradle_download7333129118443214070bin
Downloading https://repo.maven.apache.org/maven2/com/squareup/okhttp3/okhttp-bom/4.12.0/okhttp-bom-4.12.0.module to /home/gradle/.gradle/.tmp/gradle_download8647851488814401356bin
Downloading https://repo.maven.apache.org/maven2/io/opentelemetry/opentelemetry-bom/1.31.0/opentelemetry-bom-1.31.0.pom to /home/gradle/.gradle/.tmp/gradle_download2935839556050974159bin
Downloading https://repo.maven.apache.org/maven2/io/opentelemetry/opentelemetry-bom/1.31.0/opentelemetry-bom-1.31.0.module to /home/gradle/.gradle/.tmp/gradle_download4333329346339982030bin
Downloading https://repo.maven.apache.org/maven2/com/oracle/database/jdbc/ojdbc-bom/23.3.0.23.09/ojdbc-bom-23.3.0.23.09.pom to /home/gradle/.gradle/.tmp/gradle_download2730565718885104155bin
Downloading https://repo.maven.apache.org/maven2/io/prometheus/simpleclient_bom/0.16.0/simpleclient_bom-0.16.0.pom to /home/gradle/.gradle/.tmp/gradle_download9098160749183031648bin
Downloading https://repo.maven.apache.org/maven2/io/prometheus/parent/0.16.0/parent-0.16.0.pom to /home/gradle/.gradle/.tmp/gradle_download12460399293320988636bin
Downloading https://repo.maven.apache.org/maven2/com/querydsl/querydsl-bom/5.0.0/querydsl-bom-5.0.0.pom to /home/gradle/.gradle/.tmp/gradle_download8133451122401955443bin
Downloading https://repo.maven.apache.org/maven2/io/projectreactor/reactor-bom/2023.0.1/reactor-bom-2023.0.1.pom to /home/gradle/.gradle/.tmp/gradle_download14988752833051100823bin
Downloading https://repo.maven.apache.org/maven2/io/projectreactor/reactor-bom/2023.0.1/reactor-bom-2023.0.1.module to /home/gradle/.gradle/.tmp/gradle_download5748484971031735843bin
Downloading https://repo.maven.apache.org/maven2/io/rest-assured/rest-assured-bom/5.3.2/rest-assured-bom-5.3.2.pom to /home/gradle/.gradle/.tmp/gradle_download18251632901444739597bin
Downloading https://repo.maven.apache.org/maven2/io/rsocket/rsocket-bom/1.1.3/rsocket-bom-1.1.3.pom to /home/gradle/.gradle/.tmp/gradle_download11383249777585407416bin
Downloading https://repo.maven.apache.org/maven2/org/seleniumhq/selenium/selenium-bom/4.14.1/selenium-bom-4.14.1.pom to /home/gradle/.gradle/.tmp/gradle_download13534412482714149493bin
Downloading https://repo.maven.apache.org/maven2/org/springframework/amqp/spring-amqp-bom/3.1.1/spring-amqp-bom-3.1.1.pom to /home/gradle/.gradle/.tmp/gradle_download3436514242007023688bin
Downloading https://repo.maven.apache.org/maven2/org/springframework/amqp/spring-amqp-bom/3.1.1/spring-amqp-bom-3.1.1.module to /home/gradle/.gradle/.tmp/gradle_download12278785367267535177bin
Downloading https://repo.maven.apache.org/maven2/org/springframework/batch/spring-batch-bom/5.1.0/spring-batch-bom-5.1.0.pom to /home/gradle/.gradle/.tmp/gradle_download9155170863487379609bin
Downloading https://repo.maven.apache.org/maven2/org/springframework/data/spring-data-bom/2023.1.1/spring-data-bom-2023.1.1.pom to /home/gradle/.gradle/.tmp/gradle_download218990429743946085bin
Downloading https://repo.maven.apache.org/maven2/org/springframework/spring-framework-bom/6.1.2/spring-framework-bom-6.1.2.pom to /home/gradle/.gradle/.tmp/gradle_download6801577142213528034bin
Downloading https://repo.maven.apache.org/maven2/org/springframework/spring-framework-bom/6.1.2/spring-framework-bom-6.1.2.module to /home/gradle/.gradle/.tmp/gradle_download9859195843537705063bin
Downloading https://repo.maven.apache.org/maven2/org/springframework/integration/spring-integration-bom/6.2.1/spring-integration-bom-6.2.1.pom to /home/gradle/.gradle/.tmp/gradle_download9048778647811147988bin
Downloading https://repo.maven.apache.org/maven2/org/springframework/integration/spring-integration-bom/6.2.1/spring-integration-bom-6.2.1.module to /home/gradle/.gradle/.tmp/gradle_download18210303755028947804bin
Downloading https://repo.maven.apache.org/maven2/org/springframework/restdocs/spring-restdocs-bom/3.0.1/spring-restdocs-bom-3.0.1.pom to /home/gradle/.gradle/.tmp/gradle_download12298743234906173272bin
Downloading https://repo.maven.apache.org/maven2/org/springframework/security/spring-security-bom/6.2.1/spring-security-bom-6.2.1.pom to /home/gradle/.gradle/.tmp/gradle_download3274526755811058548bin
Downloading https://repo.maven.apache.org/maven2/org/springframework/security/spring-security-bom/6.2.1/spring-security-bom-6.2.1.module to /home/gradle/.gradle/.tmp/gradle_download1613502622361137263bin
Downloading https://repo.maven.apache.org/maven2/org/springframework/session/spring-session-bom/3.2.1/spring-session-bom-3.2.1.pom to /home/gradle/.gradle/.tmp/gradle_download9175424686336563143bin
Downloading https://repo.maven.apache.org/maven2/org/springframework/session/spring-session-bom/3.2.1/spring-session-bom-3.2.1.module to /home/gradle/.gradle/.tmp/gradle_download11989308341667064360bin
Downloading https://repo.maven.apache.org/maven2/org/springframework/ws/spring-ws-bom/4.0.9/spring-ws-bom-4.0.9.pom to /home/gradle/.gradle/.tmp/gradle_download17287144701287012921bin
Downloading https://repo.maven.apache.org/maven2/org/testcontainers/testcontainers-bom/1.19.3/testcontainers-bom-1.19.3.pom to /home/gradle/.gradle/.tmp/gradle_download8383727254751499171bin
Downloading https://repo.maven.apache.org/maven2/com/querydsl/querydsl-apt/5.0.0/querydsl-apt-5.0.0.pom to /home/gradle/.gradle/.tmp/gradle_download7707775021885392477bin
Downloading https://repo.maven.apache.org/maven2/org/projectlombok/lombok/1.18.30/lombok-1.18.30.pom to /home/gradle/.gradle/.tmp/gradle_download2007380031654717288bin
Downloading https://repo.maven.apache.org/maven2/jakarta/persistence/jakarta.persistence-api/3.1.0/jakarta.persistence-api-3.1.0.pom to /home/gradle/.gradle/.tmp/gradle_download10226363904645874563bin
Downloading https://repo.maven.apache.org/maven2/jakarta/annotation/jakarta.annotation-api/2.1.1/jakarta.annotation-api-2.1.1.pom to /home/gradle/.gradle/.tmp/gradle_download311209068601870196bin
Downloading https://repo.maven.apache.org/maven2/com/querydsl/querydsl-root/5.0.0/querydsl-root-5.0.0.pom to /home/gradle/.gradle/.tmp/gradle_download6639667822457542394bin
Downloading https://repo.maven.apache.org/maven2/org/eclipse/ee4j/project/1.0.7/project-1.0.7.pom to /home/gradle/.gradle/.tmp/gradle_download5756401702669937231bin
Downloading https://repo.maven.apache.org/maven2/org/springframework/boot/spring-boot-starter-data-jpa/3.2.1/spring-boot-starter-data-jpa-3.2.1.pom to /home/gradle/.gradle/.tmp/gradle_download18134285407359983904bin
Downloading https://repo.maven.apache.org/maven2/com/querydsl/querydsl-parent/0.1.0/querydsl-parent-0.1.0.pom to /home/gradle/.gradle/.tmp/gradle_download3417437730536400032bin
Downloading https://repo.maven.apache.org/maven2/org/springframework/boot/spring-boot-starter-data-jpa/3.2.1/spring-boot-starter-data-jpa-3.2.1.module to /home/gradle/.gradle/.tmp/gradle_download18383677530161716881bin
Downloading https://repo.maven.apache.org/maven2/org/springframework/boot/spring-boot-starter-validation/3.2.1/spring-boot-starter-validation-3.2.1.pom to /home/gradle/.gradle/.tmp/gradle_download13653060194717950979bin
Downloading https://repo.maven.apache.org/maven2/org/springframework/boot/spring-boot-starter-web/3.2.1/spring-boot-starter-web-3.2.1.pom to /home/gradle/.gradle/.tmp/gradle_download17394674121096042639bin
Downloading https://repo.maven.apache.org/maven2/org/jetbrains/kotlin/kotlin-bom/1.5.20/kotlin-bom-1.5.20.pom to /home/gradle/.gradle/.tmp/gradle_download17031312420650450294bin
Downloading https://repo.maven.apache.org/maven2/org/springframework/boot/spring-boot-starter-validation/3.2.1/spring-boot-starter-validation-3.2.1.module to /home/gradle/.gradle/.tmp/gradle_download5261002689934810360bin
Downloading https://repo.maven.apache.org/maven2/org/flywaydb/flyway-core/9.22.3/flyway-core-9.22.3.pom to /home/gradle/.gradle/.tmp/gradle_download6170929970423832123bin
Downloading https://repo.maven.apache.org/maven2/org/springframework/boot/spring-boot-starter-web/3.2.1/spring-boot-starter-web-3.2.1.module to /home/gradle/.gradle/.tmp/gradle_download5339724293570790185bin
Downloading https://repo.maven.apache.org/maven2/com/querydsl/querydsl-jpa/5.0.0/querydsl-jpa-5.0.0.pom to /home/gradle/.gradle/.tmp/gradle_download5325650966545850183bin
Downloading https://repo.maven.apache.org/maven2/org/flywaydb/flyway-parent/9.22.3/flyway-parent-9.22.3.pom to /home/gradle/.gradle/.tmp/gradle_download9686982437182365663bin
Downloading https://repo.maven.apache.org/maven2/com/querydsl/querydsl-codegen/5.0.0/querydsl-codegen-5.0.0.pom to /home/gradle/.gradle/.tmp/gradle_download4487959750439754962bin
Downloading https://repo.maven.apache.org/maven2/org/hibernate/orm/hibernate-core/6.4.1.Final/hibernate-core-6.4.1.Final.pom to /home/gradle/.gradle/.tmp/gradle_download14861584389258603508bin
Downloading https://repo.maven.apache.org/maven2/org/springframework/boot/spring-boot-starter-jdbc/3.2.1/spring-boot-starter-jdbc-3.2.1.pom to /home/gradle/.gradle/.tmp/gradle_download14070769280304606299bin
Downloading https://repo.maven.apache.org/maven2/org/springframework/data/spring-data-jpa/3.2.1/spring-data-jpa-3.2.1.pom to /home/gradle/.gradle/.tmp/gradle_download13870248346844947368bin
Downloading https://repo.maven.apache.org/maven2/org/springframework/boot/spring-boot-starter-aop/3.2.1/spring-boot-starter-aop-3.2.1.pom to /home/gradle/.gradle/.tmp/gradle_download13613148160133447646bin
Downloading https://repo.maven.apache.org/maven2/org/springframework/data/spring-data-jpa-parent/3.2.1/spring-data-jpa-parent-3.2.1.pom to /home/gradle/.gradle/.tmp/gradle_download10523069228051286811bin
Downloading https://repo.maven.apache.org/maven2/org/springframework/boot/spring-boot-starter-aop/3.2.1/spring-boot-starter-aop-3.2.1.module to /home/gradle/.gradle/.tmp/gradle_download10926685607058425735bin
Downloading https://repo.maven.apache.org/maven2/org/springframework/boot/spring-boot-starter-jdbc/3.2.1/spring-boot-starter-jdbc-3.2.1.module to /home/gradle/.gradle/.tmp/gradle_download3987058731542958268bin
Downloading https://repo.maven.apache.org/maven2/org/springframework/spring-aspects/6.1.2/spring-aspects-6.1.2.pom to /home/gradle/.gradle/.tmp/gradle_download10382348526783009854bin
Downloading https://repo.maven.apache.org/maven2/org/springframework/data/build/spring-data-parent/3.2.1/spring-data-parent-3.2.1.pom to /home/gradle/.gradle/.tmp/gradle_download5407787315413048286bin
Downloading https://repo.maven.apache.org/maven2/org/springframework/spring-aspects/6.1.2/spring-aspects-6.1.2.module to /home/gradle/.gradle/.tmp/gradle_download11193139794419352589bin
Downloading https://repo.maven.apache.org/maven2/org/springframework/data/build/spring-data-build/3.2.1/spring-data-build-3.2.1.pom to /home/gradle/.gradle/.tmp/gradle_download11422140744314096882bin
Downloading https://repo.maven.apache.org/maven2/org/springframework/boot/spring-boot-starter/3.2.1/spring-boot-starter-3.2.1.pom to /home/gradle/.gradle/.tmp/gradle_download1271918529614577473bin
Downloading https://repo.maven.apache.org/maven2/org/apache/tomcat/embed/tomcat-embed-el/10.1.17/tomcat-embed-el-10.1.17.pom to /home/gradle/.gradle/.tmp/gradle_download13538833406005207143bin
Downloading https://repo.maven.apache.org/maven2/org/hibernate/validator/hibernate-validator/8.0.1.Final/hibernate-validator-8.0.1.Final.pom to /home/gradle/.gradle/.tmp/gradle_download14140918915233736606bin
Downloading https://repo.maven.apache.org/maven2/org/springframework/boot/spring-boot-starter/3.2.1/spring-boot-starter-3.2.1.module to /home/gradle/.gradle/.tmp/gradle_download1189791737477222316bin
Downloading https://repo.maven.apache.org/maven2/org/hibernate/validator/hibernate-validator-parent/8.0.1.Final/hibernate-validator-parent-8.0.1.Final.pom to /home/gradle/.gradle/.tmp/gradle_download10152018372676153692bin
Downloading https://repo.maven.apache.org/maven2/org/jboss/arquillian/arquillian-bom/1.7.0.Alpha10/arquillian-bom-1.7.0.Alpha10.pom to /home/gradle/.gradle/.tmp/gradle_download17038912062928119871bin
Downloading https://repo.maven.apache.org/maven2/org/jboss/shrinkwrap/shrinkwrap-bom/1.2.6/shrinkwrap-bom-1.2.6.pom to /home/gradle/.gradle/.tmp/gradle_download5515450617814309506bin
Downloading https://repo.maven.apache.org/maven2/org/jboss/shrinkwrap/resolver/shrinkwrap-resolver-bom/3.1.4/shrinkwrap-resolver-bom-3.1.4.pom to /home/gradle/.gradle/.tmp/gradle_download2080999608672293298bin
Downloading https://repo.maven.apache.org/maven2/org/apache/maven/maven/3.6.3/maven-3.6.3.pom to /home/gradle/.gradle/.tmp/gradle_download3842882340448427005bin
Downloading https://repo.maven.apache.org/maven2/org/apache/maven/maven-parent/33/maven-parent-33.pom to /home/gradle/.gradle/.tmp/gradle_download12449177614905653201bin
Downloading https://repo.maven.apache.org/maven2/org/apache/apache/21/apache-21.pom to /home/gradle/.gradle/.tmp/gradle_download13241270129310673918bin
Downloading https://repo.maven.apache.org/maven2/org/jboss/shrinkwrap/descriptors/shrinkwrap-descriptors-bom/2.0.0/shrinkwrap-descriptors-bom-2.0.0.pom to /home/gradle/.gradle/.tmp/gradle_download14854556332213504407bin
Downloading https://repo.maven.apache.org/maven2/org/springframework/boot/spring-boot-starter-json/3.2.1/spring-boot-starter-json-3.2.1.pom to /home/gradle/.gradle/.tmp/gradle_download8705557992186082042bin
Downloading https://repo.maven.apache.org/maven2/org/springframework/boot/spring-boot-starter-tomcat/3.2.1/spring-boot-starter-tomcat-3.2.1.pom to /home/gradle/.gradle/.tmp/gradle_download5643963150191497261bin
Downloading https://repo.maven.apache.org/maven2/org/springframework/spring-webmvc/6.1.2/spring-webmvc-6.1.2.pom to /home/gradle/.gradle/.tmp/gradle_download17107565852854667824bin
Downloading https://repo.maven.apache.org/maven2/org/springframework/spring-web/6.1.2/spring-web-6.1.2.pom to /home/gradle/.gradle/.tmp/gradle_download16462859856057798177bin
Downloading https://repo.maven.apache.org/maven2/org/springframework/boot/spring-boot-starter-json/3.2.1/spring-boot-starter-json-3.2.1.module to /home/gradle/.gradle/.tmp/gradle_download5367474415366721278bin
Downloading https://repo.maven.apache.org/maven2/org/springframework/boot/spring-boot-starter-tomcat/3.2.1/spring-boot-starter-tomcat-3.2.1.module to /home/gradle/.gradle/.tmp/gradle_download10006496273948464211bin
Downloading https://repo.maven.apache.org/maven2/org/springframework/spring-web/6.1.2/spring-web-6.1.2.module to /home/gradle/.gradle/.tmp/gradle_download7974609007027297032bin
Downloading https://repo.maven.apache.org/maven2/org/springframework/spring-webmvc/6.1.2/spring-webmvc-6.1.2.module to /home/gradle/.gradle/.tmp/gradle_download12149214757540195383bin
Downloading https://repo.maven.apache.org/maven2/com/fasterxml/jackson/dataformat/jackson-dataformat-toml/2.15.3/jackson-dataformat-toml-2.15.3.pom to /home/gradle/.gradle/.tmp/gradle_download10845984704255154980bin
Downloading https://repo.maven.apache.org/maven2/com/google/code/gson/gson/2.10.1/gson-2.10.1.pom to /home/gradle/.gradle/.tmp/gradle_download10421758665669142532bin
Downloading https://repo.maven.apache.org/maven2/com/fasterxml/jackson/dataformat/jackson-dataformats-text/2.15.3/jackson-dataformats-text-2.15.3.pom to /home/gradle/.gradle/.tmp/gradle_download2031349988806280471bin
Downloading https://repo.maven.apache.org/maven2/com/google/code/gson/gson-parent/2.10.1/gson-parent-2.10.1.pom to /home/gradle/.gradle/.tmp/gradle_download17389218348506556817bin
Downloading https://repo.maven.apache.org/maven2/com/fasterxml/jackson/jackson-base/2.15.3/jackson-base-2.15.3.pom to /home/gradle/.gradle/.tmp/gradle_download1029784906775475887bin
Downloading https://repo.maven.apache.org/maven2/com/fasterxml/jackson/dataformat/jackson-dataformat-toml/2.15.3/jackson-dataformat-toml-2.15.3.module to /home/gradle/.gradle/.tmp/gradle_download13484645108761139079bin
Downloading https://repo.maven.apache.org/maven2/com/querydsl/querydsl-core/5.0.0/querydsl-core-5.0.0.pom to /home/gradle/.gradle/.tmp/gradle_download16310190457490827024bin
Downloading https://repo.maven.apache.org/maven2/io/github/classgraph/classgraph/4.8.108/classgraph-4.8.108.pom to /home/gradle/.gradle/.tmp/gradle_download17349865751361983301bin
Downloading https://repo.maven.apache.org/maven2/com/querydsl/codegen-utils/5.0.0/codegen-utils-5.0.0.pom to /home/gradle/.gradle/.tmp/gradle_download5533355925418737958bin
Downloading https://repo.maven.apache.org/maven2/javax/inject/javax.inject/1/javax.inject-1.pom to /home/gradle/.gradle/.tmp/gradle_download1095660894525588401bin
Downloading https://repo.maven.apache.org/maven2/org/aspectj/aspectjweaver/1.9.21/aspectjweaver-1.9.21.pom to /home/gradle/.gradle/.tmp/gradle_download7644532908000464155bin
Downloading https://repo.maven.apache.org/maven2/org/springframework/spring-aop/6.1.2/spring-aop-6.1.2.pom to /home/gradle/.gradle/.tmp/gradle_download16196100057127793999bin
Downloading https://repo.maven.apache.org/maven2/org/springframework/spring-aop/6.1.2/spring-aop-6.1.2.module to /home/gradle/.gradle/.tmp/gradle_download7129573163749973087bin
Downloading https://repo.maven.apache.org/maven2/com/zaxxer/HikariCP/5.0.1/HikariCP-5.0.1.pom to /home/gradle/.gradle/.tmp/gradle_download4332232100147359997bin
Downloading https://repo.maven.apache.org/maven2/org/springframework/spring-jdbc/6.1.2/spring-jdbc-6.1.2.pom to /home/gradle/.gradle/.tmp/gradle_download8087551165364347354bin
Found locally available resource with matching checksum: [https://repo.maven.apache.org/maven2/org/sonatype/oss/oss-parent/9/oss-parent-9.pom, /home/gradle/.gradle/caches/modules-2/files-2.1/org.sonatype.oss/oss-parent/9/e5cdc4d23b86d79c436f16fed20853284e868f65/oss-parent-9.pom]
Downloading https://repo.maven.apache.org/maven2/org/springframework/spring-jdbc/6.1.2/spring-jdbc-6.1.2.module to /home/gradle/.gradle/.tmp/gradle_download541935660836102036bin
Downloading https://repo.maven.apache.org/maven2/jakarta/transaction/jakarta.transaction-api/2.0.1/jakarta.transaction-api-2.0.1.pom to /home/gradle/.gradle/.tmp/gradle_download16030811801311355463bin
Downloading https://repo.maven.apache.org/maven2/org/jboss/logging/jboss-logging/3.5.3.Final/jboss-logging-3.5.3.Final.pom to /home/gradle/.gradle/.tmp/gradle_download10658406125964909004bin
Downloading https://repo.maven.apache.org/maven2/org/hibernate/common/hibernate-commons-annotations/6.0.6.Final/hibernate-commons-annotations-6.0.6.Final.pom to /home/gradle/.gradle/.tmp/gradle_download17891661930607424336bin
Downloading https://repo.maven.apache.org/maven2/io/smallrye/jandex/3.1.2/jandex-3.1.2.pom to /home/gradle/.gradle/.tmp/gradle_download9872711494780086287bin
Downloading https://repo.maven.apache.org/maven2/org/eclipse/ee4j/project/1.0.6/project-1.0.6.pom to /home/gradle/.gradle/.tmp/gradle_download9498354075369771161bin
Downloading https://repo.maven.apache.org/maven2/org/jboss/logging/logging-parent/1.0.1.Final/logging-parent-1.0.1.Final.pom to /home/gradle/.gradle/.tmp/gradle_download1398670107014836932bin
Downloading https://repo.maven.apache.org/maven2/org/hibernate/common/hibernate-commons-annotations/6.0.6.Final/hibernate-commons-annotations-6.0.6.Final.module to /home/gradle/.gradle/.tmp/gradle_download11000894750086736192bin
Downloading https://repo.maven.apache.org/maven2/io/smallrye/jandex-parent/3.1.2/jandex-parent-3.1.2.pom to /home/gradle/.gradle/.tmp/gradle_download3550933660598468811bin
Found locally available resource with matching checksum: [https://repo.maven.apache.org/maven2/org/junit/junit-bom/5.9.3/junit-bom-5.9.3.pom, /home/gradle/.gradle/caches/modules-2/files-2.1/org.junit/junit-bom/5.9.3/b1874b6a66656e4f5e4b492ab321249bcb749dc7/junit-bom-5.9.3.pom]
Downloading https://repo.maven.apache.org/maven2/com/fasterxml/classmate/1.6.0/classmate-1.6.0.pom to /home/gradle/.gradle/.tmp/gradle_download3653462700748466617bin
Downloading https://repo.maven.apache.org/maven2/io/smallrye/smallrye-build-parent/39/smallrye-build-parent-39.pom to /home/gradle/.gradle/.tmp/gradle_download3473488184202130616bin
Downloading https://repo.maven.apache.org/maven2/net/bytebuddy/byte-buddy/1.14.10/byte-buddy-1.14.10.pom to /home/gradle/.gradle/.tmp/gradle_download3061484282229502183bin
Downloading https://repo.maven.apache.org/maven2/com/fasterxml/oss-parent/55/oss-parent-55.pom to /home/gradle/.gradle/.tmp/gradle_download7045532408014462937bin
Found locally available resource with matching checksum: [https://repo.maven.apache.org/maven2/org/junit/junit-bom/5.9.3/junit-bom-5.9.3.module, /home/gradle/.gradle/caches/modules-2/files-2.1/org.junit/junit-bom/5.9.3/d70d3d9a503c573e648ef70fb2e211fbe44aa63e/junit-bom-5.9.3.module]
Downloading https://repo.maven.apache.org/maven2/net/bytebuddy/byte-buddy-parent/1.14.10/byte-buddy-parent-1.14.10.pom to /home/gradle/.gradle/.tmp/gradle_download3792491415680205445bin
Downloading https://repo.maven.apache.org/maven2/jakarta/xml/bind/jakarta.xml.bind-api/4.0.1/jakarta.xml.bind-api-4.0.1.pom to /home/gradle/.gradle/.tmp/gradle_download4369881643618965548bin
Downloading https://repo.maven.apache.org/maven2/org/glassfish/jaxb/jaxb-runtime/4.0.4/jaxb-runtime-4.0.4.pom to /home/gradle/.gradle/.tmp/gradle_download961167391793320772bin
Downloading https://repo.maven.apache.org/maven2/jakarta/xml/bind/jakarta.xml.bind-api-parent/4.0.1/jakarta.xml.bind-api-parent-4.0.1.pom to /home/gradle/.gradle/.tmp/gradle_download1161986702717367872bin
Downloading https://repo.maven.apache.org/maven2/jakarta/inject/jakarta.inject-api/2.0.1/jakarta.inject-api-2.0.1.pom to /home/gradle/.gradle/.tmp/gradle_download12295601205657682757bin
Downloading https://repo.maven.apache.org/maven2/org/antlr/antlr4-runtime/4.13.0/antlr4-runtime-4.13.0.pom to /home/gradle/.gradle/.tmp/gradle_download10952890306387511070bin
Downloading https://repo.maven.apache.org/maven2/com/sun/xml/bind/mvn/jaxb-runtime-parent/4.0.4/jaxb-runtime-parent-4.0.4.pom to /home/gradle/.gradle/.tmp/gradle_download13039647206682293065bin
Downloading https://repo.maven.apache.org/maven2/org/antlr/antlr4-master/4.13.0/antlr4-master-4.13.0.pom to /home/gradle/.gradle/.tmp/gradle_download9412504720311604048bin
Downloading https://repo.maven.apache.org/maven2/com/sun/xml/bind/mvn/jaxb-parent/4.0.4/jaxb-parent-4.0.4.pom to /home/gradle/.gradle/.tmp/gradle_download18196078270051887363bin
Downloading https://repo.maven.apache.org/maven2/com/sun/xml/bind/jaxb-bom-ext/4.0.4/jaxb-bom-ext-4.0.4.pom to /home/gradle/.gradle/.tmp/gradle_download5025193990729839949bin
Downloading https://repo.maven.apache.org/maven2/org/springframework/data/spring-data-commons/3.2.1/spring-data-commons-3.2.1.pom to /home/gradle/.gradle/.tmp/gradle_download17174489230445423846bin
Downloading https://repo.maven.apache.org/maven2/org/springframework/spring-orm/6.1.2/spring-orm-6.1.2.pom to /home/gradle/.gradle/.tmp/gradle_download13025820734977315869bin
Downloading https://repo.maven.apache.org/maven2/org/springframework/spring-tx/6.1.2/spring-tx-6.1.2.pom to /home/gradle/.gradle/.tmp/gradle_download13395779658297111016bin
Downloading https://repo.maven.apache.org/maven2/org/springframework/spring-context/6.1.2/spring-context-6.1.2.pom to /home/gradle/.gradle/.tmp/gradle_download12861352038445894967bin
Cache entries evicted. In-memory cache of /home/gradle/project/.gradle/8.5/checksums/sha1-checksums.bin: Size{328} MaxSize{400}, CacheStats{hitCount=183, missCount=331, loadSuccessCount=329, loadExceptionCount=0, totalLoadTime=1454163069, evictionCount=1} 
Performance may suffer from in-memory cache misses. Increase max heap size of Gradle build process to reduce cache misses.
Downloading https://repo.maven.apache.org/maven2/org/springframework/spring-beans/6.1.2/spring-beans-6.1.2.pom to /home/gradle/.gradle/.tmp/gradle_download15613465294232680396bin
Downloading https://repo.maven.apache.org/maven2/org/springframework/spring-tx/6.1.2/spring-tx-6.1.2.module to /home/gradle/.gradle/.tmp/gradle_download13694703737890535488bin
Downloading https://repo.maven.apache.org/maven2/org/springframework/spring-orm/6.1.2/spring-orm-6.1.2.module to /home/gradle/.gradle/.tmp/gradle_download14638612430119366050bin
Downloading https://repo.maven.apache.org/maven2/org/springframework/spring-context/6.1.2/spring-context-6.1.2.module to /home/gradle/.gradle/.tmp/gradle_download6595075588786932554bin
Downloading https://repo.maven.apache.org/maven2/org/springframework/spring-core/6.1.2/spring-core-6.1.2.pom to /home/gradle/.gradle/.tmp/gradle_download13089177270557722219bin
Downloading https://repo.maven.apache.org/maven2/org/springframework/spring-beans/6.1.2/spring-beans-6.1.2.module to /home/gradle/.gradle/.tmp/gradle_download12253710051951216774bin
Downloading https://repo.maven.apache.org/maven2/org/slf4j/slf4j-api/2.0.9/slf4j-api-2.0.9.pom to /home/gradle/.gradle/.tmp/gradle_download17511321924447108149bin
Downloading https://repo.maven.apache.org/maven2/org/springframework/spring-core/6.1.2/spring-core-6.1.2.module to /home/gradle/.gradle/.tmp/gradle_download11762660014026753545bin
Downloading https://repo.maven.apache.org/maven2/org/slf4j/slf4j-parent/2.0.9/slf4j-parent-2.0.9.pom to /home/gradle/.gradle/.tmp/gradle_download12073337990020963903bin
Downloading https://repo.maven.apache.org/maven2/org/slf4j/slf4j-bom/2.0.9/slf4j-bom-2.0.9.pom to /home/gradle/.gradle/.tmp/gradle_download12604924988272124012bin
Downloading https://repo.maven.apache.org/maven2/org/springframework/boot/spring-boot/3.2.1/spring-boot-3.2.1.pom to /home/gradle/.gradle/.tmp/gradle_download6565910368266882667bin
Downloading https://repo.maven.apache.org/maven2/org/yaml/snakeyaml/2.2/snakeyaml-2.2.pom to /home/gradle/.gradle/.tmp/gradle_download17314552884241939650bin
Downloading https://repo.maven.apache.org/maven2/org/springframework/boot/spring-boot-starter-logging/3.2.1/spring-boot-starter-logging-3.2.1.pom to /home/gradle/.gradle/.tmp/gradle_download2013658385134667308bin
Downloading https://repo.maven.apache.org/maven2/org/springframework/boot/spring-boot-autoconfigure/3.2.1/spring-boot-autoconfigure-3.2.1.pom to /home/gradle/.gradle/.tmp/gradle_download9945414445982650812bin
Downloading https://repo.maven.apache.org/maven2/org/springframework/boot/spring-boot/3.2.1/spring-boot-3.2.1.module to /home/gradle/.gradle/.tmp/gradle_download17404946304566874023bin
Downloading https://repo.maven.apache.org/maven2/org/springframework/boot/spring-boot-starter-logging/3.2.1/spring-boot-starter-logging-3.2.1.module to /home/gradle/.gradle/.tmp/gradle_download18321876228932284753bin
Downloading https://repo.maven.apache.org/maven2/org/springframework/boot/spring-boot-autoconfigure/3.2.1/spring-boot-autoconfigure-3.2.1.module to /home/gradle/.gradle/.tmp/gradle_download17895863210845270500bin
Downloading https://repo.maven.apache.org/maven2/jakarta/validation/jakarta.validation-api/3.0.2/jakarta.validation-api-3.0.2.pom to /home/gradle/.gradle/.tmp/gradle_download11397818346881771705bin
Downloading https://repo.maven.apache.org/maven2/com/fasterxml/jackson/datatype/jackson-datatype-jdk8/2.15.3/jackson-datatype-jdk8-2.15.3.pom to /home/gradle/.gradle/.tmp/gradle_download8077889532894494069bin
Downloading https://repo.maven.apache.org/maven2/com/fasterxml/jackson/module/jackson-module-parameter-names/2.15.3/jackson-module-parameter-names-2.15.3.pom to /home/gradle/.gradle/.tmp/gradle_download13462291831545975488bin
Downloading https://repo.maven.apache.org/maven2/com/fasterxml/jackson/datatype/jackson-datatype-jsr310/2.15.3/jackson-datatype-jsr310-2.15.3.pom to /home/gradle/.gradle/.tmp/gradle_download3011158225145688235bin
Downloading https://repo.maven.apache.org/maven2/com/fasterxml/jackson/core/jackson-databind/2.15.3/jackson-databind-2.15.3.pom to /home/gradle/.gradle/.tmp/gradle_download13472034288122895216bin
Downloading https://repo.maven.apache.org/maven2/com/fasterxml/jackson/module/jackson-modules-java8/2.15.3/jackson-modules-java8-2.15.3.pom to /home/gradle/.gradle/.tmp/gradle_download206163135295047555bin
Downloading https://repo.maven.apache.org/maven2/org/junit/junit-bom/5.9.2/junit-bom-5.9.2.pom to /home/gradle/.gradle/.tmp/gradle_download2548159723505607881bin
Downloading https://repo.maven.apache.org/maven2/com/fasterxml/jackson/datatype/jackson-datatype-jdk8/2.15.3/jackson-datatype-jdk8-2.15.3.module to /home/gradle/.gradle/.tmp/gradle_download9126561900531428126bin
Downloading https://repo.maven.apache.org/maven2/com/fasterxml/jackson/datatype/jackson-datatype-jsr310/2.15.3/jackson-datatype-jsr310-2.15.3.module to /home/gradle/.gradle/.tmp/gradle_download772993556301864500bin
Downloading https://repo.maven.apache.org/maven2/org/junit/junit-bom/5.9.2/junit-bom-5.9.2.module to /home/gradle/.gradle/.tmp/gradle_download1610612581550512232bin
Downloading https://repo.maven.apache.org/maven2/com/fasterxml/jackson/module/jackson-module-parameter-names/2.15.3/jackson-module-parameter-names-2.15.3.module to /home/gradle/.gradle/.tmp/gradle_download1247219563292296727bin
Downloading https://repo.maven.apache.org/maven2/com/fasterxml/jackson/core/jackson-databind/2.15.3/jackson-databind-2.15.3.module to /home/gradle/.gradle/.tmp/gradle_download8070775354309252292bin
Downloading https://repo.maven.apache.org/maven2/org/apache/tomcat/embed/tomcat-embed-core/10.1.17/tomcat-embed-core-10.1.17.pom to /home/gradle/.gradle/.tmp/gradle_download930435364710110658bin
Downloading https://repo.maven.apache.org/maven2/org/apache/tomcat/embed/tomcat-embed-websocket/10.1.17/tomcat-embed-websocket-10.1.17.pom to /home/gradle/.gradle/.tmp/gradle_download13849888013016858015bin
Downloading https://repo.maven.apache.org/maven2/io/micrometer/micrometer-observation/1.12.1/micrometer-observation-1.12.1.pom to /home/gradle/.gradle/.tmp/gradle_download10912751394756997934bin
Downloading https://repo.maven.apache.org/maven2/org/springframework/spring-expression/6.1.2/spring-expression-6.1.2.pom to /home/gradle/.gradle/.tmp/gradle_download5795253600606935154bin
Downloading https://repo.maven.apache.org/maven2/org/springframework/spring-expression/6.1.2/spring-expression-6.1.2.module to /home/gradle/.gradle/.tmp/gradle_download3436409705515355995bin
Downloading https://repo.maven.apache.org/maven2/com/fasterxml/jackson/core/jackson-core/2.15.3/jackson-core-2.15.3.pom to /home/gradle/.gradle/.tmp/gradle_download14034652369400476226bin
Downloading https://repo.maven.apache.org/maven2/com/fasterxml/jackson/core/jackson-core/2.15.3/jackson-core-2.15.3.module to /home/gradle/.gradle/.tmp/gradle_download3543570143403442718bin
Downloading https://repo.maven.apache.org/maven2/com/mysema/commons/mysema-commons-lang/0.2.4/mysema-commons-lang-0.2.4.pom to /home/gradle/.gradle/.tmp/gradle_download12771577852266608456bin
Downloading https://repo.maven.apache.org/maven2/com/mysema/home/mysema-source/0.3.0/mysema-source-0.3.0.pom to /home/gradle/.gradle/.tmp/gradle_download2850228083458243038bin
Downloading https://repo.maven.apache.org/maven2/org/eclipse/jdt/ecj/3.26.0/ecj-3.26.0.pom to /home/gradle/.gradle/.tmp/gradle_download4388338016144067889bin
Downloading https://repo.maven.apache.org/maven2/jakarta/activation/jakarta.activation-api/2.1.2/jakarta.activation-api-2.1.2.pom to /home/gradle/.gradle/.tmp/gradle_download9145393873438071589bin
Downloading https://repo.maven.apache.org/maven2/org/glassfish/jaxb/jaxb-core/4.0.4/jaxb-core-4.0.4.pom to /home/gradle/.gradle/.tmp/gradle_download16307013345093886192bin
Downloading https://repo.maven.apache.org/maven2/org/springframework/spring-jcl/6.1.2/spring-jcl-6.1.2.pom to /home/gradle/.gradle/.tmp/gradle_download12696152193601408089bin
Downloading https://repo.maven.apache.org/maven2/org/springframework/spring-jcl/6.1.2/spring-jcl-6.1.2.module to /home/gradle/.gradle/.tmp/gradle_download16891073488678037768bin
Downloading https://repo.maven.apache.org/maven2/org/apache/logging/log4j/log4j-to-slf4j/2.21.1/log4j-to-slf4j-2.21.1.pom to /home/gradle/.gradle/.tmp/gradle_download2453473255090459665bin
Downloading https://repo.maven.apache.org/maven2/org/slf4j/jul-to-slf4j/2.0.9/jul-to-slf4j-2.0.9.pom to /home/gradle/.gradle/.tmp/gradle_download17371163308326820517bin
Downloading https://repo.maven.apache.org/maven2/ch/qos/logback/logback-classic/1.4.14/logback-classic-1.4.14.pom to /home/gradle/.gradle/.tmp/gradle_download6360755135978540346bin
Downloading https://repo.maven.apache.org/maven2/org/apache/logging/log4j/log4j/2.21.1/log4j-2.21.1.pom to /home/gradle/.gradle/.tmp/gradle_download10569744077067779587bin
Downloading https://repo.maven.apache.org/maven2/ch/qos/logback/logback-parent/1.4.14/logback-parent-1.4.14.pom to /home/gradle/.gradle/.tmp/gradle_download2296715191819239404bin
Downloading https://repo.maven.apache.org/maven2/org/ow2/asm/asm-bom/9.5/asm-bom-9.5.pom to /home/gradle/.gradle/.tmp/gradle_download9528617284622934462bin
Downloading https://repo.maven.apache.org/maven2/org/ow2/ow2/1.5.1/ow2-1.5.1.pom to /home/gradle/.gradle/.tmp/gradle_download16568753635637980890bin
Downloading https://repo.maven.apache.org/maven2/org/codehaus/groovy/groovy-bom/3.0.19/groovy-bom-3.0.19.pom to /home/gradle/.gradle/.tmp/gradle_download5872447175973225150bin
Downloading https://repo.maven.apache.org/maven2/com/fasterxml/jackson/jackson-bom/2.15.2/jackson-bom-2.15.2.pom to /home/gradle/.gradle/.tmp/gradle_download3479067317899087075bin
Downloading https://repo.maven.apache.org/maven2/jakarta/platform/jakarta.jakartaee-bom/9.1.0/jakarta.jakartaee-bom-9.1.0.pom to /home/gradle/.gradle/.tmp/gradle_download3746164971540172513bin
Downloading https://repo.maven.apache.org/maven2/jakarta/platform/jakartaee-api-parent/9.1.0/jakartaee-api-parent-9.1.0.pom to /home/gradle/.gradle/.tmp/gradle_download3940723083301674620bin
Downloading https://repo.maven.apache.org/maven2/org/eclipse/jetty/jetty-bom/9.4.53.v20231009/jetty-bom-9.4.53.v20231009.pom to /home/gradle/.gradle/.tmp/gradle_download13046939424247252557bin
Downloading https://repo.maven.apache.org/maven2/org/junit/junit-bom/5.10.0/junit-bom-5.10.0.pom to /home/gradle/.gradle/.tmp/gradle_download10289120812202889232bin
Downloading https://repo.maven.apache.org/maven2/org/junit/junit-bom/5.10.0/junit-bom-5.10.0.module to /home/gradle/.gradle/.tmp/gradle_download14312825950501814842bin
Downloading https://repo.maven.apache.org/maven2/io/fabric8/kubernetes-client-bom/5.12.4/kubernetes-client-bom-5.12.4.pom to /home/gradle/.gradle/.tmp/gradle_download5860831416200243724bin
Downloading https://repo.maven.apache.org/maven2/org/mockito/mockito-bom/4.11.0/mockito-bom-4.11.0.pom to /home/gradle/.gradle/.tmp/gradle_download3749905774634857420bin
Downloading https://repo.maven.apache.org/maven2/io/netty/netty-bom/4.1.97.Final/netty-bom-4.1.97.Final.pom to /home/gradle/.gradle/.tmp/gradle_download8808186146663161595bin
Downloading https://repo.maven.apache.org/maven2/org/springframework/spring-framework-bom/5.3.29/spring-framework-bom-5.3.29.pom to /home/gradle/.gradle/.tmp/gradle_download7721630457623820051bin
Downloading https://repo.maven.apache.org/maven2/org/springframework/spring-framework-bom/5.3.29/spring-framework-bom-5.3.29.module to /home/gradle/.gradle/.tmp/gradle_download4498357758762540325bin
Downloading https://repo.maven.apache.org/maven2/com/fasterxml/jackson/core/jackson-annotations/2.15.3/jackson-annotations-2.15.3.pom to /home/gradle/.gradle/.tmp/gradle_download304968319815996573bin
Downloading https://repo.maven.apache.org/maven2/com/fasterxml/jackson/core/jackson-annotations/2.15.3/jackson-annotations-2.15.3.module to /home/gradle/.gradle/.tmp/gradle_download2972227782056396559bin
Downloading https://repo.maven.apache.org/maven2/io/micrometer/micrometer-commons/1.12.1/micrometer-commons-1.12.1.pom to /home/gradle/.gradle/.tmp/gradle_download3030521152132406443bin
Downloading https://repo.maven.apache.org/maven2/org/glassfish/jaxb/txw2/4.0.4/txw2-4.0.4.pom to /home/gradle/.gradle/.tmp/gradle_download16837338122367512025bin
Downloading https://repo.maven.apache.org/maven2/org/eclipse/angus/angus-activation/2.0.1/angus-activation-2.0.1.pom to /home/gradle/.gradle/.tmp/gradle_download3922606173680404868bin
Downloading https://repo.maven.apache.org/maven2/com/sun/istack/istack-commons-runtime/4.1.2/istack-commons-runtime-4.1.2.pom to /home/gradle/.gradle/.tmp/gradle_download11394559254104093565bin
Downloading https://repo.maven.apache.org/maven2/com/sun/istack/istack-commons/4.1.2/istack-commons-4.1.2.pom to /home/gradle/.gradle/.tmp/gradle_download2026076312709176489bin
Downloading https://repo.maven.apache.org/maven2/com/sun/xml/bind/mvn/jaxb-txw-parent/4.0.4/jaxb-txw-parent-4.0.4.pom to /home/gradle/.gradle/.tmp/gradle_download13436401337492157863bin
Downloading https://repo.maven.apache.org/maven2/org/eclipse/angus/angus-activation-project/2.0.1/angus-activation-project-2.0.1.pom to /home/gradle/.gradle/.tmp/gradle_download70654709221315265bin
Downloading https://repo.maven.apache.org/maven2/ch/qos/logback/logback-core/1.4.14/logback-core-1.4.14.pom to /home/gradle/.gradle/.tmp/gradle_download10361200314969089616bin
Downloading https://repo.maven.apache.org/maven2/org/apache/logging/log4j/log4j-api/2.21.1/log4j-api-2.21.1.pom to /home/gradle/.gradle/.tmp/gradle_download15162940288420110598bin
Excluding []
Downloading https://repo.maven.apache.org/maven2/org/springframework/boot/spring-boot-starter-data-jpa/3.2.1/spring-boot-starter-data-jpa-3.2.1.jar to /home/gradle/.gradle/.tmp/gradle_download8103523038615218574bin
Downloading https://repo.maven.apache.org/maven2/org/springframework/boot/spring-boot-starter-validation/3.2.1/spring-boot-starter-validation-3.2.1.jar to /home/gradle/.gradle/.tmp/gradle_download11689903624404641440bin
Downloading https://repo.maven.apache.org/maven2/com/querydsl/querydsl-apt/5.0.0/querydsl-apt-5.0.0-jakarta.jar to /home/gradle/.gradle/.tmp/gradle_download4522613140947257026bin
Downloading https://repo.maven.apache.org/maven2/org/springframework/boot/spring-boot-starter-web/3.2.1/spring-boot-starter-web-3.2.1.jar to /home/gradle/.gradle/.tmp/gradle_download3321266008291047858bin
Downloading https://repo.maven.apache.org/maven2/org/springframework/data/spring-data-jpa/3.2.1/spring-data-jpa-3.2.1.jar to /home/gradle/.gradle/.tmp/gradle_download3158828101825772560bin
Downloading https://repo.maven.apache.org/maven2/org/springframework/boot/spring-boot-starter-aop/3.2.1/spring-boot-starter-aop-3.2.1.jar to /home/gradle/.gradle/.tmp/gradle_download15232677036704793797bin
Downloading https://repo.maven.apache.org/maven2/org/springframework/boot/spring-boot-starter-jdbc/3.2.1/spring-boot-starter-jdbc-3.2.1.jar to /home/gradle/.gradle/.tmp/gradle_download1400261364843417271bin
Cache entries evicted. In-memory cache of /home/gradle/project/.gradle/8.5/checksums/sha1-checksums.bin: Size{389} MaxSize{400}, CacheStats{hitCount=287, missCount=434, loadSuccessCount=430, loadExceptionCount=0, totalLoadTime=1741080915, evictionCount=41} 
Performance may suffer from in-memory cache misses. Increase max heap size of Gradle build process to reduce cache misses.
Downloading https://repo.maven.apache.org/maven2/org/springframework/boot/spring-boot-starter-json/3.2.1/spring-boot-starter-json-3.2.1.jar to /home/gradle/.gradle/.tmp/gradle_download10578990023333318738bin
Downloading https://repo.maven.apache.org/maven2/org/springframework/boot/spring-boot-starter-tomcat/3.2.1/spring-boot-starter-tomcat-3.2.1.jar to /home/gradle/.gradle/.tmp/gradle_download7629163517731750446bin
Downloading https://repo.maven.apache.org/maven2/org/springframework/boot/spring-boot-starter/3.2.1/spring-boot-starter-3.2.1.jar to /home/gradle/.gradle/.tmp/gradle_download5380461555894354425bin
Downloading https://repo.maven.apache.org/maven2/jakarta/annotation/jakarta.annotation-api/2.1.1/jakarta.annotation-api-2.1.1.jar to /home/gradle/.gradle/.tmp/gradle_download14510796564835422154bin
Downloading https://repo.maven.apache.org/maven2/org/hibernate/orm/hibernate-core/6.4.1.Final/hibernate-core-6.4.1.Final.jar to /home/gradle/.gradle/.tmp/gradle_download16825143159899534702bin
Downloading https://repo.maven.apache.org/maven2/jakarta/persistence/jakarta.persistence-api/3.1.0/jakarta.persistence-api-3.1.0.jar to /home/gradle/.gradle/.tmp/gradle_download13712113345682552740bin
Downloading https://repo.maven.apache.org/maven2/org/projectlombok/lombok/1.18.30/lombok-1.18.30.jar to /home/gradle/.gradle/.tmp/gradle_download4366146647427341525bin
Downloading https://repo.maven.apache.org/maven2/org/flywaydb/flyway-core/9.22.3/flyway-core-9.22.3.jar to /home/gradle/.gradle/.tmp/gradle_download4692306747647112846bin
Downloading https://repo.maven.apache.org/maven2/com/querydsl/querydsl-jpa/5.0.0/querydsl-jpa-5.0.0-jakarta.jar to /home/gradle/.gradle/.tmp/gradle_download12256976061175888939bin
Downloading https://repo.maven.apache.org/maven2/com/querydsl/querydsl-codegen/5.0.0/querydsl-codegen-5.0.0.jar to /home/gradle/.gradle/.tmp/gradle_download15561202550415309509bin
Downloading https://repo.maven.apache.org/maven2/org/springframework/spring-aspects/6.1.2/spring-aspects-6.1.2.jar to /home/gradle/.gradle/.tmp/gradle_download3777089750105173589bin
Downloading https://repo.maven.apache.org/maven2/org/apache/tomcat/embed/tomcat-embed-el/10.1.17/tomcat-embed-el-10.1.17.jar to /home/gradle/.gradle/.tmp/gradle_download13696313454254732727bin
Downloading https://repo.maven.apache.org/maven2/org/hibernate/validator/hibernate-validator/8.0.1.Final/hibernate-validator-8.0.1.Final.jar to /home/gradle/.gradle/.tmp/gradle_download10397458428970215310bin
Downloading https://repo.maven.apache.org/maven2/org/springframework/spring-webmvc/6.1.2/spring-webmvc-6.1.2.jar to /home/gradle/.gradle/.tmp/gradle_download37306418963311919bin
Downloading https://repo.maven.apache.org/maven2/org/springframework/spring-web/6.1.2/spring-web-6.1.2.jar to /home/gradle/.gradle/.tmp/gradle_download17404913060092465112bin
Downloading https://repo.maven.apache.org/maven2/com/fasterxml/jackson/datatype/jackson-datatype-jdk8/2.15.3/jackson-datatype-jdk8-2.15.3.jar to /home/gradle/.gradle/.tmp/gradle_download7245026599349973140bin
Downloading https://repo.maven.apache.org/maven2/com/fasterxml/jackson/datatype/jackson-datatype-jsr310/2.15.3/jackson-datatype-jsr310-2.15.3.jar to /home/gradle/.gradle/.tmp/gradle_download4115861817042919926bin
Downloading https://repo.maven.apache.org/maven2/com/fasterxml/jackson/module/jackson-module-parameter-names/2.15.3/jackson-module-parameter-names-2.15.3.jar to /home/gradle/.gradle/.tmp/gradle_download15964920775293999641bin
Downloading https://repo.maven.apache.org/maven2/com/fasterxml/jackson/core/jackson-core/2.15.3/jackson-core-2.15.3.jar to /home/gradle/.gradle/.tmp/gradle_download4160669673215590433bin
Downloading https://repo.maven.apache.org/maven2/com/fasterxml/jackson/core/jackson-databind/2.15.3/jackson-databind-2.15.3.jar to /home/gradle/.gradle/.tmp/gradle_download13363324446814904781bin
Downloading https://repo.maven.apache.org/maven2/com/fasterxml/jackson/core/jackson-annotations/2.15.3/jackson-annotations-2.15.3.jar to /home/gradle/.gradle/.tmp/gradle_download17941355447951420367bin
Downloading https://repo.maven.apache.org/maven2/com/fasterxml/jackson/dataformat/jackson-dataformat-toml/2.15.3/jackson-dataformat-toml-2.15.3.jar to /home/gradle/.gradle/.tmp/gradle_download13837070806438695020bin
Downloading https://repo.maven.apache.org/maven2/com/google/code/gson/gson/2.10.1/gson-2.10.1.jar to /home/gradle/.gradle/.tmp/gradle_download1807090812411462646bin
Downloading https://repo.maven.apache.org/maven2/com/querydsl/querydsl-core/5.0.0/querydsl-core-5.0.0.jar to /home/gradle/.gradle/.tmp/gradle_download17989152984902754248bin
Downloading https://repo.maven.apache.org/maven2/com/querydsl/codegen-utils/5.0.0/codegen-utils-5.0.0.jar to /home/gradle/.gradle/.tmp/gradle_download6792224314640689697bin
Downloading https://repo.maven.apache.org/maven2/javax/inject/javax.inject/1/javax.inject-1.jar to /home/gradle/.gradle/.tmp/gradle_download16937820219211429615bin
Downloading https://repo.maven.apache.org/maven2/io/github/classgraph/classgraph/4.8.108/classgraph-4.8.108.jar to /home/gradle/.gradle/.tmp/gradle_download4188930753749327561bin
Downloading https://repo.maven.apache.org/maven2/org/springframework/boot/spring-boot-autoconfigure/3.2.1/spring-boot-autoconfigure-3.2.1.jar to /home/gradle/.gradle/.tmp/gradle_download8110740333559789253bin
Downloading https://repo.maven.apache.org/maven2/org/springframework/spring-context/6.1.2/spring-context-6.1.2.jar to /home/gradle/.gradle/.tmp/gradle_download4301038339162017065bin
Downloading https://repo.maven.apache.org/maven2/org/springframework/boot/spring-boot/3.2.1/spring-boot-3.2.1.jar to /home/gradle/.gradle/.tmp/gradle_download10840770909757667882bin
Downloading https://repo.maven.apache.org/maven2/org/springframework/spring-aop/6.1.2/spring-aop-6.1.2.jar to /home/gradle/.gradle/.tmp/gradle_download3803146287781612574bin
Downloading https://repo.maven.apache.org/maven2/org/aspectj/aspectjweaver/1.9.21/aspectjweaver-1.9.21.jar to /home/gradle/.gradle/.tmp/gradle_download12847246634622267918bin
Downloading https://repo.maven.apache.org/maven2/org/springframework/spring-orm/6.1.2/spring-orm-6.1.2.jar to /home/gradle/.gradle/.tmp/gradle_download3847871526659054673bin
Downloading https://repo.maven.apache.org/maven2/com/zaxxer/HikariCP/5.0.1/HikariCP-5.0.1.jar to /home/gradle/.gradle/.tmp/gradle_download13816977216537203066bin
Downloading https://repo.maven.apache.org/maven2/jakarta/transaction/jakarta.transaction-api/2.0.1/jakarta.transaction-api-2.0.1.jar to /home/gradle/.gradle/.tmp/gradle_download9683109458567041385bin
Downloading https://repo.maven.apache.org/maven2/org/springframework/spring-jdbc/6.1.2/spring-jdbc-6.1.2.jar to /home/gradle/.gradle/.tmp/gradle_download17798954097747978186bin
Downloading https://repo.maven.apache.org/maven2/org/springframework/data/spring-data-commons/3.2.1/spring-data-commons-3.2.1.jar to /home/gradle/.gradle/.tmp/gradle_download10841647521976049983bin
Downloading https://repo.maven.apache.org/maven2/org/springframework/spring-tx/6.1.2/spring-tx-6.1.2.jar to /home/gradle/.gradle/.tmp/gradle_download11527589329966474373bin
Downloading https://repo.maven.apache.org/maven2/org/springframework/spring-expression/6.1.2/spring-expression-6.1.2.jar to /home/gradle/.gradle/.tmp/gradle_download6335265899660612438bin
Downloading https://repo.maven.apache.org/maven2/org/springframework/spring-beans/6.1.2/spring-beans-6.1.2.jar to /home/gradle/.gradle/.tmp/gradle_download1346511838004668856bin
Downloading https://repo.maven.apache.org/maven2/org/springframework/spring-core/6.1.2/spring-core-6.1.2.jar to /home/gradle/.gradle/.tmp/gradle_download6537883089028857638bin
Downloading https://repo.maven.apache.org/maven2/org/springframework/boot/spring-boot-starter-logging/3.2.1/spring-boot-starter-logging-3.2.1.jar to /home/gradle/.gradle/.tmp/gradle_download3996841548828244276bin
Downloading https://repo.maven.apache.org/maven2/org/antlr/antlr4-runtime/4.13.0/antlr4-runtime-4.13.0.jar to /home/gradle/.gradle/.tmp/gradle_download15592145280790987219bin
Downloading https://repo.maven.apache.org/maven2/ch/qos/logback/logback-classic/1.4.14/logback-classic-1.4.14.jar to /home/gradle/.gradle/.tmp/gradle_download17084138064784119977bin
Downloading https://repo.maven.apache.org/maven2/org/apache/logging/log4j/log4j-to-slf4j/2.21.1/log4j-to-slf4j-2.21.1.jar to /home/gradle/.gradle/.tmp/gradle_download16811357146957765831bin
Downloading https://repo.maven.apache.org/maven2/org/yaml/snakeyaml/2.2/snakeyaml-2.2.jar to /home/gradle/.gradle/.tmp/gradle_download3289969307994701029bin
Downloading https://repo.maven.apache.org/maven2/org/slf4j/jul-to-slf4j/2.0.9/jul-to-slf4j-2.0.9.jar to /home/gradle/.gradle/.tmp/gradle_download1888701924264706834bin
Downloading https://repo.maven.apache.org/maven2/org/slf4j/slf4j-api/2.0.9/slf4j-api-2.0.9.jar to /home/gradle/.gradle/.tmp/gradle_download17922668936913013705bin
Downloading https://repo.maven.apache.org/maven2/jakarta/validation/jakarta.validation-api/3.0.2/jakarta.validation-api-3.0.2.jar to /home/gradle/.gradle/.tmp/gradle_download15905446528155992839bin
Downloading https://repo.maven.apache.org/maven2/org/jboss/logging/jboss-logging/3.5.3.Final/jboss-logging-3.5.3.Final.jar to /home/gradle/.gradle/.tmp/gradle_download11034455444134730361bin
Cache entries evicted. In-memory cache of /home/gradle/project/.gradle/8.5/checksums/sha1-checksums.bin: Size{400} MaxSize{400}, CacheStats{hitCount=287, missCount=485, loadSuccessCount=481, loadExceptionCount=0, totalLoadTime=2664983971, evictionCount=81} 
Performance may suffer from in-memory cache misses. Increase max heap size of Gradle build process to reduce cache misses.
Downloading https://repo.maven.apache.org/maven2/org/apache/tomcat/embed/tomcat-embed-core/10.1.17/tomcat-embed-core-10.1.17.jar to /home/gradle/.gradle/.tmp/gradle_download7513614055318226947bin
Downloading https://repo.maven.apache.org/maven2/com/fasterxml/classmate/1.6.0/classmate-1.6.0.jar to /home/gradle/.gradle/.tmp/gradle_download11038751149075846906bin
Downloading https://repo.maven.apache.org/maven2/org/apache/tomcat/embed/tomcat-embed-websocket/10.1.17/tomcat-embed-websocket-10.1.17.jar to /home/gradle/.gradle/.tmp/gradle_download16678574469738799593bin
Downloading https://repo.maven.apache.org/maven2/io/micrometer/micrometer-observation/1.12.1/micrometer-observation-1.12.1.jar to /home/gradle/.gradle/.tmp/gradle_download7917592364825599064bin
Downloading https://repo.maven.apache.org/maven2/com/mysema/commons/mysema-commons-lang/0.2.4/mysema-commons-lang-0.2.4.jar to /home/gradle/.gradle/.tmp/gradle_download15859851351178663506bin
Downloading https://repo.maven.apache.org/maven2/org/eclipse/jdt/ecj/3.26.0/ecj-3.26.0.jar to /home/gradle/.gradle/.tmp/gradle_download8827392707158859945bin
Downloading https://repo.maven.apache.org/maven2/org/springframework/spring-jcl/6.1.2/spring-jcl-6.1.2.jar to /home/gradle/.gradle/.tmp/gradle_download3346268660045707418bin
Downloading https://repo.maven.apache.org/maven2/io/micrometer/micrometer-commons/1.12.1/micrometer-commons-1.12.1.jar to /home/gradle/.gradle/.tmp/gradle_download10762226905377531543bin
Downloading https://repo.maven.apache.org/maven2/ch/qos/logback/logback-core/1.4.14/logback-core-1.4.14.jar to /home/gradle/.gradle/.tmp/gradle_download779523949509870160bin
Downloading https://repo.maven.apache.org/maven2/org/apache/logging/log4j/log4j-api/2.21.1/log4j-api-2.21.1.jar to /home/gradle/.gradle/.tmp/gradle_download3342591470297435693bin
Excluding []
Caching disabled for task ':compileJava' because:
  Build cache is disabled
Skipping task ':compileJava' as it is up-to-date.

> Task :compileJava UP-TO-DATE
Resolve mutations for :processResources (Thread[Execution worker,5,main]) started.
:processResources (Thread[Execution worker,5,main]) started.

> Task :processResources UP-TO-DATE
Caching disabled for task ':processResources' because:
  Build cache is disabled
Skipping task ':processResources' as it is up-to-date.
Resolve mutations for :classes (Thread[Execution worker,5,main]) started.
:classes (Thread[Execution worker,5,main]) started.

> Task :classes UP-TO-DATE
Skipping task ':classes' as it has no actions.
Resolve mutations for :compileTestJava (Thread[Execution worker,5,main]) started.
:compileTestJava (Thread[Execution worker,5,main]) started.

> Task :compileTestJava
Downloading https://repo.maven.apache.org/maven2/org/springframework/boot/spring-boot-starter-test/3.2.1/spring-boot-starter-test-3.2.1.pom to /home/gradle/.gradle/.tmp/gradle_download6074028800096744231bin
Downloading https://repo.maven.apache.org/maven2/org/springframework/boot/spring-boot-starter-test/3.2.1/spring-boot-starter-test-3.2.1.module to /home/gradle/.gradle/.tmp/gradle_download12854391764454116312bin
Downloading https://repo.maven.apache.org/maven2/org/springframework/boot/spring-boot-test/3.2.1/spring-boot-test-3.2.1.pom to /home/gradle/.gradle/.tmp/gradle_download13046457875621982880bin
Downloading https://repo.maven.apache.org/maven2/com/jayway/jsonpath/json-path/2.8.0/json-path-2.8.0.pom to /home/gradle/.gradle/.tmp/gradle_download8111185634889976713bin
Downloading https://repo.maven.apache.org/maven2/org/springframework/boot/spring-boot-test-autoconfigure/3.2.1/spring-boot-test-autoconfigure-3.2.1.pom to /home/gradle/.gradle/.tmp/gradle_download3608213844961803999bin
Downloading https://repo.maven.apache.org/maven2/net/minidev/json-smart/2.5.0/json-smart-2.5.0.pom to /home/gradle/.gradle/.tmp/gradle_download9763449923185857609bin
Downloading https://repo.maven.apache.org/maven2/org/springframework/boot/spring-boot-test-autoconfigure/3.2.1/spring-boot-test-autoconfigure-3.2.1.module to /home/gradle/.gradle/.tmp/gradle_download18322896076202590748bin
Downloading https://repo.maven.apache.org/maven2/org/assertj/assertj-core/3.24.2/assertj-core-3.24.2.pom to /home/gradle/.gradle/.tmp/gradle_download11869089883582540925bin
Downloading https://repo.maven.apache.org/maven2/com/jayway/jsonpath/json-path/2.8.0/json-path-2.8.0.module to /home/gradle/.gradle/.tmp/gradle_download2587845349413229155bin
Downloading https://repo.maven.apache.org/maven2/org/springframework/boot/spring-boot-test/3.2.1/spring-boot-test-3.2.1.module to /home/gradle/.gradle/.tmp/gradle_download9319207029764301478bin
Downloading https://repo.maven.apache.org/maven2/org/hamcrest/hamcrest/2.2/hamcrest-2.2.pom to /home/gradle/.gradle/.tmp/gradle_download18067992726753268081bin
Downloading https://repo.maven.apache.org/maven2/org/awaitility/awaitility/4.2.0/awaitility-4.2.0.pom to /home/gradle/.gradle/.tmp/gradle_download13278836454682052059bin
Downloading https://repo.maven.apache.org/maven2/org/junit/jupiter/junit-jupiter/5.10.1/junit-jupiter-5.10.1.pom to /home/gradle/.gradle/.tmp/gradle_download15082630592188096959bin
Downloading https://repo.maven.apache.org/maven2/org/assertj/assertj-parent/3.24.2/assertj-parent-3.24.2.pom to /home/gradle/.gradle/.tmp/gradle_download10565853718572471353bin
Downloading https://repo.maven.apache.org/maven2/org/awaitility/awaitility-parent/4.2.0/awaitility-parent-4.2.0.pom to /home/gradle/.gradle/.tmp/gradle_download10798688995240106692bin
Downloading https://repo.maven.apache.org/maven2/org/assertj/assertj-build/3.24.2/assertj-build-3.24.2.pom to /home/gradle/.gradle/.tmp/gradle_download7202294148551832097bin
Downloading https://repo.maven.apache.org/maven2/org/mockito/mockito-core/5.7.0/mockito-core-5.7.0.pom to /home/gradle/.gradle/.tmp/gradle_download10288186886943919104bin
Downloading https://repo.maven.apache.org/maven2/org/junit/jupiter/junit-jupiter/5.10.1/junit-jupiter-5.10.1.module to /home/gradle/.gradle/.tmp/gradle_download17346095229960939490bin
Downloading https://repo.maven.apache.org/maven2/org/mockito/mockito-junit-jupiter/5.7.0/mockito-junit-jupiter-5.7.0.pom to /home/gradle/.gradle/.tmp/gradle_download10684053487783402342bin
Downloading https://repo.maven.apache.org/maven2/org/skyscreamer/jsonassert/1.5.1/jsonassert-1.5.1.pom to /home/gradle/.gradle/.tmp/gradle_download2780134599408014166bin
Downloading https://repo.maven.apache.org/maven2/org/springframework/spring-test/6.1.2/spring-test-6.1.2.pom to /home/gradle/.gradle/.tmp/gradle_download2121178804406951624bin
Found locally available resource with matching checksum: [https://repo.maven.apache.org/maven2/org/junit/junit-bom/5.9.1/junit-bom-5.9.1.pom, /home/gradle/.gradle/caches/modules-2/files-2.1/org.junit/junit-bom/5.9.1/ce71051be5ac4cea4e06a25fc100a0e64bcf6a1c/junit-bom-5.9.1.pom]
Downloading https://repo.maven.apache.org/maven2/org/xmlunit/xmlunit-core/2.9.1/xmlunit-core-2.9.1.pom to /home/gradle/.gradle/.tmp/gradle_download16380843984524866313bin
Downloading https://repo.maven.apache.org/maven2/org/springframework/spring-test/6.1.2/spring-test-6.1.2.module to /home/gradle/.gradle/.tmp/gradle_download3553217111491215978bin
Found locally available resource with matching checksum: [https://repo.maven.apache.org/maven2/org/junit/junit-bom/5.9.1/junit-bom-5.9.1.module, /home/gradle/.gradle/caches/modules-2/files-2.1/org.junit/junit-bom/5.9.1/aa05de0691bfa54aa1ef72b25bbb0fcfd6ec480b/junit-bom-5.9.1.module]
Cache entries evicted. In-memory cache of /home/gradle/project/.gradle/8.5/checksums/sha1-checksums.bin: Size{400} MaxSize{400}, CacheStats{hitCount=295, missCount=525, loadSuccessCount=521, loadExceptionCount=0, totalLoadTime=3077360240, evictionCount=121} 
Performance may suffer from in-memory cache misses. Increase max heap size of Gradle build process to reduce cache misses.
Downloading https://repo.maven.apache.org/maven2/org/xmlunit/xmlunit-parent/2.9.1/xmlunit-parent-2.9.1.pom to /home/gradle/.gradle/.tmp/gradle_download18208590255250757400bin
Downloading https://repo.maven.apache.org/maven2/net/minidev/accessors-smart/2.5.0/accessors-smart-2.5.0.pom to /home/gradle/.gradle/.tmp/gradle_download15719848003052654445bin
Downloading https://repo.maven.apache.org/maven2/org/junit/jupiter/junit-jupiter-api/5.10.1/junit-jupiter-api-5.10.1.pom to /home/gradle/.gradle/.tmp/gradle_download4566581370102167339bin
Downloading https://repo.maven.apache.org/maven2/org/junit/jupiter/junit-jupiter-engine/5.10.1/junit-jupiter-engine-5.10.1.pom to /home/gradle/.gradle/.tmp/gradle_download1770058274777440519bin
Downloading https://repo.maven.apache.org/maven2/org/junit/jupiter/junit-jupiter-params/5.10.1/junit-jupiter-params-5.10.1.pom to /home/gradle/.gradle/.tmp/gradle_download10352097063027185108bin
Downloading https://repo.maven.apache.org/maven2/org/junit/jupiter/junit-jupiter-api/5.10.1/junit-jupiter-api-5.10.1.module to /home/gradle/.gradle/.tmp/gradle_download17781010681787020140bin
Downloading https://repo.maven.apache.org/maven2/org/junit/jupiter/junit-jupiter-params/5.10.1/junit-jupiter-params-5.10.1.module to /home/gradle/.gradle/.tmp/gradle_download7591864850828431931bin
Downloading https://repo.maven.apache.org/maven2/org/junit/jupiter/junit-jupiter-engine/5.10.1/junit-jupiter-engine-5.10.1.module to /home/gradle/.gradle/.tmp/gradle_download477162825185651465bin
Downloading https://repo.maven.apache.org/maven2/org/objenesis/objenesis/3.3/objenesis-3.3.pom to /home/gradle/.gradle/.tmp/gradle_download17165643945504148962bin
Downloading https://repo.maven.apache.org/maven2/net/bytebuddy/byte-buddy-agent/1.14.10/byte-buddy-agent-1.14.10.pom to /home/gradle/.gradle/.tmp/gradle_download16504485076979179589bin
Downloading https://repo.maven.apache.org/maven2/org/objenesis/objenesis-parent/3.3/objenesis-parent-3.3.pom to /home/gradle/.gradle/.tmp/gradle_download1330085742392567201bin
Downloading https://repo.maven.apache.org/maven2/com/vaadin/external/google/android-json/0.0.20131108.vaadin1/android-json-0.0.20131108.vaadin1.pom to /home/gradle/.gradle/.tmp/gradle_download10512342749406432295bin
Downloading https://repo.maven.apache.org/maven2/org/ow2/asm/asm/9.3/asm-9.3.pom to /home/gradle/.gradle/.tmp/gradle_download6425304507043713515bin
Downloading https://repo.maven.apache.org/maven2/org/ow2/ow2/1.5/ow2-1.5.pom to /home/gradle/.gradle/.tmp/gradle_download10894559663214807163bin
Downloading https://repo.maven.apache.org/maven2/org/opentest4j/opentest4j/1.3.0/opentest4j-1.3.0.pom to /home/gradle/.gradle/.tmp/gradle_download17150826628716189262bin
Downloading https://repo.maven.apache.org/maven2/org/opentest4j/opentest4j/1.3.0/opentest4j-1.3.0.module to /home/gradle/.gradle/.tmp/gradle_download18393808691216186677bin
Downloading https://repo.maven.apache.org/maven2/org/junit/platform/junit-platform-commons/1.10.1/junit-platform-commons-1.10.1.pom to /home/gradle/.gradle/.tmp/gradle_download11531874421776358169bin
Downloading https://repo.maven.apache.org/maven2/org/junit/platform/junit-platform-commons/1.10.1/junit-platform-commons-1.10.1.module to /home/gradle/.gradle/.tmp/gradle_download452327502119563408bin
Downloading https://repo.maven.apache.org/maven2/org/junit/platform/junit-platform-engine/1.10.1/junit-platform-engine-1.10.1.pom to /home/gradle/.gradle/.tmp/gradle_download1115346544664016389bin
Downloading https://repo.maven.apache.org/maven2/org/junit/platform/junit-platform-engine/1.10.1/junit-platform-engine-1.10.1.module to /home/gradle/.gradle/.tmp/gradle_download10014464124140266643bin
Excluding []
Downloading https://repo.maven.apache.org/maven2/org/apiguardian/apiguardian-api/1.1.2/apiguardian-api-1.1.2.pom to /home/gradle/.gradle/.tmp/gradle_download14594504176904308454bin
Downloading https://repo.maven.apache.org/maven2/org/apiguardian/apiguardian-api/1.1.2/apiguardian-api-1.1.2.module to /home/gradle/.gradle/.tmp/gradle_download17774848339536517213bin
Downloading https://repo.maven.apache.org/maven2/org/springframework/boot/spring-boot-starter-test/3.2.1/spring-boot-starter-test-3.2.1.jar to /home/gradle/.gradle/.tmp/gradle_download5405874801946409828bin
Downloading https://repo.maven.apache.org/maven2/org/springframework/boot/spring-boot-test/3.2.1/spring-boot-test-3.2.1.jar to /home/gradle/.gradle/.tmp/gradle_download9310070448478857935bin
Downloading https://repo.maven.apache.org/maven2/com/jayway/jsonpath/json-path/2.8.0/json-path-2.8.0.jar to /home/gradle/.gradle/.tmp/gradle_download11491652874317032561bin
Downloading https://repo.maven.apache.org/maven2/org/springframework/boot/spring-boot-test-autoconfigure/3.2.1/spring-boot-test-autoconfigure-3.2.1.jar to /home/gradle/.gradle/.tmp/gradle_download6128960731015356663bin
Downloading https://repo.maven.apache.org/maven2/jakarta/xml/bind/jakarta.xml.bind-api/4.0.1/jakarta.xml.bind-api-4.0.1.jar to /home/gradle/.gradle/.tmp/gradle_download1789128318383299678bin
Downloading https://repo.maven.apache.org/maven2/net/minidev/json-smart/2.5.0/json-smart-2.5.0.jar to /home/gradle/.gradle/.tmp/gradle_download698972985974802391bin
Downloading https://repo.maven.apache.org/maven2/org/assertj/assertj-core/3.24.2/assertj-core-3.24.2.jar to /home/gradle/.gradle/.tmp/gradle_download11033284176539525752bin
Downloading https://repo.maven.apache.org/maven2/org/awaitility/awaitility/4.2.0/awaitility-4.2.0.jar to /home/gradle/.gradle/.tmp/gradle_download5347487101466671502bin
Downloading https://repo.maven.apache.org/maven2/org/hamcrest/hamcrest/2.2/hamcrest-2.2.jar to /home/gradle/.gradle/.tmp/gradle_download18112722299518843687bin
Downloading https://repo.maven.apache.org/maven2/org/junit/jupiter/junit-jupiter-params/5.10.1/junit-jupiter-params-5.10.1.jar to /home/gradle/.gradle/.tmp/gradle_download12286779363429180071bin
Downloading https://repo.maven.apache.org/maven2/org/junit/jupiter/junit-jupiter-api/5.10.1/junit-jupiter-api-5.10.1.jar to /home/gradle/.gradle/.tmp/gradle_download11690867241373828110bin
Downloading https://repo.maven.apache.org/maven2/org/junit/platform/junit-platform-commons/1.10.1/junit-platform-commons-1.10.1.jar to /home/gradle/.gradle/.tmp/gradle_download1509508175748413971bin
Downloading https://repo.maven.apache.org/maven2/org/junit/jupiter/junit-jupiter/5.10.1/junit-jupiter-5.10.1.jar to /home/gradle/.gradle/.tmp/gradle_download2030473378342979363bin
Downloading https://repo.maven.apache.org/maven2/org/mockito/mockito-junit-jupiter/5.7.0/mockito-junit-jupiter-5.7.0.jar to /home/gradle/.gradle/.tmp/gradle_download18220522952498771490bin
Downloading https://repo.maven.apache.org/maven2/org/mockito/mockito-core/5.7.0/mockito-core-5.7.0.jar to /home/gradle/.gradle/.tmp/gradle_download10060075057449813330bin
Downloading https://repo.maven.apache.org/maven2/org/skyscreamer/jsonassert/1.5.1/jsonassert-1.5.1.jar to /home/gradle/.gradle/.tmp/gradle_download17815937389375477177bin
Downloading https://repo.maven.apache.org/maven2/org/springframework/spring-test/6.1.2/spring-test-6.1.2.jar to /home/gradle/.gradle/.tmp/gradle_download9636455369840192650bin
Cache entries evicted. In-memory cache of /home/gradle/project/.gradle/8.5/checksums/sha1-checksums.bin: Size{400} MaxSize{400}, CacheStats{hitCount=304, missCount=565, loadSuccessCount=561, loadExceptionCount=0, totalLoadTime=3130580812, evictionCount=161} 
Performance may suffer from in-memory cache misses. Increase max heap size of Gradle build process to reduce cache misses.
Downloading https://repo.maven.apache.org/maven2/org/xmlunit/xmlunit-core/2.9.1/xmlunit-core-2.9.1.jar to /home/gradle/.gradle/.tmp/gradle_download13640390207341615529bin
Downloading https://repo.maven.apache.org/maven2/jakarta/activation/jakarta.activation-api/2.1.2/jakarta.activation-api-2.1.2.jar to /home/gradle/.gradle/.tmp/gradle_download244568757362031425bin
Downloading https://repo.maven.apache.org/maven2/net/minidev/accessors-smart/2.5.0/accessors-smart-2.5.0.jar to /home/gradle/.gradle/.tmp/gradle_download15717642020153142206bin
Downloading https://repo.maven.apache.org/maven2/net/bytebuddy/byte-buddy/1.14.10/byte-buddy-1.14.10.jar to /home/gradle/.gradle/.tmp/gradle_download13364236629168661244bin
Downloading https://repo.maven.apache.org/maven2/net/bytebuddy/byte-buddy-agent/1.14.10/byte-buddy-agent-1.14.10.jar to /home/gradle/.gradle/.tmp/gradle_download6012037762511622270bin
Downloading https://repo.maven.apache.org/maven2/com/vaadin/external/google/android-json/0.0.20131108.vaadin1/android-json-0.0.20131108.vaadin1.jar to /home/gradle/.gradle/.tmp/gradle_download2129403568125344519bin
Downloading https://repo.maven.apache.org/maven2/org/ow2/asm/asm/9.3/asm-9.3.jar to /home/gradle/.gradle/.tmp/gradle_download15765606869042224510bin
Downloading https://repo.maven.apache.org/maven2/org/apiguardian/apiguardian-api/1.1.2/apiguardian-api-1.1.2.jar to /home/gradle/.gradle/.tmp/gradle_download7084619118144348893bin
Downloading https://repo.maven.apache.org/maven2/org/opentest4j/opentest4j/1.3.0/opentest4j-1.3.0.jar to /home/gradle/.gradle/.tmp/gradle_download2295832102507288703bin
Excluding []
Caching disabled for task ':compileTestJava' because:
  Build cache is disabled
Skipping task ':compileTestJava' as it is up-to-date.

> Task :compileTestJava UP-TO-DATE
Resolve mutations for :processTestResources (Thread[Execution worker,5,main]) started.
:processTestResources (Thread[Execution worker,5,main]) started.

> Task :processTestResources UP-TO-DATE
Caching disabled for task ':processTestResources' because:
  Build cache is disabled
Skipping task ':processTestResources' as it is up-to-date.
Resolve mutations for :testClasses (Thread[Execution worker,5,main]) started.
:testClasses (Thread[Execution worker,5,main]) started.

> Task :testClasses UP-TO-DATE
Skipping task ':testClasses' as it has no actions.
Resolve mutations for :test (Thread[Execution worker,5,main]) started.
:test (Thread[Execution worker,5,main]) started.

> Task :test
Downloading https://repo.maven.apache.org/maven2/com/h2database/h2/2.2.224/h2-2.2.224.pom to /home/gradle/.gradle/.tmp/gradle_download11832774506287929641bin
Downloading https://repo.maven.apache.org/maven2/org/postgresql/postgresql/42.6.0/postgresql-42.6.0.pom to /home/gradle/.gradle/.tmp/gradle_download9365657304499496677bin
Downloading https://repo.maven.apache.org/maven2/org/checkerframework/checker-qual/3.31.0/checker-qual-3.31.0.pom to /home/gradle/.gradle/.tmp/gradle_download17517325951834056927bin
Downloading https://repo.maven.apache.org/maven2/org/checkerframework/checker-qual/3.31.0/checker-qual-3.31.0.module to /home/gradle/.gradle/.tmp/gradle_download8395112666858764058bin
Excluding []
Downloading https://repo.maven.apache.org/maven2/com/h2database/h2/2.2.224/h2-2.2.224.jar to /home/gradle/.gradle/.tmp/gradle_download5257083448565449854bin
Downloading https://repo.maven.apache.org/maven2/org/postgresql/postgresql/42.6.0/postgresql-42.6.0.jar to /home/gradle/.gradle/.tmp/gradle_download13005236746809935428bin
Downloading https://repo.maven.apache.org/maven2/org/checkerframework/checker-qual/3.31.0/checker-qual-3.31.0.jar to /home/gradle/.gradle/.tmp/gradle_download10188117158857056653bin
Downloading https://repo.maven.apache.org/maven2/org/glassfish/jaxb/jaxb-runtime/4.0.4/jaxb-runtime-4.0.4.jar to /home/gradle/.gradle/.tmp/gradle_download8576869443357703892bin
Downloading https://repo.maven.apache.org/maven2/org/glassfish/jaxb/jaxb-core/4.0.4/jaxb-core-4.0.4.jar to /home/gradle/.gradle/.tmp/gradle_download8051127187435785051bin
Downloading https://repo.maven.apache.org/maven2/org/junit/jupiter/junit-jupiter-engine/5.10.1/junit-jupiter-engine-5.10.1.jar to /home/gradle/.gradle/.tmp/gradle_download17391220249263198331bin
Downloading https://repo.maven.apache.org/maven2/org/hibernate/common/hibernate-commons-annotations/6.0.6.Final/hibernate-commons-annotations-6.0.6.Final.jar to /home/gradle/.gradle/.tmp/gradle_download1990860580567975610bin
Downloading https://repo.maven.apache.org/maven2/org/junit/platform/junit-platform-engine/1.10.1/junit-platform-engine-1.10.1.jar to /home/gradle/.gradle/.tmp/gradle_download11197982185719023343bin
Downloading https://repo.maven.apache.org/maven2/io/smallrye/jandex/3.1.2/jandex-3.1.2.jar to /home/gradle/.gradle/.tmp/gradle_download13937189370826393443bin
Downloading https://repo.maven.apache.org/maven2/jakarta/inject/jakarta.inject-api/2.0.1/jakarta.inject-api-2.0.1.jar to /home/gradle/.gradle/.tmp/gradle_download1660275717625986732bin
Downloading https://repo.maven.apache.org/maven2/org/objenesis/objenesis/3.3/objenesis-3.3.jar to /home/gradle/.gradle/.tmp/gradle_download3268261495442241052bin
Downloading https://repo.maven.apache.org/maven2/org/glassfish/jaxb/txw2/4.0.4/txw2-4.0.4.jar to /home/gradle/.gradle/.tmp/gradle_download1961404613542535666bin
Downloading https://repo.maven.apache.org/maven2/com/sun/istack/istack-commons-runtime/4.1.2/istack-commons-runtime-4.1.2.jar to /home/gradle/.gradle/.tmp/gradle_download16395442891163103148bin
Downloading https://repo.maven.apache.org/maven2/org/eclipse/angus/angus-activation/2.0.1/angus-activation-2.0.1.jar to /home/gradle/.gradle/.tmp/gradle_download12395534010467980558bin
Caching disabled for task ':test' because:
  Build cache is disabled
Task ':test' is not up-to-date because:
  Task has failed previously.
Starting process 'Gradle Test Executor 1'. Working directory: /home/gradle/project Command: /opt/java/openjdk/bin/java -Dorg.gradle.internal.worker.tmpdir=/home/gradle/project/build/tmp/test/work -Dorg.gradle.native=false @/home/gradle/.gradle/.tmp/gradle-worker-classpath10268953065422077031txt -Xmx512m -Dfile.encoding=UTF-8 -Duser.country=US -Duser.language=en -Duser.variant -ea worker.org.gradle.process.internal.worker.GradleWorkerMain 'Gradle Test Executor 1'
Successfully started process 'Gradle Test Executor 1'

Gradle Test Executor 1 started executing tests.

> Task :test

TermControllerTest STANDARD_OUT
    03:57:32.840 [Test worker] INFO org.springframework.test.context.support.AnnotationConfigContextLoaderUtils -- Could not detect default configuration classes for test class [com.sorin.glossary.domain.term.presentation.TermControllerTest]: TermControllerTest does not declare any static, non-private, non-final, nested classes annotated with @Configuration.
    03:57:34.698 [Test worker] INFO org.springframework.boot.test.context.SpringBootTestContextBootstrapper -- Found @SpringBootConfiguration com.sorin.glossary.GlossaryApplication for test class com.sorin.glossary.domain.term.presentation.TermControllerTest

      .   ____          _            __ _ _
     /\\ / ___'_ __ _ _(_)_ __  __ _ \ \ \ \
    ( ( )\___ | '_ | '_| | '_ \/ _` | \ \ \ \
     \\/  ___)| |_)| | | | | || (_| |  ) ) ) )
      '  |____| .__|_| |_|_| |_\__, | / / / /
     =========|_|==============|___/=/_/_/_/
     :: Spring Boot ::                (v3.2.1)

    2025-12-23T03:57:41.017Z  INFO 165 --- [glossary-service] [    Test worker] c.s.g.d.t.p.TermControllerTest           : Starting TermControllerTest using Java 17.0.10 with PID 165 (started by root in /home/gradle/project)
    2025-12-23T03:57:41.024Z  INFO 165 --- [glossary-service] [    Test worker] c.s.g.d.t.p.TermControllerTest           : No active profile set, falling back to 1 default profile: "default"

OpenJDK 64-Bit Server VM warning: Sharing is only supported for boot loader classes because bootstrap classpath has been appended

> Task :test
    2025-12-23T03:58:03.472Z  INFO 165 --- [glossary-service] [    Test worker] o.s.b.t.m.w.SpringBootMockServletContext : Initializing Spring TestDispatcherServlet ''
    2025-12-23T03:58:03.472Z  INFO 165 --- [glossary-service] [    Test worker] o.s.t.web.servlet.TestDispatcherServlet  : Initializing Servlet ''
    2025-12-23T03:58:03.491Z  INFO 165 --- [glossary-service] [    Test worker] o.s.t.web.servlet.TestDispatcherServlet  : Completed initialization in 17 ms
    2025-12-23T03:58:03.695Z  INFO 165 --- [glossary-service] [    Test worker] c.s.g.d.t.p.TermControllerTest           : Started TermControllerTest in 27.944 seconds (process running for 36.372)

TermControllerTest >   API Test STANDARD_OUT

    MockHttpServletRequest:
          HTTP Method = GET
          Request URI = /api/v1/terms
           Parameters = {keyword=[], page=[0], size=[10]}
              Headers = []
                 Body = null
        Session Attrs = {}

    Handler:
                 Type = com.sorin.glossary.domain.term.presentation.TermController
               Method = com.sorin.glossary.domain.term.presentation.TermController#searchTerms(TermSearchCondition, Pageable)

    Async:
        Async started = false
         Async result = null

    Resolved Exception:
                 Type = org.springframework.http.converter.HttpMessageNotWritableException

    ModelAndView:
            View name = null
                 View = null
                Model = null

    FlashMap:
           Attributes = null

    MockHttpServletResponse:
               Status = 500
        Error message = null
              Headers = [Content-Type:"application/json"]
         Content type = application/json
                 Body = {"type":"about:blank","title":"Internal Server Error","status":500,"detail":"Failed to write request","instance":"/api/v1/terms"}
        Forwarded URL = null
       Redirected URL = null
              Cookies = []

    MockHttpServletRequest:
          HTTP Method = GET
          Request URI = /api/v1/terms
           Parameters = {keyword=[], page=[0], size=[10]}
              Headers = []
                 Body = null
        Session Attrs = {}

    Handler:
                 Type = com.sorin.glossary.domain.term.presentation.TermController
               Method = com.sorin.glossary.domain.term.presentation.TermController#searchTerms(TermSearchCondition, Pageable)

    Async:
        Async started = false
         Async result = null

    Resolved Exception:
                 Type = org.springframework.http.converter.HttpMessageNotWritableException

    ModelAndView:
            View name = null
                 View = null
                Model = null

    FlashMap:
           Attributes = null

    MockHttpServletResponse:
               Status = 500
        Error message = null
              Headers = [Content-Type:"application/json"]
         Content type = application/json
                 Body = {"type":"about:blank","title":"Internal Server Error","status":500,"detail":"Failed to write request","instance":"/api/v1/terms"}
        Forwarded URL = null
       Redirected URL = null
              Cookies = []

Gradle Test Executor 1 finished executing tests.

> Task :test FAILED

TermControllerTest >   API Test FAILED
    java.lang.AssertionError: Status expected:<200> but was:<500>
        at org.springframework.test.util.AssertionErrors.fail(AssertionErrors.java:59)
        at org.springframework.test.util.AssertionErrors.assertEquals(AssertionErrors.java:122)
        at org.springframework.test.web.servlet.result.StatusResultMatchers.lambda$matcher$9(StatusResultMatchers.java:637)
        at org.springframework.test.web.servlet.MockMvc$1.andExpect(MockMvc.java:214)
        at com.sorin.glossary.domain.term.presentation.TermControllerTest.searchTerms(TermControllerTest.java:55)
Finished generating test XML results (0.071 secs) into: /home/gradle/project/build/test-results/test
Generating HTML test report...
Finished generating test html results (0.184 secs) into: /home/gradle/project/build/reports/tests/test

Deprecated Gradle features were used in this build, making it incompatible with Gradle 9.0.

You can use '--warning-mode all' to show the individual deprecation warnings and determine if they come from your own scripts or plugins.

For more on this, please refer to https://docs.gradle.org/8.5/userguide/command_line_interface.html#sec:command_line_warnings in the Gradle documentation.
5 actionable tasks: 1 executed, 4 up-to-date
Some of the file system contents retained in the virtual file system are on file systems that Gradle doesn't support watching. The relevant state was discarded to ensure changes to these locations are properly detected. You can override this by explicitly enabling file system watching.

1 test completed, 1 failed

FAILURE: Build failed with an exception.

* What went wrong:
Execution failed for task ':test'.
> There were failing tests. See the report at: file:///home/gradle/project/build/reports/tests/test/index.html

* Try:
> Run with --scan to get full insights.

BUILD FAILED in 1m 21s
